SecCoreStartupWithStack(0xFFFCC000, 0x820000)
Register PPI Notify: DCD0BE23-9586-40F4-B643-06522CED4EDE
Install PPI: 8C8CE578-8A3D-4F1C-9935-896185C32DD3
Install PPI: 5473C07A-3DCB-4DCA-BD6F-1E9689E7349A
The 0th FV start address is 0x00000820000, size is 0x000E0000, handle is 0x820000
Register PPI Notify: 49EDB1C1-BF21-4761-BB12-EB0031AABB39
Register PPI Notify: EA7CA24B-DED5-4DAD-A389-BF827E8F9B38
Install PPI: B9E0ABFE-5979-4914-977F-6DEE78C278A6
Install PPI: DBE23AA9-A345-4B97-85B6-B226F1617389
Install PPI: 138F9CF4-F0E7-4721-8F49-F5FFECF42D40
DiscoverPeimsAndOrderWithApriori(): Found 0x8 PEI FFS files in the 0th FV
Loading PEIM 9B3ADA4F-AE56-4C24-8DEA-F03B7558AE50
Loading PEIM at 0x0000082AD20 EntryPoint=0x0000082E2A0 PcdPeim.efi
Install PPI: 06E81C58-4AD7-44BC-8390-F10265F72480
Install PPI: 01F34D25-4DE2-23AD-3FF3-36353FF323F1
Install PPI: 4D8B155B-C059-4C8F-8926-06FD4331DB8A
Install PPI: A60C6B59-E459-425D-9C69-0BCC9CB27D81
Register PPI Notify: 605EA650-C65C-42E1-BA80-91A52AB618C6
Loading PEIM A3610442-E69F-4DF3-82CA-2360C4031A23
Loading PEIM at 0x0000082F9A0 EntryPoint=0x00000831228 ReportStatusCodeRouterPei.efi
Install PPI: 0065D394-9951-4144-82A3-0AFC8579C251
Install PPI: 229832D3-7A30-4B36-B827-F40CB7D45436
Loading PEIM 9D225237-FA01-464C-A949-BAABC02D31D0
Loading PEIM at 0x00000831BA0 EntryPoint=0x000008333D2 StatusCodeHandlerPei.efi
Loading PEIM 222C386D-5ABC-4FB4-B124-FBB82488ACF4
Loading PEIM at 0x00000833DA0 EntryPoint=0x0000083CA3E PlatformPei.efi
Select Item: 0x0
FW CFG Signature: 0x554D4551
Select Item: 0x1
FW CFG Revision: 0x3
QemuFwCfg interface (DMA) is supported.
Platform PEIM Loaded
CMOS:
00: 09 00 19 00 15 00 05 11 05 23 26 02 10 80 00 00
10: 50 00 F0 00 07 80 02 FF FF 2F 00 00 04 10 FF FF
20: C8 00 04 3F 00 00 00 00 00 00 00 00 00 00 00 00
30: FF FF 20 00 00 07 00 20 30 00 00 00 00 12 00 00
40: 00 00 00 00 00 00 00 00 00 00 00 00 00 00 00 00
50: 00 00 00 00 00 00 00 00 00 00 00 00 00 00 00 00
60: 00 00 00 00 00 00 00 00 00 00 00 00 00 00 00 00
70: 00 00 00 00 00 00 00 00 00 00 00 00 00 00 00 00
Select Item: 0x19
Select Item: 0x28
S3 support was detected on QEMU
Install PPI: 7408D748-FC8C-4EE6-9288-C4BEC092A410
Select Item: 0x19
Select Item: 0x19
Select Item: 0x25
Select Item: 0x19
Select Item: 0x19
AddressWidthInitialization: Pci64Base=0x800000000 Pci64Size=0x800000000
Select Item: 0x5
PlatformMaxCpuCountInitialization: QEMU v2.7 reset bug: BootCpuCount=1 Present=0
PlatformMaxCpuCountInitialization: BootCpuCount=0 MaxCpuCount=1
Select Item: 0x19
Select Item: 0x25
PublishPeiMemory: PhysMemAddressWidth=36 PeiMemoryCap=65800 KB
PeiInstallPeiMemory MemoryBegin 0x3F36000, MemoryLength 0x4042000
Select Item: 0x19
Select Item: 0x25
PlatformQemuInitializeRam called
Select Item: 0x19
Select Item: 0x25
Select Item: 0x19
Select Item: 0x25
Reserved variable store memory: 0x7EF4000; size: 528kb
Platform PEI Firmware Volume Initialization
Install PPI: 49EDB1C1-BF21-4761-BB12-EB0031AABB39
Notify: PPI Guid: 49EDB1C1-BF21-4761-BB12-EB0031AABB39, Peim notify entry point: 821CDE
The 1th FV start address is 0x00000900000, size is 0x00C00000, handle is 0x900000
Select Item: 0x19
Select Item: 0x25
Select Item: 0x19
Register PPI Notify: EE16160A-E8BE-47A6-820A-C6900DB0250A
Select Item: 0x19
Temp Stack : BaseAddress=0x818000 Length=0x8000
Temp Heap  : BaseAddress=0x810000 Length=0x8000
Total temporary memory:    65536 bytes.
  temporary memory stack ever used:       30136 bytes.
  temporary memory heap used for HobList: 7064 bytes.
  temporary memory heap occupied by memory pages: 0 bytes.
Memory Allocation 0x0000000A 0x7F78000 - 0x7FFFFFF
Memory Allocation 0x0000000A 0x810000 - 0x81FFFF
Memory Allocation 0x0000000A 0x807000 - 0x807FFF
Memory Allocation 0x0000000A 0x800000 - 0x805FFF
Memory Allocation 0x0000000A 0x806000 - 0x806FFF
Memory Allocation 0x0000000A 0x80B000 - 0x80BFFF
Memory Allocation 0x00000006 0x7EF4000 - 0x7F77FFF
Memory Allocation 0x0000000A 0x820000 - 0x8FFFFF
Memory Allocation 0x00000004 0x900000 - 0x14FFFFF
Old Stack size 32768, New stack size 131072
Stack Hob: BaseAddress=0x3F36000 Length=0x20000
Heap Offset = 0x3746000 Stack Offset = 0x3736000
TemporaryRamMigration(0x810000, 0x3F4E000, 0x10000)
Loading PEIM 52C05B14-0B98-496C-BC3B-04B50211D680
Loading PEIM at 0x00007EE9000 EntryPoint=0x00007EF1A78 PeiCore.efi
Reinstall PPI: 8C8CE578-8A3D-4F1C-9935-896185C32DD3
Reinstall PPI: 5473C07A-3DCB-4DCA-BD6F-1E9689E7349A
Reinstall PPI: B9E0ABFE-5979-4914-977F-6DEE78C278A6
Install PPI: F894643D-C449-42D1-8EA8-85BDD8C65BDE
Loading PEIM 9B3ADA4F-AE56-4C24-8DEA-F03B7558AE50
Loading PEIM at 0x00007EE4000 EntryPoint=0x00007EE7580 PcdPeim.efi
Reinstall PPI: 06E81C58-4AD7-44BC-8390-F10265F72480
Reinstall PPI: 4D8B155B-C059-4C8F-8926-06FD4331DB8A
Reinstall PPI: 01F34D25-4DE2-23AD-3FF3-36353FF323F1
Reinstall PPI: A60C6B59-E459-425D-9C69-0BCC9CB27D81
Loading PEIM 86D70125-BAA3-4296-A62F-602BEBBB9081
Loading PEIM at 0x00007EDF000 EntryPoint=0x00007EE2463 DxeIpl.efi
Install PPI: 1A36E4E7-FAB6-476A-8E75-695A0576FDD7
Install PPI: 0AE8CE5D-E448-4437-A8D7-EBF5F194F731
Loading PEIM 89E549B0-7CFE-449D-9BA3-10D8B2312D71
Loading PEIM at 0x00007EDB000 EntryPoint=0x00007EDDB07 S3Resume2Pei.efi
Install PPI: 6D582DBC-DB85-4514-8FCC-5ADF6227B147
Loading PEIM EDADEB9D-DDBA-48BD-9D22-C1C169C8C5C6
Loading PEIM at 0x00007ECC000 EntryPoint=0x00007ED7EB7 CpuMpPei.efi
Register PPI Notify: F894643D-C449-42D1-8EA8-85BDD8C65BDE
Notify: PPI Guid: F894643D-C449-42D1-8EA8-85BDD8C65BDE, Peim notify entry point: 7ED35C6
AP Loop Mode is 1
AP Vector: non-16-bit = 7EBA000/32A
GetMicrocodePatchInfoFromHob: Microcode patch cache HOB is not found.
CPU[0000]: Microcode revision = 00000000, expected = 00000000
Register PPI Notify: 8F9D4825-797D-48FC-8471-845025792EF6
Does not find any stored CPU BIST information from PPI!
  APICID - 0x00000000, BIST - 0x00000000
Install PPI: 9E9F374B-8F16-4230-9824-5846EE766A97
Install PPI: 5CB9CB3D-31A4-480C-9498-29D269BACFBA
Install PPI: EE16160A-E8BE-47A6-820A-C6900DB0250A
Notify: PPI Guid: EE16160A-E8BE-47A6-820A-C6900DB0250A, Peim notify entry point: 83569A
PlatformPei: ClearCacheOnMpServicesAvailable
DiscoverPeimsAndOrderWithApriori(): Found 0x0 PEI FFS files in the 1th FV
DXE IPL Entry
Loading PEIM D6A2CB7F-6A18-4E2F-B43B-9920A733700A
Loading PEIM at 0x00007E90000 EntryPoint=0x00007EAB9B6 DxeCore.efi
Loading DXE CORE at 0x00007E90000 EntryPoint=0x00007EAB9B6
AddressBits=36 5LevelPaging=0 1GPage=0
Pml5=1 Pml4=1 Pdp=64 TotalPage=66
Install PPI: 605EA650-C65C-42E1-BA80-91A52AB618C6
Notify: PPI Guid: 605EA650-C65C-42E1-BA80-91A52AB618C6, Peim notify entry point: 82C59D
CoreInitializeMemoryServices:
  BaseAddress - 0x3F59000 Length - 0x3CA7000 MinimalMemorySizeNeeded - 0x322000
InstallProtocolInterface: 5B1B31A1-9562-11D2-8E3F-00A0C969723B 7EB09B0
ProtectUefiImageCommon - 0x7EB09B0
  - 0x0000000007E90000 - 0x000000000002A000
DxeMain: MemoryBaseAddress=0x3F59000 MemoryLength=0x3CA7000
HOBLIST address in DXE = 0x78E8018
Memory Allocation 0x0000000A 0x7F78000 - 0x7FFFFFF
Memory Allocation 0x0000000A 0x810000 - 0x81FFFF
Memory Allocation 0x0000000A 0x807000 - 0x807FFF
Memory Allocation 0x0000000A 0x800000 - 0x805FFF
Memory Allocation 0x0000000A 0x806000 - 0x806FFF
Memory Allocation 0x0000000A 0x80B000 - 0x80BFFF
Memory Allocation 0x00000006 0x7EF4000 - 0x7F77FFF
Memory Allocation 0x0000000A 0x820000 - 0x8FFFFF
Memory Allocation 0x00000004 0x900000 - 0x14FFFFF
Memory Allocation 0x00000004 0x7E70000 - 0x7E8FFFF
Memory Allocation 0x00000003 0x7EE9000 - 0x7EF3FFF
Memory Allocation 0x00000003 0x7EE4000 - 0x7EE8FFF
Memory Allocation 0x00000003 0x7EDF000 - 0x7EE3FFF
Memory Allocation 0x00000003 0x7EDB000 - 0x7EDEFFF
Memory Allocation 0x00000003 0x7ECC000 - 0x7EDAFFF
Memory Allocation 0x00000004 0x7EBB000 - 0x7ECBFFF
Memory Allocation 0x00000003 0x7EBA000 - 0x7EBAFFF
Memory Allocation 0x00000003 0x7E90000 - 0x7EB9FFF
Memory Allocation 0x00000003 0x7E90000 - 0x7EB9FFF
Memory Allocation 0x00000004 0x7E70000 - 0x7E8FFFF
Memory Allocation 0x00000004 0x7C00000 - 0x7DFFFFF
Memory Allocation 0x00000007 0x7E00000 - 0x7E6FFFF
Memory Allocation 0x00000004 0x3F36000 - 0x3F55FFF
FV Hob            0x900000 - 0x14FFFFF
InstallProtocolInterface: D8117CFE-94A6-11D4-9A3A-0090273FC14D 7EB0190
InstallProtocolInterface: 8F644FA9-E850-4DB1-9CE2-0B44698E8DA4 78E4CB0
InstallProtocolInterface: 09576E91-6D3F-11D2-8E39-00A0C969723B 78E4D98
InstallProtocolInterface: 220E73B6-6BDB-4413-8405-B974B108619A 78E4630
InstallProtocolInterface: EE4E5898-3914-4259-9D6E-DC7BD79403CF 7EB0B10
Loading driver 9B680FCE-AD6B-4F3A-B60B-F59899003443
InstallProtocolInterface: 5B1B31A1-9562-11D2-8E3F-00A0C969723B 75B0C40
Loading driver at 0x0000759A000 EntryPoint=0x000075A1B72 DevicePathDxe.efi
InstallProtocolInterface: BC62157E-3E33-4FEC-9920-2D3B36D750DF 75B0B18
ProtectUefiImageCommon - 0x75B0C40
  - 0x000000000759A000 - 0x000000000000AEE0
InstallProtocolInterface: 0379BE4E-D706-437D-B037-EDB82FB772A4 75A3E20
InstallProtocolInterface: 8B843E20-8132-4852-90CC-551A4E4A7F1C 75A3E10
InstallProtocolInterface: 05C99A21-C70F-4AD2-8A5F-35DF3343F51E 75A3E00
Loading driver 80CF7257-87AB-47F9-A3FE-D50B76D89541
InstallProtocolInterface: 5B1B31A1-9562-11D2-8E3F-00A0C969723B 75B03C0
Loading driver at 0x00007594000 EntryPoint=0x00007597C00 PcdDxe.efi
InstallProtocolInterface: BC62157E-3E33-4FEC-9920-2D3B36D750DF 75A9F98
ProtectUefiImageCommon - 0x75B03C0
  - 0x0000000007594000 - 0x0000000000005880
InstallProtocolInterface: 11B34006-D85B-4D0A-A290-D5A571310EF7 7599630
InstallProtocolInterface: 13A3F0F6-264A-3EF0-F2E0-DEC512342F34 7599580
InstallProtocolInterface: 5BE40F57-FA68-4610-BBBF-E9C5FCDAD365 7599610
InstallProtocolInterface: FD0F4478-0EFD-461D-BA2D-E58C45FD5F5E 7599570
Loading driver 2EC9DA37-EE35-4DE9-86C5-6D9A81DC38A7
InstallProtocolInterface: 5B1B31A1-9562-11D2-8E3F-00A0C969723B 75AFC40
Loading driver at 0x000075A5000 EntryPoint=0x000075A735D AmdSevDxe.efi
InstallProtocolInterface: BC62157E-3E33-4FEC-9920-2D3B36D750DF 75AF118
ProtectUefiImageCommon - 0x75AFC40
  - 0x00000000075A5000 - 0x0000000000003500
Error: Image at 000075A5000 start failed: Unsupported
Loading driver E750224E-7BCE-40AF-B5BB-47E3611EB5C2
InstallProtocolInterface: 5B1B31A1-9562-11D2-8E3F-00A0C969723B 75AFC40
Loading driver at 0x0000758F000 EntryPoint=0x0000759137D TdxDxe.efi
InstallProtocolInterface: BC62157E-3E33-4FEC-9920-2D3B36D750DF 75AFA98
ProtectUefiImageCommon - 0x75AFC40
  - 0x000000000758F000 - 0x0000000000004220
InstallProtocolInterface: BB00A5CA-08CE-462F-A537-43C74A825CA4 0
Loading driver 733CBAC2-B23F-4B92-BC8E-FB01CE5907B7
InstallProtocolInterface: 5B1B31A1-9562-11D2-8E3F-00A0C969723B 75AF340
Loading driver at 0x00007AE4000 EntryPoint=0x00007AE751F FvbServicesRuntimeDxe.efi
InstallProtocolInterface: BC62157E-3E33-4FEC-9920-2D3B36D750DF 75AF198
ProtectUefiImageCommon - 0x75AF340
  - 0x0000000007AE4000 - 0x0000000000009000
QEMU Flash: Attempting flash detection at FFC00010
QemuFlashDetected => FD behaves as FLASH
QemuFlashDetected => Yes
Installing QEMU flash FVB
InstallProtocolInterface: 8F644FA9-E850-4DB1-9CE2-0B44698E8DA4 79EC9B0
InstallProtocolInterface: 09576E91-6D3F-11D2-8E39-00A0C969723B 75AEF98
Loading driver D93CE3D8-A7EB-4730-8C8E-CC466A9ECC3C
InstallProtocolInterface: 5B1B31A1-9562-11D2-8E3F-00A0C969723B 75AE9C0
Loading driver at 0x00007ADD000 EntryPoint=0x00007ADFFAD ReportStatusCodeRouterRuntimeDxe.efi
InstallProtocolInterface: BC62157E-3E33-4FEC-9920-2D3B36D750DF 75AE298
ProtectUefiImageCommon - 0x75AE9C0
  - 0x0000000007ADD000 - 0x0000000000007000
InstallProtocolInterface: 86212936-0E76-41C8-A03A-2AF2FC1C39E2 7AE2080
InstallProtocolInterface: D2B2B828-0826-48A7-B3DF-983C006024F0 7AE2090
Loading driver B601F8C4-43B7-4784-95B1-F4226CB40CEE
InstallProtocolInterface: 5B1B31A1-9562-11D2-8E3F-00A0C969723B 75ABB40
Loading driver at 0x00007AD7000 EntryPoint=0x00007AD9968 RuntimeDxe.efi
InstallProtocolInterface: BC62157E-3E33-4FEC-9920-2D3B36D750DF 75AB098
ProtectUefiImageCommon - 0x75ABB40
  - 0x0000000007AD7000 - 0x0000000000006000
InstallProtocolInterface: B7DFB4E1-052F-449F-87BE-9818FC91B733 7ADB070
Loading driver F80697E9-7FD6-4665-8646-88E33EF71DFC
InstallProtocolInterface: 5B1B31A1-9562-11D2-8E3F-00A0C969723B 75AB240
Loading driver at 0x0000758C000 EntryPoint=0x0000758DB59 SecurityStubDxe.efi
InstallProtocolInterface: BC62157E-3E33-4FEC-9920-2D3B36D750DF 75AB518
ProtectUefiImageCommon - 0x75AB240
  - 0x000000000758C000 - 0x0000000000002BE0
InstallProtocolInterface: 94AB2F58-1438-4EF1-9152-18941A3A0E68 758EB28
InstallProtocolInterface: A46423E3-4617-49F1-B9FF-D1BFA9115839 758EB30
InstallProtocolInterface: 15853D7C-3DDF-43E0-A1CB-EBF85B8F872C 758EB20
Loading driver 13AC6DD0-73D0-11D4-B06B-00AA00BD6DE7
InstallProtocolInterface: 5B1B31A1-9562-11D2-8E3F-00A0C969723B 75AA1C0
Loading driver at 0x00007580000 EntryPoint=0x00007584A71 EbcDxe.efi
InstallProtocolInterface: BC62157E-3E33-4FEC-9920-2D3B36D750DF 75AAA18
ProtectUefiImageCommon - 0x75AA1C0
  - 0x0000000007580000 - 0x0000000000005E00
InstallProtocolInterface: 13AC6DD1-73D0-11D4-B06B-00AA00BD6DE7 75AA798
InstallProtocolInterface: 96F46153-97A7-4793-ACC1-FA19BF78EA97 7585C18
InstallProtocolInterface: 2755590C-6F3C-42FA-9EA4-A3BA543CDA25 75A8B18
InstallProtocolInterface: AAEACCFD-F27B-4C17-B610-75CA1F2DFB52 75A8C98
Loading driver A19B1FE7-C1BC-49F8-875F-54A5D542443F
InstallProtocolInterface: 5B1B31A1-9562-11D2-8E3F-00A0C969723B 75A87C0
Loading driver at 0x00007589000 EntryPoint=0x0000758B0A4 CpuIo2Dxe.efi
InstallProtocolInterface: BC62157E-3E33-4FEC-9920-2D3B36D750DF 75A8118
ProtectUefiImageCommon - 0x75A87C0
  - 0x0000000007589000 - 0x0000000000002A00
InstallProtocolInterface: AD61F191-AE5F-4C0E-B9FA-E869D288C64F 758B970
Loading driver 1A1E4886-9517-440E-9FDE-3BE44CEE2136
InstallProtocolInterface: 5B1B31A1-9562-11D2-8E3F-00A0C969723B 75A7040
Loading driver at 0x0000714C000 EntryPoint=0x00007159F3B CpuDxe.efi
InstallProtocolInterface: BC62157E-3E33-4FEC-9920-2D3B36D750DF 75A8398
ProtectUefiImageCommon - 0x75A7040
  - 0x000000000714C000 - 0x00000000000195E0
Paging: added 512 pages to page table pool
CurrentPagingContext:
  MachineType   - 0x8664
  PageTableBase - 0x7C01000
  Attributes    - 0xC0000002
InstallProtocolInterface: 26BACCB1-6F42-11D4-BCE7-0080C73C8881 715E9E0
MemoryProtectionCpuArchProtocolNotify:
ProtectUefiImageCommon - 0x7EB09B0
  - 0x0000000007E90000 - 0x000000000002A000
ProtectUefiImageCommon - 0x75B0C40
  - 0x000000000759A000 - 0x000000000000AEE0
ProtectUefiImageCommon - 0x75B03C0
  - 0x0000000007594000 - 0x0000000000005880
ProtectUefiImageCommon - 0x75AFC40
  - 0x000000000758F000 - 0x0000000000004220
ProtectUefiImageCommon - 0x75AF340
  - 0x0000000007AE4000 - 0x0000000000009000
SetUefiImageMemoryAttributes - 0x0000000007AE4000 - 0x0000000000001000 (0x0000000000004000)
SetUefiImageMemoryAttributes - 0x0000000007AE5000 - 0x0000000000004000 (0x0000000000020000)
SetUefiImageMemoryAttributes - 0x0000000007AE9000 - 0x0000000000004000 (0x0000000000004000)
ProtectUefiImageCommon - 0x75AE9C0
  - 0x0000000007ADD000 - 0x0000000000007000
SetUefiImageMemoryAttributes - 0x0000000007ADD000 - 0x0000000000001000 (0x0000000000004000)
SetUefiImageMemoryAttributes - 0x0000000007ADE000 - 0x0000000000003000 (0x0000000000020000)
SetUefiImageMemoryAttributes - 0x0000000007AE1000 - 0x0000000000003000 (0x0000000000004000)
ProtectUefiImageCommon - 0x75ABB40
  - 0x0000000007AD7000 - 0x0000000000006000
SetUefiImageMemoryAttributes - 0x0000000007AD7000 - 0x0000000000001000 (0x0000000000004000)
SetUefiImageMemoryAttributes - 0x0000000007AD8000 - 0x0000000000002000 (0x0000000000020000)
SetUefiImageMemoryAttributes - 0x0000000007ADA000 - 0x0000000000003000 (0x0000000000004000)
ProtectUefiImageCommon - 0x75AB240
  - 0x000000000758C000 - 0x0000000000002BE0
ProtectUefiImageCommon - 0x75AA1C0
  - 0x0000000007580000 - 0x0000000000005E00
ProtectUefiImageCommon - 0x75A87C0
  - 0x0000000007589000 - 0x0000000000002A00
ProtectUefiImageCommon - 0x75A7040
  - 0x000000000714C000 - 0x00000000000195E0
ConvertPages: failed to find range A0000 - FFFFF
ConvertPages: failed to find range 80000000 - FBFFFFFF
ConvertPages: failed to find range FEC00000 - FEC00FFF
Failed to update capability: [8] 00000000FED00000 - 00000000FED003FF (C700000000000001 -> C700000000026001)
ConvertPages: failed to find range FEE00000 - FEEFFFFF
ConvertPages: failed to find range FFC00000 - FFFFFFFF
AP Loop Mode is 1
AP Vector: non-16-bit = 7587000/32A
GetMicrocodePatchInfoFromHob: MicrocodeBase = 0x0, MicrocodeSize = 0x0
CPU[0000]: Microcode revision = 00000000, expected = 00000000
Detect CPU count: 1
InstallProtocolInterface: 3FDDA605-A76E-4F46-AD29-12F4531B3D08 715EBB0
Loading driver F6697AC4-A776-4EE1-B643-1FEFF2B615BB
InstallProtocolInterface: 5B1B31A1-9562-11D2-8E3F-00A0C969723B 7588140
Loading driver at 0x00007168000 EntryPoint=0x000071697A3 IncompatiblePciDeviceSupportDxe.efi
InstallProtocolInterface: BC62157E-3E33-4FEC-9920-2D3B36D750DF 7588798
ProtectUefiImageCommon - 0x7588140
  - 0x0000000007168000 - 0x0000000000002360
InstallProtocolInterface: EB23F55A-7863-4AC2-8D3D-956535DE0375 716A330
Loading driver 11A6EDF6-A9BE-426D-A6CC-B22FE51D9224
InstallProtocolInterface: 5B1B31A1-9562-11D2-8E3F-00A0C969723B 7586C40
Loading driver at 0x00007142000 EntryPoint=0x00007145B8D PciHotPlugInitDxe.efi
InstallProtocolInterface: BC62157E-3E33-4FEC-9920-2D3B36D750DF 7586B18
ProtectUefiImageCommon - 0x7586C40
  - 0x0000000007142000 - 0x0000000000004D00
InstallProtocolInterface: AA0E8BC1-DABC-46B0-A844-37B8169B2BEA 7146CC0
Loading driver 4B28E4C7-FF36-4E10-93CF-A82159E777C5
InstallProtocolInterface: 5B1B31A1-9562-11D2-8E3F-00A0C969723B 7586340
Loading driver at 0x00007AD0000 EntryPoint=0x00007AD303B ResetSystemRuntimeDxe.efi
InstallProtocolInterface: BC62157E-3E33-4FEC-9920-2D3B36D750DF 7586298
ProtectUefiImageCommon - 0x7586340
  - 0x0000000007AD0000 - 0x0000000000007000
SetUefiImageMemoryAttributes - 0x0000000007AD0000 - 0x0000000000001000 (0x0000000000004008)
SetUefiImageMemoryAttributes - 0x0000000007AD1000 - 0x0000000000003000 (0x0000000000020008)
SetUefiImageMemoryAttributes - 0x0000000007AD4000 - 0x0000000000003000 (0x0000000000004008)
InstallProtocolInterface: 27CFAC88-46CC-11D4-9A38-0090273FC14D 0
InstallProtocolInterface: 9DA34AE0-EAF9-4BBF-8EC3-FD60226C44BE 7AD5118
InstallProtocolInterface: 695D7835-8D47-4C11-AB22-FA8ACCE7AE7A 7AD50C8
InstallProtocolInterface: 2DF6BA0B-7092-440D-BD04-FB091EC3F3C1 7AD50F0
Loading driver C8339973-A563-4561-B858-D8476F9DEFC4
InstallProtocolInterface: 5B1B31A1-9562-11D2-8E3F-00A0C969723B 716D140
Loading driver at 0x0000713F000 EntryPoint=0x0000714093C Metronome.efi
InstallProtocolInterface: BC62157E-3E33-4FEC-9920-2D3B36D750DF 716D718
ProtectUefiImageCommon - 0x716D140
  - 0x000000000713F000 - 0x00000000000026E0
InstallProtocolInterface: 26BACCB2-6F42-11D4-BCE7-0080C73C8881 7141650
Loading driver 348C4D62-BFBD-4882-9ECE-C80BB1C4783B
InstallProtocolInterface: 5B1B31A1-9562-11D2-8E3F-00A0C969723B 716CB40
Loading driver at 0x00007107000 EntryPoint=0x0000711F673 HiiDatabase.efi
InstallProtocolInterface: BC62157E-3E33-4FEC-9920-2D3B36D750DF 716CE98
ProtectUefiImageCommon - 0x716CB40
  - 0x0000000007107000 - 0x000000000001B780
InstallProtocolInterface: E9CA4775-8657-47FC-97E7-7ED65A084324 7122548
InstallProtocolInterface: 0FD96974-23AA-4CDC-B9CB-98D17750322A 71225C0
InstallProtocolInterface: EF9FC172-A1B2-4693-B327-6D32FC416042 71225E8
InstallProtocolInterface: 587E72D7-CC50-4F79-8209-CA291FC1A10F 7122640
InstallProtocolInterface: 0A8BADD5-03B8-4D19-B128-7B8F0EDAA596 7122670
InstallProtocolInterface: 31A6406A-6BDF-4E46-B2A2-EBAA89C40920 7122568
InstallProtocolInterface: 1A1241E6-8F19-41A9-BC0E-E8EF39E06546 7122590
Loading driver 96B5C032-DF4C-4B6E-8232-438DCF448D0E
InstallProtocolInterface: 5B1B31A1-9562-11D2-8E3F-00A0C969723B 716BB40
Loading driver at 0x0000713C000 EntryPoint=0x0000713D76D NullMemoryTestDxe.efi
InstallProtocolInterface: BC62157E-3E33-4FEC-9920-2D3B36D750DF 716BE18
ProtectUefiImageCommon - 0x716BB40
  - 0x000000000713C000 - 0x0000000000002280
InstallProtocolInterface: 309DE7F1-7F5E-4ACE-B49C-531BE5AA95EF 713E1E0
Loading driver 9622E42C-8E38-4A08-9E8F-54F784652F6B
InstallProtocolInterface: 5B1B31A1-9562-11D2-8E3F-00A0C969723B 716B140
Loading driver at 0x0000712C000 EntryPoint=0x000071303D7 AcpiTableDxe.efi
InstallProtocolInterface: BC62157E-3E33-4FEC-9920-2D3B36D750DF 716B718
ProtectUefiImageCommon - 0x716B140
  - 0x000000000712C000 - 0x0000000000007080
InstallProtocolInterface: FFE06BDD-6107-46A6-7BB2-5A9C7EC5275C 7167CA0
InstallProtocolInterface: EB97088E-CFDF-49C6-BE4B-D906A5B20E86 7167CB0
Loading driver BDCE85BB-FBAA-4F4E-9264-501A2C249581
InstallProtocolInterface: 5B1B31A1-9562-11D2-8E3F-00A0C969723B 71671C0
Loading driver at 0x00007126000 EntryPoint=0x00007129F1D S3SaveStateDxe.efi
InstallProtocolInterface: BC62157E-3E33-4FEC-9920-2D3B36D750DF 7167018
ProtectUefiImageCommon - 0x71671C0
  - 0x0000000007126000 - 0x0000000000005AC0
InstallProtocolInterface: BD445D79-B7AD-4F04-9AD8-29BD2040EB3C 0
InstallProtocolInterface: E857CAF6-C046-45DC-BE3F-EE0765FBA887 712B9D0
Loading driver B981A835-6EE8-4F4C-AE0B-210AA0BFBF01
InstallProtocolInterface: 5B1B31A1-9562-11D2-8E3F-00A0C969723B 7166B40
Loading driver at 0x00007138000 EntryPoint=0x0000713A0F8 RngDxe.efi
InstallProtocolInterface: BC62157E-3E33-4FEC-9920-2D3B36D750DF 7167898
ProtectUefiImageCommon - 0x7166B40
  - 0x0000000007138000 - 0x00000000000032E0
InstallProtocolInterface: 3152BCA5-EADE-433D-862E-C01CDC291F44 713B250
Loading driver A210F973-229D-4F4D-AA37-9895E6C9EABA
InstallProtocolInterface: 5B1B31A1-9562-11D2-8E3F-00A0C969723B 7166140
Loading driver at 0x00007135000 EntryPoint=0x00007136820 DpcDxe.efi
InstallProtocolInterface: BC62157E-3E33-4FEC-9920-2D3B36D750DF 7166698
ProtectUefiImageCommon - 0x7166140
  - 0x0000000007135000 - 0x0000000000002320
InstallProtocolInterface: 480F8AE9-0C46-4AA9-BC89-DB9FBA619806 7137090
Loading driver 8657015B-EA43-440D-949A-AF3BE365C0FC
InstallProtocolInterface: 5B1B31A1-9562-11D2-8E3F-00A0C969723B 714BB40
Loading driver at 0x000070FB000 EntryPoint=0x000070FEF26 IoMmuDxe.efi
InstallProtocolInterface: BC62157E-3E33-4FEC-9920-2D3B36D750DF 714BE98
ProtectUefiImageCommon - 0x714BB40
  - 0x00000000070FB000 - 0x0000000000005880
InstallProtocolInterface: F8775D50-8ABD-4ADF-92AC-853E51F6C8DC 0
Loading driver 22DC2B60-FE40-42AC-B01F-3AB1FAD9AAD8
InstallProtocolInterface: 5B1B31A1-9562-11D2-8E3F-00A0C969723B 714B1C0
Loading driver at 0x00007AC9000 EntryPoint=0x00007ACB964 EmuVariableFvbRuntimeDxe.efi
InstallProtocolInterface: BC62157E-3E33-4FEC-9920-2D3B36D750DF 714B598
ProtectUefiImageCommon - 0x714B1C0
  - 0x0000000007AC9000 - 0x0000000000007000
SetUefiImageMemoryAttributes - 0x0000000007AC9000 - 0x0000000000001000 (0x0000000000004008)
SetUefiImageMemoryAttributes - 0x0000000007ACA000 - 0x0000000000003000 (0x0000000000020008)
SetUefiImageMemoryAttributes - 0x0000000007ACD000 - 0x0000000000003000 (0x0000000000004008)
EMU Variable FVB Started
Disabling EMU Variable FVB since flash variables appear to be supported.
Error: Image at 00007AC9000 start failed: Aborted
SetUefiImageMemoryAttributes - 0x0000000007AC9000 - 0x0000000000007000 (0x0000000000000008)
Loading driver CBD2E4D5-7068-4FF5-B462-9822B4AD8D60
InstallProtocolInterface: 5B1B31A1-9562-11D2-8E3F-00A0C969723B 714B1C0
Loading driver at 0x00007AC0000 EntryPoint=0x00007AC9309 VariableRuntimeDxe.efi
InstallProtocolInterface: BC62157E-3E33-4FEC-9920-2D3B36D750DF 714B518
ProtectUefiImageCommon - 0x714B1C0
  - 0x0000000007AC0000 - 0x0000000000010000
SetUefiImageMemoryAttributes - 0x0000000007AC0000 - 0x0000000000001000 (0x0000000000004008)
SetUefiImageMemoryAttributes - 0x0000000007AC1000 - 0x000000000000A000 (0x0000000000020008)
SetUefiImageMemoryAttributes - 0x0000000007ACB000 - 0x0000000000005000 (0x0000000000004008)
VarCheckLibRegisterSetVariableCheckHandler - 0x7AC5639 Success
Variable driver common space: 0x3FF9C 0x3FF9C 0x3FF9C
Variable driver will work with auth variable format!
InstallProtocolInterface: CD3D0A05-9E24-437C-A891-1EE053DB7638 7ACE968
InstallProtocolInterface: AF23B340-97B4-4685-8D4F-A3F28169B21D 7ACE838
InstallProtocolInterface: 1E5668E2-8481-11D4-BCF1-0080C73C8881 0
VarCheckLibRegisterSetVariableCheckHandler - 0x7AC6C05 Success
InstallProtocolInterface: 81D1675C-86F6-48DF-BD95-9A6E4F0925C3 7ACE970
Loading driver 6C2004EF-4E0E-4BE4-B14C-340EB4AA5891
InstallProtocolInterface: 5B1B31A1-9562-11D2-8E3F-00A0C969723B 714A240
Loading driver at 0x00007ABB000 EntryPoint=0x00007ABD5B8 StatusCodeHandlerRuntimeDxe.efi
InstallProtocolInterface: BC62157E-3E33-4FEC-9920-2D3B36D750DF 7134018
ProtectUefiImageCommon - 0x714A240
  - 0x0000000007ABB000 - 0x0000000000005000
SetUefiImageMemoryAttributes - 0x0000000007ABB000 - 0x0000000000001000 (0x0000000000004008)
SetUefiImageMemoryAttributes - 0x0000000007ABC000 - 0x0000000000002000 (0x0000000000020008)
SetUefiImageMemoryAttributes - 0x0000000007ABE000 - 0x0000000000002000 (0x0000000000004008)
Loading driver 52FE8196-F9DE-4D07-B22F-51F77A0E7C41
InstallProtocolInterface: 5B1B31A1-9562-11D2-8E3F-00A0C969723B 7134840
Loading driver at 0x00007123000 EntryPoint=0x00007124FFC LocalApicTimerDxe.efi
InstallProtocolInterface: BC62157E-3E33-4FEC-9920-2D3B36D750DF 7134198
ProtectUefiImageCommon - 0x7134840
  - 0x0000000007123000 - 0x0000000000002EE0
InstallProtocolInterface: 26BACCB3-6F42-11D4-BCE7-0080C73C8881 7125E20
Loading driver 128FB770-5E79-4176-9E51-9BB268A17DD1
InstallProtocolInterface: 5B1B31A1-9562-11D2-8E3F-00A0C969723B 7149040
Loading driver at 0x000070E7000 EntryPoint=0x000070ECAA8 PciHostBridgeDxe.efi
InstallProtocolInterface: BC62157E-3E33-4FEC-9920-2D3B36D750DF 7134418
ProtectUefiImageCommon - 0x7149040
  - 0x00000000070E7000 - 0x0000000000009A80
Select Item: 0x0
FW CFG Signature: 0x554D4551
Select Item: 0x1
FW CFG Revision: 0x3
QemuFwCfg interface (DMA) is supported.
Select Item: 0x19
Select Item: 0x19
PciHostBridgeUtilityInitRootBridge: populated root bus 0, with room for 255 subordinate bus(es)
RootBridge: PciRoot(0x0)
  Support/Attr: 70069 / 70069
    DmaAbove4G: No
NoExtConfSpace: Yes
     AllocAttr: 3 (CombineMemPMem Mem64Decode)
           Bus: 0 - FF Translation=0
            Io: C000 - FFFF Translation=0
           Mem: 80000000 - FBFFFFFF Translation=0
    MemAbove4G: 800000000 - FFFFFFFFF Translation=0
          PMem: FFFFFFFFFFFFFFFF - 0 Translation=0
   PMemAbove4G: FFFFFFFFFFFFFFFF - 0 Translation=0
InstallProtocolInterface: CF8034BE-6768-4D8B-B739-7CCE683A9FBE 7149A40
InstallProtocolInterface: 09576E91-6D3F-11D2-8E39-00A0C969723B 7149F18
InstallProtocolInterface: 2F707EBB-4A1A-11D4-9A38-0090273FC14D 7149570
Loading driver EBF342FE-B1D3-4EF8-957C-8048606FF671
InstallProtocolInterface: 5B1B31A1-9562-11D2-8E3F-00A0C969723B 7148BC0
Loading driver at 0x000070B9000 EntryPoint=0x000070CD29F SetupBrowser.efi
InstallProtocolInterface: BC62157E-3E33-4FEC-9920-2D3B36D750DF 7148798
ProtectUefiImageCommon - 0x7148BC0
  - 0x00000000070B9000 - 0x0000000000016E60
InstallProtocolInterface: B9D4C360-BCFB-4F9B-9298-53C136982258 70CFAE8
InstallProtocolInterface: A770C357-B693-4E6D-A6CF-D21C728E550B 70CFB18
InstallProtocolInterface: 1F73B18D-4630-43C1-A1DE-6F80855D7DA4 70CFAF8
Loading driver F9D88642-0737-49BC-81B5-6889CD57D9EA
InstallProtocolInterface: 5B1B31A1-9562-11D2-8E3F-00A0C969723B 7147BC0
Loading driver at 0x000070F5000 EntryPoint=0x000070F8D61 SmbiosDxe.efi
InstallProtocolInterface: BC62157E-3E33-4FEC-9920-2D3B36D750DF 7147F18
ProtectUefiImageCommon - 0x7147BC0
  - 0x00000000070F5000 - 0x0000000000005E20
Select Item: 0x0
FW CFG Signature: 0x554D4551
Select Item: 0x1
FW CFG Revision: 0x3
QemuFwCfg interface (DMA) is supported.
Select Item: 0x19
Select Item: 0x19
Select Item: 0x26
DetectSmbiosVersion: SMBIOS version from QEMU: 0x0208
InstallProtocolInterface: 03583FF6-CB36-4940-947E-B9B39F4AFAF7 70FAD80
Loading driver 17985E6F-E778-4D94-AEFA-C5DD2B77E186
InstallProtocolInterface: 5B1B31A1-9562-11D2-8E3F-00A0C969723B 7147240
Loading driver at 0x000070D9000 EntryPoint=0x000070DD608 QemuFwCfgAcpiPlatform.efi
InstallProtocolInterface: BC62157E-3E33-4FEC-9920-2D3B36D750DF 7147518
ProtectUefiImageCommon - 0x7147240
  - 0x00000000070D9000 - 0x00000000000065E0
Select Item: 0x0
FW CFG Signature: 0x554D4551
Select Item: 0x1
FW CFG Revision: 0x3
QemuFwCfg interface (DMA) is supported.
AcpiPlatformEntryPoint: waiting for root bridges to be connected, registered callback
Loading driver FA20568B-548B-4B2B-81EF-1BA08D4A3CEC
InstallProtocolInterface: 5B1B31A1-9562-11D2-8E3F-00A0C969723B 7106D40
Loading driver at 0x0000708B000 EntryPoint=0x00007096F70 BootScriptExecutorDxe.efi
InstallProtocolInterface: BC62157E-3E33-4FEC-9920-2D3B36D750DF 7106198
ProtectUefiImageCommon - 0x7106D40
  - 0x000000000708B000 - 0x0000000000016420
Loading driver A487A478-51EF-48AA-8794-7BEE2A0562F1
InstallProtocolInterface: 5B1B31A1-9562-11D2-8E3F-00A0C969723B 7106340
Loading driver at 0x000070A5000 EntryPoint=0x000070AB5E6 tftpDynamicCommand.efi
InstallProtocolInterface: BC62157E-3E33-4FEC-9920-2D3B36D750DF 7106698
InstallProtocolInterface: 6A1EE763-D47A-43B4-AABE-EF1DE2AB56FC 70AD2E0
ProtectUefiImageCommon - 0x7106340
  - 0x00000000070A5000 - 0x0000000000009E00
InstallProtocolInterface: 3C7200E9-005F-4EA4-87DE-A3DFAC8A27C3 70AD170
Loading driver 19618BCE-55AE-09C6-37E9-4CE04084C7A1
InstallProtocolInterface: 5B1B31A1-9562-11D2-8E3F-00A0C969723B 71057C0
Loading driver at 0x00007071000 EntryPoint=0x00007078C05 httpDynamicCommand.efi
InstallProtocolInterface: BC62157E-3E33-4FEC-9920-2D3B36D750DF 7105598
InstallProtocolInterface: 6A1EE763-D47A-43B4-AABE-EF1DE2AB56FC 707AF20
ProtectUefiImageCommon - 0x71057C0
  - 0x0000000007071000 - 0x000000000000C180
InstallProtocolInterface: 3C7200E9-005F-4EA4-87DE-A3DFAC8A27C3 707AD90
Loading driver 2F30DA26-F51B-4B6F-85C4-31873C281BCA
InstallProtocolInterface: 5B1B31A1-9562-11D2-8E3F-00A0C969723B 7102C40
Loading driver at 0x000070B1000 EntryPoint=0x000070B5E81 LinuxInitrdDynamicShellCommand.efi
InstallProtocolInterface: BC62157E-3E33-4FEC-9920-2D3B36D750DF 7102A98
InstallProtocolInterface: 6A1EE763-D47A-43B4-AABE-EF1DE2AB56FC 70B7700
ProtectUefiImageCommon - 0x7102C40
  - 0x00000000070B1000 - 0x00000000000071E0
InstallProtocolInterface: 3C7200E9-005F-4EA4-87DE-A3DFAC8A27C3 70B7570
Loading driver F74D20EE-37E7-48FC-97F7-9B1047749C69
InstallProtocolInterface: 5B1B31A1-9562-11D2-8E3F-00A0C969723B 71023C0
Loading driver at 0x000070D4000 EntryPoint=0x000070D55B0 LogoDxe.efi
InstallProtocolInterface: BC62157E-3E33-4FEC-9920-2D3B36D750DF 7101A98
InstallProtocolInterface: 6A1EE763-D47A-43B4-AABE-EF1DE2AB56FC 70D5F20
ProtectUefiImageCommon - 0x71023C0
  - 0x00000000070D4000 - 0x0000000000004E40
InstallProtocolInterface: 53CD299F-2BC1-40C0-8C07-23F64FDB30E0 70D5E80
Loading driver 189F90A4-440A-48AC-84AA-F5882CA2C1EE
InstallProtocolInterface: 5B1B31A1-9562-11D2-8E3F-00A0C969723B 70F14C0
Loading driver at 0x000070D1000 EntryPoint=0x000070D2B5B Demo1_Access_Key.efi
InstallProtocolInterface: BC62157E-3E33-4FEC-9920-2D3B36D750DF 70F1718
ProtectUefiImageCommon - 0x70F14C0
  - 0x00000000070D1000 - 0x0000000000002B60
InstallProtocolInterface: A084C36D-630A-4265-BD44-62217241BC37 70D3A40
Loading driver E8E15D50-E7F5-4537-9C46-AC5ADC1948B9
InstallProtocolInterface: 5B1B31A1-9562-11D2-8E3F-00A0C969723B 70E3BC0
Loading driver at 0x00007083000 EntryPoint=0x000070850CC Demo1_Variable.efi
InstallProtocolInterface: BC62157E-3E33-4FEC-9920-2D3B36D750DF 70E3A18
ProtectUefiImageCommon - 0x70E3BC0
  - 0x0000000007083000 - 0x0000000000003A20
Loading driver AAE15D50-E7F5-4537-9C46-AC5ADC1948B9
InstallProtocolInterface: 5B1B31A1-9562-11D2-8E3F-00A0C969723B 70E3140
Loading driver at 0x000070A2000 EntryPoint=0x000070A370D Demo1_Alice.efi
InstallProtocolInterface: BC62157E-3E33-4FEC-9920-2D3B36D750DF 70E3718
ProtectUefiImageCommon - 0x70E3140
  - 0x00000000070A2000 - 0x0000000000002480
InstallProtocolInterface: 1CF631F3-BE03-4435-A632-794F85820BAB 70A43C8
Loading driver 603E2C6F-18DE-4713-8F6A-CFF2B4AD8A9C
InstallProtocolInterface: 5B1B31A1-9562-11D2-8E3F-00A0C969723B 70E21C0
Loading driver at 0x00007080000 EntryPoint=0x000070817E2 Demo1_Bob.efi
InstallProtocolInterface: BC62157E-3E33-4FEC-9920-2D3B36D750DF 70E2B18
ProtectUefiImageCommon - 0x70E21C0
  - 0x0000000007080000 - 0x0000000000002720
bobkey's address is 7081DA9
InstallProtocolInterface: E11E67FD-A0AA-4DF2-A315-B548E8CEE058 7082640
Loading driver DCE1B094-7DC6-45D0-9FDD-D7FC3CC3E4EF
InstallProtocolInterface: 5B1B31A1-9562-11D2-8E3F-00A0C969723B 70E1040
Loading driver at 0x00007067000 EntryPoint=0x00007069EF8 QemuRamfbDxe.efi
InstallProtocolInterface: BC62157E-3E33-4FEC-9920-2D3B36D750DF 70E2718
ProtectUefiImageCommon - 0x70E1040
  - 0x0000000007067000 - 0x0000000000004AE0
Select Item: 0x0
FW CFG Signature: 0x554D4551
Select Item: 0x1
FW CFG Revision: 0x3
QemuFwCfg interface (DMA) is supported.
Select Item: 0x19
Error: Image at 00007067000 start failed: Not Found
Loading driver FE5CEA76-4F72-49E8-986F-2CD899DFFE5D
InstallProtocolInterface: 5B1B31A1-9562-11D2-8E3F-00A0C969723B 70E1040
Loading driver at 0x00007065000 EntryPoint=0x00007068FF5 FaultTolerantWriteDxe.efi
InstallProtocolInterface: BC62157E-3E33-4FEC-9920-2D3B36D750DF 70E2798
ProtectUefiImageCommon - 0x70E1040
  - 0x0000000007065000 - 0x0000000000005500
Ftw: FtwWorkSpaceLba - 0x41, WorkBlockSize  - 0x1000, FtwWorkSpaceBase - 0x0
Ftw: FtwSpareLba     - 0x42, SpareBlockSize - 0x1000
Ftw: NumberOfWorkBlock - 0x1, FtwWorkBlockLba - 0x41
Ftw: WorkSpaceLbaInSpare - 0x0, WorkSpaceBaseInSpare - 0x0
Ftw: Remaining work space size - FE0
InstallProtocolInterface: 3EBD9E82-2C78-4DE6-9786-8D4BFCB7C881 70AF028
NOTICE - AuthVariableLibInitialize() returns Unsupported!
Variable driver will continue to work without auth variable support!
RecordSecureBootPolicyVarData GetVariable SecureBoot Status E
InstallProtocolInterface: 6441F818-6362-4E44-B570-7DBA31DD2453 0
Loading driver 378D7B65-8DA9-4773-B6E4-A47826A833E1
InstallProtocolInterface: 5B1B31A1-9562-11D2-8E3F-00A0C969723B 70E1540
Loading driver at 0x00007AB4000 EntryPoint=0x00007AB763C PcRtc.efi
InstallProtocolInterface: BC62157E-3E33-4FEC-9920-2D3B36D750DF 70E1C18
ProtectUefiImageCommon - 0x70E1540
  - 0x0000000007AB4000 - 0x0000000000007000
SetUefiImageMemoryAttributes - 0x0000000007AB4000 - 0x0000000000001000 (0x0000000000004008)
SetUefiImageMemoryAttributes - 0x0000000007AB5000 - 0x0000000000004000 (0x0000000000020008)
SetUefiImageMemoryAttributes - 0x0000000007AB9000 - 0x0000000000002000 (0x0000000000004008)
InstallProtocolInterface: 27CFAC87-46CC-11D4-9A38-0090273FC14D 0
Loading driver F099D67F-71AE-4C36-B2A3-DCEB0EB2B7D8
InstallProtocolInterface: 5B1B31A1-9562-11D2-8E3F-00A0C969723B 70E0140
Loading driver at 0x0000706E000 EntryPoint=0x0000706F62B WatchdogTimer.efi
InstallProtocolInterface: BC62157E-3E33-4FEC-9920-2D3B36D750DF 70E0B18
ProtectUefiImageCommon - 0x70E0140
  - 0x000000000706E000 - 0x00000000000020E0
InstallProtocolInterface: 665E3FF5-46CC-11D4-9A38-0090273FC14D 7070040
Loading driver AD608272-D07F-4964-801E-7BD3B7888652
InstallProtocolInterface: 5B1B31A1-9562-11D2-8E3F-00A0C969723B 70E05C0
Loading driver at 0x00007AAF000 EntryPoint=0x00007AB142E MonotonicCounterRuntimeDxe.efi
InstallProtocolInterface: BC62157E-3E33-4FEC-9920-2D3B36D750DF 70D0B18
ProtectUefiImageCommon - 0x70E05C0
  - 0x0000000007AAF000 - 0x0000000000005000
SetUefiImageMemoryAttributes - 0x0000000007AAF000 - 0x0000000000001000 (0x0000000000004008)
SetUefiImageMemoryAttributes - 0x0000000007AB0000 - 0x0000000000002000 (0x0000000000020008)
SetUefiImageMemoryAttributes - 0x0000000007AB2000 - 0x0000000000002000 (0x0000000000004008)
InstallProtocolInterface: 1DA97072-BDDC-4B30-99F1-72A0B56FFF2A 0
Loading driver 42857F0A-13F2-4B21-8A23-53D3F714B840
InstallProtocolInterface: 5B1B31A1-9562-11D2-8E3F-00A0C969723B 70D01C0
Loading driver at 0x00007AAA000 EntryPoint=0x00007AAC536 CapsuleRuntimeDxe.efi
InstallProtocolInterface: BC62157E-3E33-4FEC-9920-2D3B36D750DF 70D0798
ProtectUefiImageCommon - 0x70D01C0
  - 0x0000000007AAA000 - 0x0000000000005000
SetUefiImageMemoryAttributes - 0x0000000007AAA000 - 0x0000000000001000 (0x0000000000004008)
SetUefiImageMemoryAttributes - 0x0000000007AAB000 - 0x0000000000002000 (0x0000000000020008)
SetUefiImageMemoryAttributes - 0x0000000007AAD000 - 0x0000000000002000 (0x0000000000004008)
InstallProtocolInterface: 5053697E-2CBC-4819-90D9-0580DEEE5754 0
Loading driver EBF8ED7C-0DD1-4787-84F1-F48D537DCACF
InstallProtocolInterface: 5B1B31A1-9562-11D2-8E3F-00A0C969723B 708AD40
Loading driver at 0x00007059000 EntryPoint=0x0000705CE97 DriverHealthManagerDxe.efi
InstallProtocolInterface: BC62157E-3E33-4FEC-9920-2D3B36D750DF 708A898
ProtectUefiImageCommon - 0x708AD40
  - 0x0000000007059000 - 0x0000000000005A20
InstallProtocolInterface: 09576E91-6D3F-11D2-8E39-00A0C969723B 705E940
InstallProtocolInterface: 330D4706-F2A0-4E4F-A369-B66FA8D54385 705E918
Loading driver 6D33944A-EC75-4855-A54D-809C75241F6C
InstallProtocolInterface: 5B1B31A1-9562-11D2-8E3F-00A0C969723B 7089040
Loading driver at 0x00007025000 EntryPoint=0x000070390D6 BdsDxe.efi
InstallProtocolInterface: BC62157E-3E33-4FEC-9920-2D3B36D750DF 7089618
ProtectUefiImageCommon - 0x7089040
  - 0x0000000007025000 - 0x0000000000019260
Select Item: 0x0
FW CFG Signature: 0x554D4551
Select Item: 0x1
FW CFG Revision: 0x3
QemuFwCfg interface (DMA) is supported.
InstallProtocolInterface: 665E3FF6-46CC-11D4-9A38-0090273FC14D 703DA48
Loading driver 28A03FF4-12B3-4305-A417-BB1A4F94081E
InstallProtocolInterface: 5B1B31A1-9562-11D2-8E3F-00A0C969723B 7087D40
Loading driver at 0x00007043000 EntryPoint=0x00007049C6F RamDiskDxe.efi
InstallProtocolInterface: BC62157E-3E33-4FEC-9920-2D3B36D750DF 7087B98
ProtectUefiImageCommon - 0x7087D40
  - 0x0000000007043000 - 0x000000000000A160
InstallProtocolInterface: 09576E91-6D3F-11D2-8E39-00A0C969723B 7087798
InstallProtocolInterface: 330D4706-F2A0-4E4F-A369-B66FA8D54385 704CD90
InstallProtocolInterface: 09576E91-6D3F-11D2-8E39-00A0C969723B 704CED8
InstallProtocolInterface: 330D4706-F2A0-4E4F-A369-B66FA8D54385 70873B0
InstallProtocolInterface: AB38A0DF-6873-44A9-87E6-D4EB56148449 704CFD0
InstallProtocolInterface: 28A03FF4-12B3-4305-A417-BB1A4F94081E 7087398
Loading driver E660EA85-058E-4B55-A54B-F02F83A24707
InstallProtocolInterface: 5B1B31A1-9562-11D2-8E3F-00A0C969723B 706D6C0
Loading driver at 0x00006DEC000 EntryPoint=0x00006DFA956 DisplayEngine.efi
InstallProtocolInterface: BC62157E-3E33-4FEC-9920-2D3B36D750DF 707E718
ProtectUefiImageCommon - 0x706D6C0
  - 0x0000000006DEC000 - 0x0000000000013020
InstallProtocolInterface: 9BBE29E9-FDA1-41EC-AD52-452213742D2E 6DFEBA8
InstallProtocolInterface: 4311EDC0-6054-46D4-9E40-893EA952FCCC 6DFEBC0
Loading driver 4110465D-5FF3-4F4B-B580-24ED0D06747A
InstallProtocolInterface: 5B1B31A1-9562-11D2-8E3F-00A0C969723B 70630C0
Loading driver at 0x00007051000 EntryPoint=0x000070531C7 SmbiosPlatformDxe.efi
InstallProtocolInterface: BC62157E-3E33-4FEC-9920-2D3B36D750DF 706D998
ProtectUefiImageCommon - 0x70630C0
  - 0x0000000007051000 - 0x00000000000035E0
Select Item: 0x0
FW CFG Signature: 0x554D4551
Select Item: 0x1
FW CFG Revision: 0x3
QemuFwCfg interface (DMA) is supported.
Select Item: 0x19
Select Item: 0x27
SmbiosAdd: Smbios type 1 with size 0x53 is added to 32-bit table
SmbiosCreateTable: Initialize 32-bit entry point structure
SmbiosCreateTable() re-allocate SMBIOS 32-bit table
SmbiosAdd: Smbios type 3 with size 0x2C is added to 32-bit table
SmbiosAdd: Smbios type 4 with size 0x46 is added to 32-bit table
SmbiosAdd: Smbios type 16 with size 0x19 is added to 32-bit table
SmbiosAdd: Smbios type 17 with size 0x35 is added to 32-bit table
SmbiosAdd: Smbios type 19 with size 0x21 is added to 32-bit table
SmbiosAdd: Smbios type 32 with size 0xD is added to 32-bit table
SmbiosAdd: Smbios type 0 with size 0x4A is added to 32-bit table
Loading driver D9DCC5DF-4007-435E-9098-8970935504B2
InstallProtocolInterface: 5B1B31A1-9562-11D2-8E3F-00A0C969723B 70601C0
Loading driver at 0x00007019000 EntryPoint=0x0000701CDD8 PlatformDxe.efi
InstallProtocolInterface: BC62157E-3E33-4FEC-9920-2D3B36D750DF 7063498
ProtectUefiImageCommon - 0x70601C0
  - 0x0000000007019000 - 0x0000000000005BE0
InstallProtocolInterface: 09576E91-6D3F-11D2-8E39-00A0C969723B 701EAE8
InstallProtocolInterface: 330D4706-F2A0-4E4F-A369-B66FA8D54385 701EB70
Loading driver 93B80004-9FB3-11D4-9A3A-0090273FC14D
InstallProtocolInterface: 5B1B31A1-9562-11D2-8E3F-00A0C969723B 705F140
Loading driver at 0x00006DDE000 EntryPoint=0x00006DEA28E PciBusDxe.efi
InstallProtocolInterface: BC62157E-3E33-4FEC-9920-2D3B36D750DF 705F398
ProtectUefiImageCommon - 0x705F140
  - 0x0000000006DDE000 - 0x000000000000DF40
InstallProtocolInterface: 18A031AB-B443-4D1A-A5C0-0C09261E9F71 6DEBC90
InstallProtocolInterface: 107A772C-D5E1-11D4-9A46-0090273FC14D 6DEBC60
InstallProtocolInterface: 6A7A5CFF-E8D9-4F70-BADA-75AB3025CE14 6DEBC78
InstallProtocolInterface: 19CB87AB-2CB9-4665-8360-DDCF6054F79D 6DEBCC0
Loading driver 83DD3B39-7CAF-4FAC-A542-E050B767E3A7
InstallProtocolInterface: 5B1B31A1-9562-11D2-8E3F-00A0C969723B 70587C0
Loading driver at 0x00007021000 EntryPoint=0x00007023286 VirtioPciDeviceDxe.efi
InstallProtocolInterface: BC62157E-3E33-4FEC-9920-2D3B36D750DF 7058598
ProtectUefiImageCommon - 0x70587C0
  - 0x0000000007021000 - 0x0000000000003060
InstallProtocolInterface: 18A031AB-B443-4D1A-A5C0-0C09261E9F71 7023EB0
InstallProtocolInterface: 107A772C-D5E1-11D4-9A46-0090273FC14D 7023E80
InstallProtocolInterface: 6A7A5CFF-E8D9-4F70-BADA-75AB3025CE14 7023E98
Loading driver 0170F60C-1D40-4651-956D-F0BD9879D527
InstallProtocolInterface: 5B1B31A1-9562-11D2-8E3F-00A0C969723B 7057040
Loading driver at 0x0000700F000 EntryPoint=0x000070128EE Virtio10.efi
InstallProtocolInterface: BC62157E-3E33-4FEC-9920-2D3B36D750DF 7058298
ProtectUefiImageCommon - 0x7057040
  - 0x000000000700F000 - 0x0000000000004980
InstallProtocolInterface: 18A031AB-B443-4D1A-A5C0-0C09261E9F71 70138B0
InstallProtocolInterface: 107A772C-D5E1-11D4-9A46-0090273FC14D 7013880
InstallProtocolInterface: 6A7A5CFF-E8D9-4F70-BADA-75AB3025CE14 7013898
Loading driver 11D92DFB-3CA9-4F93-BA2E-4780ED3E03B5
InstallProtocolInterface: 5B1B31A1-9562-11D2-8E3F-00A0C969723B 7057440
Loading driver at 0x00007015000 EntryPoint=0x0000701779E VirtioBlkDxe.efi
InstallProtocolInterface: BC62157E-3E33-4FEC-9920-2D3B36D750DF 7057B98
ProtectUefiImageCommon - 0x7057440
  - 0x0000000007015000 - 0x0000000000003560
InstallProtocolInterface: 18A031AB-B443-4D1A-A5C0-0C09261E9F71 7018450
InstallProtocolInterface: 107A772C-D5E1-11D4-9A46-0090273FC14D 7018420
InstallProtocolInterface: 6A7A5CFF-E8D9-4F70-BADA-75AB3025CE14 7018438
Loading driver FAB5D4F4-83C0-4AAF-8480-442D11DF6CEA
InstallProtocolInterface: 5B1B31A1-9562-11D2-8E3F-00A0C969723B 7056040
Loading driver at 0x0000700B000 EntryPoint=0x0000700DC2F VirtioScsiDxe.efi
InstallProtocolInterface: BC62157E-3E33-4FEC-9920-2D3B36D750DF 7056F18
ProtectUefiImageCommon - 0x7056040
  - 0x000000000700B000 - 0x00000000000039A0
InstallProtocolInterface: 18A031AB-B443-4D1A-A5C0-0C09261E9F71 700E890
InstallProtocolInterface: 107A772C-D5E1-11D4-9A46-0090273FC14D 700E860
InstallProtocolInterface: 6A7A5CFF-E8D9-4F70-BADA-75AB3025CE14 700E878
Loading driver 58E26F0D-CBAC-4BBA-B70F-18221415665A
InstallProtocolInterface: 5B1B31A1-9562-11D2-8E3F-00A0C969723B 7056440
Loading driver at 0x00007040000 EntryPoint=0x00007042297 VirtioRngDxe.efi
InstallProtocolInterface: BC62157E-3E33-4FEC-9920-2D3B36D750DF 7056698
ProtectUefiImageCommon - 0x7056440
  - 0x0000000007040000 - 0x0000000000002F60
InstallProtocolInterface: 18A031AB-B443-4D1A-A5C0-0C09261E9F71 7042E50
InstallProtocolInterface: 107A772C-D5E1-11D4-9A46-0090273FC14D 7042E20
InstallProtocolInterface: 6A7A5CFF-E8D9-4F70-BADA-75AB3025CE14 7042E38
Loading driver 51CCF399-4FDF-4E55-A45B-E123F84D456A
InstallProtocolInterface: 5B1B31A1-9562-11D2-8E3F-00A0C969723B 7055B40
Loading driver at 0x00007003000 EntryPoint=0x00007005AFB ConPlatformDxe.efi
InstallProtocolInterface: BC62157E-3E33-4FEC-9920-2D3B36D750DF 7055E18
ProtectUefiImageCommon - 0x7055B40
  - 0x0000000007003000 - 0x0000000000003D20
InstallProtocolInterface: 18A031AB-B443-4D1A-A5C0-0C09261E9F71 7006AB0
InstallProtocolInterface: 107A772C-D5E1-11D4-9A46-0090273FC14D 7006A80
InstallProtocolInterface: 6A7A5CFF-E8D9-4F70-BADA-75AB3025CE14 7006A98
InstallProtocolInterface: 18A031AB-B443-4D1A-A5C0-0C09261E9F71 7006AE0
InstallProtocolInterface: 107A772C-D5E1-11D4-9A46-0090273FC14D 7006A80
InstallProtocolInterface: 6A7A5CFF-E8D9-4F70-BADA-75AB3025CE14 7006A98
Loading driver 408EDCEC-CF6D-477C-A5A8-B4844E3DE281
InstallProtocolInterface: 5B1B31A1-9562-11D2-8E3F-00A0C969723B 7055240
Loading driver at 0x00006DCE000 EntryPoint=0x00006DD341B ConSplitterDxe.efi
InstallProtocolInterface: BC62157E-3E33-4FEC-9920-2D3B36D750DF 7055518
ProtectUefiImageCommon - 0x7055240
  - 0x0000000006DCE000 - 0x0000000000007040
InstallProtocolInterface: 18A031AB-B443-4D1A-A5C0-0C09261E9F71 6DD4850
InstallProtocolInterface: 107A772C-D5E1-11D4-9A46-0090273FC14D 6DD4820
InstallProtocolInterface: 6A7A5CFF-E8D9-4F70-BADA-75AB3025CE14 6DD4838
InstallProtocolInterface: 18A031AB-B443-4D1A-A5C0-0C09261E9F71 6DD4910
InstallProtocolInterface: 107A772C-D5E1-11D4-9A46-0090273FC14D 6DD48E0
InstallProtocolInterface: 6A7A5CFF-E8D9-4F70-BADA-75AB3025CE14 6DD48F8
InstallProtocolInterface: 18A031AB-B443-4D1A-A5C0-0C09261E9F71 6DD47F0
InstallProtocolInterface: 107A772C-D5E1-11D4-9A46-0090273FC14D 6DD47C0
InstallProtocolInterface: 6A7A5CFF-E8D9-4F70-BADA-75AB3025CE14 6DD47D8
InstallProtocolInterface: 18A031AB-B443-4D1A-A5C0-0C09261E9F71 6DD48B0
InstallProtocolInterface: 107A772C-D5E1-11D4-9A46-0090273FC14D 6DD4880
InstallProtocolInterface: 6A7A5CFF-E8D9-4F70-BADA-75AB3025CE14 6DD4898
InstallProtocolInterface: 18A031AB-B443-4D1A-A5C0-0C09261E9F71 6DD4970
InstallProtocolInterface: 107A772C-D5E1-11D4-9A46-0090273FC14D 6DD4940
InstallProtocolInterface: 6A7A5CFF-E8D9-4F70-BADA-75AB3025CE14 6DD4958
InstallProtocolInterface: 387477C1-69C7-11D2-8E39-00A0C969723B 6DD4AB0
InstallProtocolInterface: DD9E7534-7762-4698-8C14-F58517A625AA 6DD4AE0
InstallProtocolInterface: 31878C87-0B75-11D5-9A4F-0090273FC14D 6DD4B50
InstallProtocolInterface: 8D59D32B-C655-4AE9-9B15-F25904992A43 6DD4BA8
InstallProtocolInterface: 387477C2-69C7-11D2-8E39-00A0C969723B 6DD4C38
InstallProtocolInterface: 387477C2-69C7-11D2-8E39-00A0C969723B 6DD4E30
Loading driver CCCB0C28-4B24-11D5-9A5A-0090273FC14D
InstallProtocolInterface: 5B1B31A1-9562-11D2-8E3F-00A0C969723B 703F9C0
Loading driver at 0x00006DC8000 EntryPoint=0x00006DCB697 GraphicsConsoleDxe.efi
InstallProtocolInterface: BC62157E-3E33-4FEC-9920-2D3B36D750DF 703F318
ProtectUefiImageCommon - 0x703F9C0
  - 0x0000000006DC8000 - 0x0000000000005EE0
InstallProtocolInterface: 18A031AB-B443-4D1A-A5C0-0C09261E9F71 6DCC708
InstallProtocolInterface: 107A772C-D5E1-11D4-9A46-0090273FC14D 6DCC6D8
InstallProtocolInterface: 6A7A5CFF-E8D9-4F70-BADA-75AB3025CE14 6DCC6F0
Loading driver 9E863906-A40F-4875-977F-5B93FF237FC6
InstallProtocolInterface: 5B1B31A1-9562-11D2-8E3F-00A0C969723B 7020B40
Loading driver at 0x00006DC0000 EntryPoint=0x00006DC5D53 TerminalDxe.efi
InstallProtocolInterface: BC62157E-3E33-4FEC-9920-2D3B36D750DF 7020098
ProtectUefiImageCommon - 0x7020B40
  - 0x0000000006DC0000 - 0x00000000000076E0
InstallProtocolInterface: 18A031AB-B443-4D1A-A5C0-0C09261E9F71 6DC73C0
InstallProtocolInterface: 107A772C-D5E1-11D4-9A46-0090273FC14D 6DC7390
InstallProtocolInterface: 6A7A5CFF-E8D9-4F70-BADA-75AB3025CE14 6DC73A8
Loading driver 806040CA-DAD9-4978-A3B4-2D2AB0C8A48F
InstallProtocolInterface: 5B1B31A1-9562-11D2-8E3F-00A0C969723B 7020240
Loading driver at 0x00006DBB000 EntryPoint=0x00006DBDA69 QemuKernelLoaderFsDxe.efi
InstallProtocolInterface: BC62157E-3E33-4FEC-9920-2D3B36D750DF 7020618
ProtectUefiImageCommon - 0x7020240
  - 0x0000000006DBB000 - 0x0000000000004320
Select Item: 0x0
FW CFG Signature: 0x554D4551
Select Item: 0x1
FW CFG Revision: 0x3
QemuFwCfg interface (DMA) is supported.
Select Item: 0x17
Select Item: 0x8
Select Item: 0xB
Select Item: 0x14
Error: Image at 00006DBB000 start failed: Not Found
Loading driver 6B38F7B4-AD98-40E9-9093-ACA2B5A253C4
InstallProtocolInterface: 5B1B31A1-9562-11D2-8E3F-00A0C969723B 7020240
Loading driver at 0x00006DBB000 EntryPoint=0x00006DBE386 DiskIoDxe.efi
InstallProtocolInterface: BC62157E-3E33-4FEC-9920-2D3B36D750DF 7020598
ProtectUefiImageCommon - 0x7020240
  - 0x0000000006DBB000 - 0x0000000000004660
InstallProtocolInterface: 18A031AB-B443-4D1A-A5C0-0C09261E9F71 6DBF4B0
InstallProtocolInterface: 107A772C-D5E1-11D4-9A46-0090273FC14D 6DBF480
InstallProtocolInterface: 6A7A5CFF-E8D9-4F70-BADA-75AB3025CE14 6DBF498
Loading driver 1FA1F39E-FEFF-4AAE-BD7B-38A070A3B609
InstallProtocolInterface: 5B1B31A1-9562-11D2-8E3F-00A0C969723B 701F0C0
Loading driver at 0x00006DB4000 EntryPoint=0x00006DB8B19 PartitionDxe.efi
InstallProtocolInterface: BC62157E-3E33-4FEC-9920-2D3B36D750DF 701FA98
ProtectUefiImageCommon - 0x701F0C0
  - 0x0000000006DB4000 - 0x0000000000006020
InstallProtocolInterface: 18A031AB-B443-4D1A-A5C0-0C09261E9F71 6DB9F40
InstallProtocolInterface: 107A772C-D5E1-11D4-9A46-0090273FC14D 6DB9F10
InstallProtocolInterface: 6A7A5CFF-E8D9-4F70-BADA-75AB3025CE14 6DB9F28
Loading driver CD3BAFB6-50FB-4FE8-8E4E-AB74D2C1A600
InstallProtocolInterface: 5B1B31A1-9562-11D2-8E3F-00A0C969723B 701F4C0
Loading driver at 0x00006DDB000 EntryPoint=0x00006DDC7B3 EnglishDxe.efi
InstallProtocolInterface: BC62157E-3E33-4FEC-9920-2D3B36D750DF 7014018
ProtectUefiImageCommon - 0x701F4C0
  - 0x0000000006DDB000 - 0x0000000000002420
InstallProtocolInterface: 1D85CD7F-F43D-11D2-9A0C-0090273FC14D 6DDD058
InstallProtocolInterface: A4C751FC-23AE-4C3E-92E9-4964CF63F349 6DDD020
Loading driver 0167CCC4-D0F7-4F21-A3EF-9E64B7CDCE8B
InstallProtocolInterface: 5B1B31A1-9562-11D2-8E3F-00A0C969723B 70148C0
Loading driver at 0x00006DB0000 EntryPoint=0x00006DB2F24 ScsiBus.efi
InstallProtocolInterface: BC62157E-3E33-4FEC-9920-2D3B36D750DF 7014218
ProtectUefiImageCommon - 0x70148C0
  - 0x0000000006DB0000 - 0x0000000000003D80
InstallProtocolInterface: 18A031AB-B443-4D1A-A5C0-0C09261E9F71 6DB3CA0
InstallProtocolInterface: 107A772C-D5E1-11D4-9A46-0090273FC14D 6DB3CD0
InstallProtocolInterface: 6A7A5CFF-E8D9-4F70-BADA-75AB3025CE14 6DB3CE8
Loading driver 0A66E322-3740-4CCE-AD62-BD172CECCA35
InstallProtocolInterface: 5B1B31A1-9562-11D2-8E3F-00A0C969723B 70143C0
Loading driver at 0x00006D9C000 EntryPoint=0x00006DA3FD6 ScsiDisk.efi
InstallProtocolInterface: BC62157E-3E33-4FEC-9920-2D3B36D750DF 700AB18
ProtectUefiImageCommon - 0x70143C0
  - 0x0000000006D9C000 - 0x00000000000095C0
InstallProtocolInterface: 18A031AB-B443-4D1A-A5C0-0C09261E9F71 6DA54C0
InstallProtocolInterface: 107A772C-D5E1-11D4-9A46-0090273FC14D 6DA5490
InstallProtocolInterface: 6A7A5CFF-E8D9-4F70-BADA-75AB3025CE14 6DA54A8
Loading driver 021722D8-522B-4079-852A-FE44C2C13F49
InstallProtocolInterface: 5B1B31A1-9562-11D2-8E3F-00A0C969723B 700A7C0
Loading driver at 0x00006DAC000 EntryPoint=0x00006DAE397 SataController.efi
InstallProtocolInterface: BC62157E-3E33-4FEC-9920-2D3B36D750DF 700AD18
ProtectUefiImageCommon - 0x700A7C0
  - 0x0000000006DAC000 - 0x0000000000003280
InstallProtocolInterface: 18A031AB-B443-4D1A-A5C0-0C09261E9F71 6DAF190
InstallProtocolInterface: 107A772C-D5E1-11D4-9A46-0090273FC14D 6DAF160
InstallProtocolInterface: 6A7A5CFF-E8D9-4F70-BADA-75AB3025CE14 6DAF178
Loading driver 5E523CB4-D397-4986-87BD-A6DD8B22F455
InstallProtocolInterface: 5B1B31A1-9562-11D2-8E3F-00A0C969723B 7009040
Loading driver at 0x00006D86000 EntryPoint=0x00006D8E921 AtaAtapiPassThruDxe.efi
InstallProtocolInterface: BC62157E-3E33-4FEC-9920-2D3B36D750DF 7009D18
ProtectUefiImageCommon - 0x7009040
  - 0x0000000006D86000 - 0x000000000000AB20
InstallProtocolInterface: 18A031AB-B443-4D1A-A5C0-0C09261E9F71 6D90710
InstallProtocolInterface: 107A772C-D5E1-11D4-9A46-0090273FC14D 6D906E0
InstallProtocolInterface: 6A7A5CFF-E8D9-4F70-BADA-75AB3025CE14 6D906F8
Loading driver 19DF145A-B1D4-453F-8507-38816676D7F6
InstallProtocolInterface: 5B1B31A1-9562-11D2-8E3F-00A0C969723B 70099C0
Loading driver at 0x00006D7F000 EntryPoint=0x00006D83842 AtaBusDxe.efi
InstallProtocolInterface: BC62157E-3E33-4FEC-9920-2D3B36D750DF 7009898
ProtectUefiImageCommon - 0x70099C0
  - 0x0000000006D7F000 - 0x0000000000006240
InstallProtocolInterface: 18A031AB-B443-4D1A-A5C0-0C09261E9F71 6D84E10
InstallProtocolInterface: 107A772C-D5E1-11D4-9A46-0090273FC14D 6D84DE0
InstallProtocolInterface: 6A7A5CFF-E8D9-4F70-BADA-75AB3025CE14 6D84DF8
Loading driver 5BE3BDF4-53CF-46A3-A6A9-73C34A6E5EE3
InstallProtocolInterface: 5B1B31A1-9562-11D2-8E3F-00A0C969723B 7002040
Loading driver at 0x00006D75000 EntryPoint=0x00006D7C276 NvmExpressDxe.efi
InstallProtocolInterface: BC62157E-3E33-4FEC-9920-2D3B36D750DF 7009598
ProtectUefiImageCommon - 0x7002040
  - 0x0000000006D75000 - 0x0000000000009300
InstallProtocolInterface: 18A031AB-B443-4D1A-A5C0-0C09261E9F71 6D7E1D0
InstallProtocolInterface: 107A772C-D5E1-11D4-9A46-0090273FC14D 6D7E170
InstallProtocolInterface: 6A7A5CFF-E8D9-4F70-BADA-75AB3025CE14 6D7E188
InstallProtocolInterface: 5C198761-16A8-4E69-972C-89D67954F81D 6D7E200
Loading driver 864E1CA8-85EB-4D63-9DCC-6E0FC90FFD55
InstallProtocolInterface: 5B1B31A1-9562-11D2-8E3F-00A0C969723B 7002440
Loading driver at 0x00006DA8000 EntryPoint=0x00006DAA2F2 SioBusDxe.efi
InstallProtocolInterface: BC62157E-3E33-4FEC-9920-2D3B36D750DF 7002798
ProtectUefiImageCommon - 0x7002440
  - 0x0000000006DA8000 - 0x0000000000003120
InstallProtocolInterface: 18A031AB-B443-4D1A-A5C0-0C09261E9F71 6DAB020
InstallProtocolInterface: 107A772C-D5E1-11D4-9A46-0090273FC14D 6DAAFF0
InstallProtocolInterface: 6A7A5CFF-E8D9-4F70-BADA-75AB3025CE14 6DAB008
Loading driver E2775B47-D453-4EE3-ADA7-391A1B05AC17
InstallProtocolInterface: 5B1B31A1-9562-11D2-8E3F-00A0C969723B 7001B40
Loading driver at 0x00006D6E000 EntryPoint=0x00006D72B9B PciSioSerialDxe.efi
InstallProtocolInterface: BC62157E-3E33-4FEC-9920-2D3B36D750DF 7001098
ProtectUefiImageCommon - 0x7001B40
  - 0x0000000006D6E000 - 0x0000000000006060
InstallProtocolInterface: 18A031AB-B443-4D1A-A5C0-0C09261E9F71 6D73E90
InstallProtocolInterface: 107A772C-D5E1-11D4-9A46-0090273FC14D 6D73E60
InstallProtocolInterface: 6A7A5CFF-E8D9-4F70-BADA-75AB3025CE14 6D73E78
Loading driver C4D1F932-821F-4744-BF06-6D30F7730F8D
InstallProtocolInterface: 5B1B31A1-9562-11D2-8E3F-00A0C969723B 7001240
Loading driver at 0x00006D68000 EntryPoint=0x00006D6C221 Ps2KeyboardDxe.efi
InstallProtocolInterface: BC62157E-3E33-4FEC-9920-2D3B36D750DF 7001598
ProtectUefiImageCommon - 0x7001240
  - 0x0000000006D68000 - 0x0000000000005820
InstallProtocolInterface: 18A031AB-B443-4D1A-A5C0-0C09261E9F71 6D6D6E0
InstallProtocolInterface: 107A772C-D5E1-11D4-9A46-0090273FC14D 6D6D720
InstallProtocolInterface: 6A7A5CFF-E8D9-4F70-BADA-75AB3025CE14 6D6D738
Loading driver B8E62775-BB0A-43F0-A843-5BE8B14F8CCD
InstallProtocolInterface: 5B1B31A1-9562-11D2-8E3F-00A0C969723B 7000CC0
Loading driver at 0x00006D99000 EntryPoint=0x00006D9AB8F BootGraphicsResourceTableDxe.efi
InstallProtocolInterface: BC62157E-3E33-4FEC-9920-2D3B36D750DF 7000918
ProtectUefiImageCommon - 0x7000CC0
  - 0x0000000006D99000 - 0x0000000000002900
InstallProtocolInterface: CDEA2BD3-FC25-4C1C-B97C-B31186064990 6D9B858
InstallProtocolInterface: 4B5DC1DF-1EAA-48B2-A7E9-EAC489A00B5C 6D9B848
Loading driver 961578FE-B6B7-44C3-AF35-6BC705CD2B1F
InstallProtocolInterface: 5B1B31A1-9562-11D2-8E3F-00A0C969723B 6DDA040
Loading driver at 0x00006D54000 EntryPoint=0x00006D5BA3D Fat.efi
InstallProtocolInterface: BC62157E-3E33-4FEC-9920-2D3B36D750DF 7000618
ProtectUefiImageCommon - 0x6DDA040
  - 0x0000000006D54000 - 0x0000000000009340
InstallProtocolInterface: 18A031AB-B443-4D1A-A5C0-0C09261E9F71 6D5D248
InstallProtocolInterface: 107A772C-D5E1-11D4-9A46-0090273FC14D 6D5D218
InstallProtocolInterface: 6A7A5CFF-E8D9-4F70-BADA-75AB3025CE14 6D5D230
Loading driver 905F13B0-8F91-4B0A-BD76-E1E78F9422E4
InstallProtocolInterface: 5B1B31A1-9562-11D2-8E3F-00A0C969723B 6DDA2C0
Loading driver at 0x00006D61000 EntryPoint=0x00006D65F52 UdfDxe.efi
InstallProtocolInterface: BC62157E-3E33-4FEC-9920-2D3B36D750DF 6DDA518
ProtectUefiImageCommon - 0x6DDA2C0
  - 0x0000000006D61000 - 0x0000000000006200
InstallProtocolInterface: 18A031AB-B443-4D1A-A5C0-0C09261E9F71 6D670D0
InstallProtocolInterface: 107A772C-D5E1-11D4-9A46-0090273FC14D 6D67090
InstallProtocolInterface: 6A7A5CFF-E8D9-4F70-BADA-75AB3025CE14 6D670A8
Loading driver 7BD9DDF7-8B83-488E-AEC9-24C78610289C
InstallProtocolInterface: 5B1B31A1-9562-11D2-8E3F-00A0C969723B 6DDA6C0
Loading driver at 0x00006D40000 EntryPoint=0x00006D47557 VirtioFsDxe.efi
InstallProtocolInterface: BC62157E-3E33-4FEC-9920-2D3B36D750DF 6DD9E98
ProtectUefiImageCommon - 0x6DDA6C0
  - 0x0000000006D40000 - 0x00000000000090C0
InstallProtocolInterface: 18A031AB-B443-4D1A-A5C0-0C09261E9F71 6D49090
InstallProtocolInterface: 6A7A5CFF-E8D9-4F70-BADA-75AB3025CE14 6D49070
Loading driver A2F436EA-A127-4EF8-957C-8048606FF670
InstallProtocolInterface: 5B1B31A1-9562-11D2-8E3F-00A0C969723B 6DD90C0
Loading driver at 0x00006D4D000 EntryPoint=0x00006D523D6 SnpDxe.efi
InstallProtocolInterface: BC62157E-3E33-4FEC-9920-2D3B36D750DF 6DD9918
ProtectUefiImageCommon - 0x6DD90C0
  - 0x0000000006D4D000 - 0x0000000000006C60
InstallProtocolInterface: 18A031AB-B443-4D1A-A5C0-0C09261E9F71 6D53BB0
InstallProtocolInterface: 107A772C-D5E1-11D4-9A46-0090273FC14D 6D53B80
InstallProtocolInterface: 6A7A5CFF-E8D9-4F70-BADA-75AB3025CE14 6D53B98
Loading driver E4F61863-FE2C-4B56-A8F4-08519BC439DF
InstallProtocolInterface: 5B1B31A1-9562-11D2-8E3F-00A0C969723B 6DD8040
Loading driver at 0x00006D39000 EntryPoint=0x00006D3DA98 VlanConfigDxe.efi
InstallProtocolInterface: BC62157E-3E33-4FEC-9920-2D3B36D750DF 6DD8E98
ProtectUefiImageCommon - 0x6DD8040
  - 0x0000000006D39000 - 0x0000000000006AA0
InstallProtocolInterface: 18A031AB-B443-4D1A-A5C0-0C09261E9F71 6D3F838
InstallProtocolInterface: 107A772C-D5E1-11D4-9A46-0090273FC14D 6D3F808
InstallProtocolInterface: 6A7A5CFF-E8D9-4F70-BADA-75AB3025CE14 6D3F820
Loading driver 025BBFC7-E6A9-4B8B-82AD-6815A1AEAF4A
InstallProtocolInterface: 5B1B31A1-9562-11D2-8E3F-00A0C969723B 6DD89C0
Loading driver at 0x00006D25000 EntryPoint=0x00006D2C4F1 MnpDxe.efi
InstallProtocolInterface: BC62157E-3E33-4FEC-9920-2D3B36D750DF 6DD8918
ProtectUefiImageCommon - 0x6DD89C0
  - 0x0000000006D25000 - 0x0000000000009A80
InstallProtocolInterface: 18A031AB-B443-4D1A-A5C0-0C09261E9F71 6D2E920
InstallProtocolInterface: 107A772C-D5E1-11D4-9A46-0090273FC14D 6D2E8F0
InstallProtocolInterface: 6A7A5CFF-E8D9-4F70-BADA-75AB3025CE14 6D2E908
Loading driver 529D3F93-E8E9-4E73-B1E1-BDF6A9D50113
InstallProtocolInterface: 5B1B31A1-9562-11D2-8E3F-00A0C969723B 6DD7040
Loading driver at 0x00006D33000 EntryPoint=0x00006D372BA ArpDxe.efi
InstallProtocolInterface: BC62157E-3E33-4FEC-9920-2D3B36D750DF 6DD7F18
ProtectUefiImageCommon - 0x6DD7040
  - 0x0000000006D33000 - 0x0000000000005860
InstallProtocolInterface: 18A031AB-B443-4D1A-A5C0-0C09261E9F71 6D38690
InstallProtocolInterface: 107A772C-D5E1-11D4-9A46-0090273FC14D 6D38660
InstallProtocolInterface: 6A7A5CFF-E8D9-4F70-BADA-75AB3025CE14 6D38678
Loading driver 94734718-0BBC-47FB-96A5-EE7A5AE6A2AD
InstallProtocolInterface: 5B1B31A1-9562-11D2-8E3F-00A0C969723B 6DD7440
Loading driver at 0x00006D11000 EntryPoint=0x00006D187AF Dhcp4Dxe.efi
InstallProtocolInterface: BC62157E-3E33-4FEC-9920-2D3B36D750DF 6DD7A18
ProtectUefiImageCommon - 0x6DD7440
  - 0x0000000006D11000 - 0x0000000000009E80
InstallProtocolInterface: 18A031AB-B443-4D1A-A5C0-0C09261E9F71 6D1AC10
InstallProtocolInterface: 107A772C-D5E1-11D4-9A46-0090273FC14D 6D1ABE0
InstallProtocolInterface: 6A7A5CFF-E8D9-4F70-BADA-75AB3025CE14 6D1ABF8
Loading driver 9FB1A1F3-3B71-4324-B39A-745CBB015FFF
InstallProtocolInterface: 5B1B31A1-9562-11D2-8E3F-00A0C969723B 6DD6040
Loading driver at 0x00006CE9000 EntryPoint=0x00006CF89D7 Ip4Dxe.efi
InstallProtocolInterface: BC62157E-3E33-4FEC-9920-2D3B36D750DF 6DD6C98
ProtectUefiImageCommon - 0x6DD6040
  - 0x0000000006CE9000 - 0x0000000000013580
Select Item: 0x0
FW CFG Signature: 0x554D4551
Select Item: 0x1
FW CFG Revision: 0x3
QemuFwCfg interface (DMA) is supported.
Select Item: 0x19
InstallProtocolInterface: 18A031AB-B443-4D1A-A5C0-0C09261E9F71 6CFC300
InstallProtocolInterface: 107A772C-D5E1-11D4-9A46-0090273FC14D 6CFC2C0
InstallProtocolInterface: 6A7A5CFF-E8D9-4F70-BADA-75AB3025CE14 6CFC2D8
Loading driver 6D6963AB-906D-4A65-A7CA-BD40E5D6AF2B
InstallProtocolInterface: 5B1B31A1-9562-11D2-8E3F-00A0C969723B 6DD64C0
Loading driver at 0x00006D08000 EntryPoint=0x00006D0EB6E Udp4Dxe.efi
InstallProtocolInterface: BC62157E-3E33-4FEC-9920-2D3B36D750DF 6DA7F18
ProtectUefiImageCommon - 0x6DD64C0
  - 0x0000000006D08000 - 0x0000000000008780
InstallProtocolInterface: 18A031AB-B443-4D1A-A5C0-0C09261E9F71 6D10630
InstallProtocolInterface: 107A772C-D5E1-11D4-9A46-0090273FC14D 6D10600
InstallProtocolInterface: 6A7A5CFF-E8D9-4F70-BADA-75AB3025CE14 6D10618
Loading driver DC3641B8-2FA8-4ED3-BC1F-F9962A03454B
InstallProtocolInterface: 5B1B31A1-9562-11D2-8E3F-00A0C969723B 6DA71C0
Loading driver at 0x00006CFF000 EntryPoint=0x00006D061E7 Mtftp4Dxe.efi
InstallProtocolInterface: BC62157E-3E33-4FEC-9920-2D3B36D750DF 6DA7A18
ProtectUefiImageCommon - 0x6DA71C0
  - 0x0000000006CFF000 - 0x0000000000008D40
InstallProtocolInterface: 18A031AB-B443-4D1A-A5C0-0C09261E9F71 6D07BD0
InstallProtocolInterface: 107A772C-D5E1-11D4-9A46-0090273FC14D 6D07BA0
InstallProtocolInterface: 6A7A5CFF-E8D9-4F70-BADA-75AB3025CE14 6D07BB8
Loading driver 1A7E4468-2F55-4A56-903C-01265EB7622B
InstallProtocolInterface: 5B1B31A1-9562-11D2-8E3F-00A0C969723B 6DA7640
Loading driver at 0x00006CC7000 EntryPoint=0x00006CD3A87 TcpDxe.efi
InstallProtocolInterface: BC62157E-3E33-4FEC-9920-2D3B36D750DF 6DA6018
ProtectUefiImageCommon - 0x6DA7640
  - 0x0000000006CC7000 - 0x0000000000010C00
InstallProtocolInterface: 18A031AB-B443-4D1A-A5C0-0C09261E9F71 6CD78A0
InstallProtocolInterface: 107A772C-D5E1-11D4-9A46-0090273FC14D 6CD7998
InstallProtocolInterface: 6A7A5CFF-E8D9-4F70-BADA-75AB3025CE14 6CD79B0
InstallProtocolInterface: 18A031AB-B443-4D1A-A5C0-0C09261E9F71 6CD7920
InstallProtocolInterface: 107A772C-D5E1-11D4-9A46-0090273FC14D 6CD7998
InstallProtocolInterface: 6A7A5CFF-E8D9-4F70-BADA-75AB3025CE14 6CD79B0
Loading driver B95E9FDA-26DE-48D2-8807-1F9107AC5E3A
InstallProtocolInterface: 5B1B31A1-9562-11D2-8E3F-00A0C969723B 6DA62C0
Loading driver at 0x00006CA3000 EntryPoint=0x00006CB17EF UefiPxeBcDxe.efi
InstallProtocolInterface: BC62157E-3E33-4FEC-9920-2D3B36D750DF 6DA6118
ProtectUefiImageCommon - 0x6DA62C0
  - 0x0000000006CA3000 - 0x0000000000011340
Select Item: 0x0
FW CFG Signature: 0x554D4551
Select Item: 0x1
FW CFG Revision: 0x3
QemuFwCfg interface (DMA) is supported.
Select Item: 0x19
Select Item: 0x19
InstallProtocolInterface: 18A031AB-B443-4D1A-A5C0-0C09261E9F71 6CB40F8
InstallProtocolInterface: 107A772C-D5E1-11D4-9A46-0090273FC14D 6CB40C8
InstallProtocolInterface: 6A7A5CFF-E8D9-4F70-BADA-75AB3025CE14 6CB40E0
InstallProtocolInterface: 18A031AB-B443-4D1A-A5C0-0C09261E9F71 6CB4128
InstallProtocolInterface: 107A772C-D5E1-11D4-9A46-0090273FC14D 6CB40C8
InstallProtocolInterface: 6A7A5CFF-E8D9-4F70-BADA-75AB3025CE14 6CB40E0
Loading driver 86CDDF93-4872-4597-8AF9-A35AE4D3725F
InstallProtocolInterface: 5B1B31A1-9562-11D2-8E3F-00A0C969723B 6D980C0
Loading driver at 0x00006C69000 EntryPoint=0x00006C7DD77 IScsiDxe.efi
InstallProtocolInterface: BC62157E-3E33-4FEC-9920-2D3B36D750DF 6DA6798
ProtectUefiImageCommon - 0x6D980C0
  - 0x0000000006C69000 - 0x000000000001CF40
InstallProtocolInterface: 18A031AB-B443-4D1A-A5C0-0C09261E9F71 6C85CE0
InstallProtocolInterface: 107A772C-D5E1-11D4-9A46-0090273FC14D 6C85C50
InstallProtocolInterface: 6A7A5CFF-E8D9-4F70-BADA-75AB3025CE14 6C85C68
InstallProtocolInterface: 18A031AB-B443-4D1A-A5C0-0C09261E9F71 6C85D10
InstallProtocolInterface: 107A772C-D5E1-11D4-9A46-0090273FC14D 6C85C50
InstallProtocolInterface: 6A7A5CFF-E8D9-4F70-BADA-75AB3025CE14 6C85C68
InstallProtocolInterface: 59324945-EC44-4C0D-B1CD-9DB139DF070C 6C85CD0
InstallProtocolInterface: 09576E91-6D3F-11D2-8E39-00A0C969723B 6C85DA0
InstallProtocolInterface: 330D4706-F2A0-4E4F-A369-B66FA8D54385 6D97EA8
InstallProtocolInterface: 7671D9D0-53DB-4173-AA69-2327F21F0BC7 6C85C40
Loading driver A92CDB4B-82F1-4E0B-A516-8A655D371524
InstallProtocolInterface: 5B1B31A1-9562-11D2-8E3F-00A0C969723B 6D97840
Loading driver at 0x00006CE3000 EntryPoint=0x00006CE6F44 VirtioNetDxe.efi
InstallProtocolInterface: BC62157E-3E33-4FEC-9920-2D3B36D750DF 6D98418
ProtectUefiImageCommon - 0x6D97840
  - 0x0000000006CE3000 - 0x0000000000005020
InstallProtocolInterface: 18A031AB-B443-4D1A-A5C0-0C09261E9F71 6CE7F40
InstallProtocolInterface: 107A772C-D5E1-11D4-9A46-0090273FC14D 6CE7F10
InstallProtocolInterface: 6A7A5CFF-E8D9-4F70-BADA-75AB3025CE14 6CE7F28
Loading driver 2FB92EFA-2EE0-4BAE-9EB6-7464125E1EF7
InstallProtocolInterface: 5B1B31A1-9562-11D2-8E3F-00A0C969723B 6D92840
Loading driver at 0x00006CDC000 EntryPoint=0x00006CE1438 UhciDxe.efi
InstallProtocolInterface: BC62157E-3E33-4FEC-9920-2D3B36D750DF 6D92518
ProtectUefiImageCommon - 0x6D92840
  - 0x0000000006CDC000 - 0x0000000000006980
InstallProtocolInterface: 18A031AB-B443-4D1A-A5C0-0C09261E9F71 6CE28D0
InstallProtocolInterface: 107A772C-D5E1-11D4-9A46-0090273FC14D 6CE28A0
InstallProtocolInterface: 6A7A5CFF-E8D9-4F70-BADA-75AB3025CE14 6CE28B8
Loading driver BDFE430E-8F2A-4DB0-9991-6F856594777E
InstallProtocolInterface: 5B1B31A1-9562-11D2-8E3F-00A0C969723B 6D94040
Loading driver at 0x00006CBF000 EntryPoint=0x00006CC5191 EhciDxe.efi
InstallProtocolInterface: BC62157E-3E33-4FEC-9920-2D3B36D750DF 6D94C18
ProtectUefiImageCommon - 0x6D94040
  - 0x0000000006CBF000 - 0x0000000000007F00
InstallProtocolInterface: 18A031AB-B443-4D1A-A5C0-0C09261E9F71 6CC6E30
InstallProtocolInterface: 107A772C-D5E1-11D4-9A46-0090273FC14D 6CC6E00
InstallProtocolInterface: 6A7A5CFF-E8D9-4F70-BADA-75AB3025CE14 6CC6E18
Loading driver B7F50E91-A759-412C-ADE4-DCD03E7F7C28
InstallProtocolInterface: 5B1B31A1-9562-11D2-8E3F-00A0C969723B 6D94D40
Loading driver at 0x00006C8A000 EntryPoint=0x00006C933BE XhciDxe.efi
InstallProtocolInterface: BC62157E-3E33-4FEC-9920-2D3B36D750DF 6D94B18
ProtectUefiImageCommon - 0x6D94D40
  - 0x0000000006C8A000 - 0x000000000000BFE0
InstallProtocolInterface: 18A031AB-B443-4D1A-A5C0-0C09261E9F71 6C95E90
InstallProtocolInterface: 107A772C-D5E1-11D4-9A46-0090273FC14D 6C95E60
InstallProtocolInterface: 6A7A5CFF-E8D9-4F70-BADA-75AB3025CE14 6C95E78
Loading driver 240612B7-A063-11D4-9A3A-0090273FC14D
InstallProtocolInterface: 5B1B31A1-9562-11D2-8E3F-00A0C969723B 6D945C0
Loading driver at 0x00006CB6000 EntryPoint=0x00006CBC2F2 UsbBusDxe.efi
InstallProtocolInterface: BC62157E-3E33-4FEC-9920-2D3B36D750DF 6D93B98
ProtectUefiImageCommon - 0x6D945C0
  - 0x0000000006CB6000 - 0x00000000000088A0
InstallProtocolInterface: 18A031AB-B443-4D1A-A5C0-0C09261E9F71 6CBE700
InstallProtocolInterface: 107A772C-D5E1-11D4-9A46-0090273FC14D 6CBE6D0
InstallProtocolInterface: 6A7A5CFF-E8D9-4F70-BADA-75AB3025CE14 6CBE6E8
Loading driver 2D2E62CF-9ECF-43B7-8219-94E7FC713DFE
InstallProtocolInterface: 5B1B31A1-9562-11D2-8E3F-00A0C969723B 6D93540
Loading driver at 0x00006C9D000 EntryPoint=0x00006CA14C3 UsbKbDxe.efi
InstallProtocolInterface: BC62157E-3E33-4FEC-9920-2D3B36D750DF 6D93E18
ProtectUefiImageCommon - 0x6D93540
  - 0x0000000006C9D000 - 0x0000000000005E40
InstallProtocolInterface: 18A031AB-B443-4D1A-A5C0-0C09261E9F71 6CA2660
InstallProtocolInterface: 107A772C-D5E1-11D4-9A46-0090273FC14D 6CA2630
InstallProtocolInterface: 6A7A5CFF-E8D9-4F70-BADA-75AB3025CE14 6CA2648
Loading driver 9FB4B4A7-42C0-4BCD-8540-9BCC6711F83E
InstallProtocolInterface: 5B1B31A1-9562-11D2-8E3F-00A0C969723B 6D937C0
Loading driver at 0x00006C97000 EntryPoint=0x00006C9AD40 UsbMassStorageDxe.efi
InstallProtocolInterface: BC62157E-3E33-4FEC-9920-2D3B36D750DF 6D91B98
ProtectUefiImageCommon - 0x6D937C0
  - 0x0000000006C97000 - 0x00000000000053E0
InstallProtocolInterface: 18A031AB-B443-4D1A-A5C0-0C09261E9F71 6C9C220
InstallProtocolInterface: 107A772C-D5E1-11D4-9A46-0090273FC14D 6C9C280
InstallProtocolInterface: 6A7A5CFF-E8D9-4F70-BADA-75AB3025CE14 6C9C298
Loading driver E3752948-B9A1-4770-90C4-DF41C38986BE
InstallProtocolInterface: 5B1B31A1-9562-11D2-8E3F-00A0C969723B 6D912C0
Loading driver at 0x00006C62000 EntryPoint=0x00006C6680D QemuVideoDxe.efi
InstallProtocolInterface: BC62157E-3E33-4FEC-9920-2D3B36D750DF 6D91A18
ProtectUefiImageCommon - 0x6D912C0
  - 0x0000000006C62000 - 0x00000000000067C0
InstallProtocolInterface: 18A031AB-B443-4D1A-A5C0-0C09261E9F71 6C68678
InstallProtocolInterface: 107A772C-D5E1-11D4-9A46-0090273FC14D 6C68648
InstallProtocolInterface: 6A7A5CFF-E8D9-4F70-BADA-75AB3025CE14 6C68660
Loading driver D6099B94-CD97-4CC5-8714-7F6312701A8A
InstallProtocolInterface: 5B1B31A1-9562-11D2-8E3F-00A0C969723B 6D5ED40
Loading driver at 0x00006C5C000 EntryPoint=0x00006C6077E VirtioGpuDxe.efi
InstallProtocolInterface: BC62157E-3E33-4FEC-9920-2D3B36D750DF 6D91918
ProtectUefiImageCommon - 0x6D5ED40
  - 0x0000000006C5C000 - 0x0000000000005DE0
InstallProtocolInterface: 18A031AB-B443-4D1A-A5C0-0C09261E9F71 6C61D30
InstallProtocolInterface: 6A7A5CFF-E8D9-4F70-BADA-75AB3025CE14 6C616D0
Driver 6490F1C5-EBCC-4665-8892-0075B9BB49B7 was discovered but not loaded!!
[Bds] Entry...
[BdsDxe] Locate Variable Policy protocol - Success
Variable Driver Auto Update Lang, Lang:eng, PlatformLang:en Status: Success
PlatformBootManagerBeforeConsole
Registered NotifyDevPath Event
PCI Bus First Scanning
PciBus: Discovered PCI @ [00|00|00]

PciBus: Discovered PCI @ [00|01|00]

PciBus: Discovered PCI @ [00|01|01]
   BAR[4]: Type =   Io32; Alignment = 0xF;	Length = 0x10;	Offset = 0x20

PciBus: Discovered PCI @ [00|01|03]

PciBus: Discovered PCI @ [00|02|00]
   BAR[0]: Type = PMem32; Alignment = 0xFFFFFF;	Length = 0x1000000;	Offset = 0x10
   BAR[2]: Type =  Mem32; Alignment = 0xFFF;	Length = 0x1000;	Offset = 0x18

PCI Bus Second Scanning
PciBus: Discovered PCI @ [00|00|00]

PciBus: Discovered PCI @ [00|01|00]

PciBus: Discovered PCI @ [00|01|01]
   BAR[4]: Type =   Io32; Alignment = 0xF;	Length = 0x10;	Offset = 0x20

PciBus: Discovered PCI @ [00|01|03]

PciBus: Discovered PCI @ [00|02|00]
   BAR[0]: Type = PMem32; Alignment = 0xFFFFFF;	Length = 0x1000000;	Offset = 0x10
   BAR[2]: Type =  Mem32; Alignment = 0xFFF;	Length = 0x1000;	Offset = 0x18

PciBus: Discovered PCI @ [00|00|00]

PciBus: Discovered PCI @ [00|01|00]

PciBus: Discovered PCI @ [00|01|01]
   BAR[4]: Type =   Io32; Alignment = 0xF;	Length = 0x10;	Offset = 0x20

PciBus: Discovered PCI @ [00|01|03]

PciBus: Discovered PCI @ [00|02|00]
   BAR[0]: Type = PMem32; Alignment = 0xFFFFFF;	Length = 0x1000000;	Offset = 0x10
   BAR[2]: Type =  Mem32; Alignment = 0xFFF;	Length = 0x1000;	Offset = 0x18

PciHostBridge: SubmitResources for PciRoot(0x0)
 I/O: Granularity/SpecificFlag = 0 / 01
      Length/Alignment = 0x1000 / 0xFFF
 Mem: Granularity/SpecificFlag = 32 / 00
      Length/Alignment = 0x1100000 / 0xFFFFFF
PciBus: HostBridge->SubmitResources() - Success
PciHostBridge: NotifyPhase (AllocateResources)
 RootBridge: PciRoot(0x0)
  Mem: Base/Length/Alignment = 80000000/1100000/FFFFFF - Success
  I/O: Base/Length/Alignment = C000/1000/FFF - Success
PciBus: HostBridge->NotifyPhase(AllocateResources) - Success
Process Option ROM: BAR Base/Length = 81000000/10000
PciBus: Resource Map for Root Bridge PciRoot(0x0)
Type =   Io16; Base = 0xC000;	Length = 0x1000;	Alignment = 0xFFF
   Base = 0xC000;	Length = 0x10;	Alignment = 0xF;	Owner = PCI [00|01|01:20]
Type =  Mem32; Base = 0x80000000;	Length = 0x1100000;	Alignment = 0xFFFFFF
   Base = 0x80000000;	Length = 0x1000000;	Alignment = 0xFFFFFF;	Owner = PCI [00|02|00:10]; Type = PMem32
   Base = 0x81000000;	Length = 0x10000;	Alignment = 0xFFFF;	Owner = PCI [00|00|00:00]; Type =  OpRom
   Base = 0x81010000;	Length = 0x1000;	Alignment = 0xFFF;	Owner = PCI [00|02|00:18]

InstallProtocolInterface: 09576E91-6D3F-11D2-8E39-00A0C969723B 6D4CE98
InstallProtocolInterface: 4CF5B200-68B8-4CA5-9EEC-B23E3F50029A 6D4C6A8
InstallProtocolInterface: 09576E91-6D3F-11D2-8E39-00A0C969723B 6D4BE98
InstallProtocolInterface: 4CF5B200-68B8-4CA5-9EEC-B23E3F50029A 6D4B028
InstallProtocolInterface: 09576E91-6D3F-11D2-8E39-00A0C969723B 6D4BF18
InstallProtocolInterface: 4CF5B200-68B8-4CA5-9EEC-B23E3F50029A 6D4B428
InstallProtocolInterface: 09576E91-6D3F-11D2-8E39-00A0C969723B 6D4BF98
InstallProtocolInterface: 4CF5B200-68B8-4CA5-9EEC-B23E3F50029A 6D4B828
InstallProtocolInterface: 09576E91-6D3F-11D2-8E39-00A0C969723B 6D4AE98
InstallProtocolInterface: 4CF5B200-68B8-4CA5-9EEC-B23E3F50029A 6D4A028
InstallProtocolInterface: 30CFE3E7-3DE1-4586-BE20-DEABA1B3B793 0
OnRootBridgesConnected: root bridges have been connected, installing ACPI tables
Select Item: 0x19
Select Item: 0x29
Select Item: 0x19
Select Item: 0x28
Select Item: 0x19
Select Item: 0x22
Select Item: 0x19
Select Item: 0x23
InstallProtocolInterface: 928939B2-4235-462F-9580-F6A2B2C21A4F 70DF540
PcRtc: Write 0x20 to CMOS location 0x32
[Variable]END_OF_DXE is signaled
Initialize variable error flag (FF)
AcpiS3ContextSave!
AcpiS3Context: AcpiFacsTable is 0x 7BDD000
AcpiS3Context: IdtrProfile is 0x 7B6A000
AcpiS3Context: S3NvsPageTableAddress is 0x       0
AcpiS3Context: S3DebugBufferAddress is 0x 7B60000
AcpiS3Context: BootScriptStackBase is 0x 7B61000
AcpiS3Context: BootScriptStackSize is 0x    8000
Found LPC Bridge device
BdsPlatform.c+709: COM1 DevPath: PciRoot(0x0)/Pci(0x1,0x0)/Serial(0x0)/Uart(115200,8,N,1)/VenMsg(E0C14753-F9BE-11D2-9A0C-0090273FC14D)
BdsPlatform.c+747: COM2 DevPath: PciRoot(0x0)/Pci(0x1,0x0)/Serial(0x1)/Uart(115200,8,N,1)/VenMsg(E0C14753-F9BE-11D2-9A0C-0090273FC14D)
Found PCI display device
QemuVideo: QEMU Standard VGA detected
QemuVideo: Using mmio bar @ 0x81010000
InstallProtocolInterface: 09576E91-6D3F-11D2-8E39-00A0C969723B 6CFEA98
QemuVideoBochsModeSetup: AvailableFbSize=0x1000000
QemuVideoBochsEdid: blob found (extensions: 1)
QemuVideoBochsEdid: default resolution: 1024x768
Adding Bochs Internal Mode 0: 1024x768, 32-bit
Adding Bochs Internal Mode 1: 640x480, 32-bit
Adding Bochs Internal Mode 2: 800x480, 32-bit
Adding Bochs Internal Mode 3: 800x600, 32-bit
Adding Bochs Internal Mode 4: 832x624, 32-bit
Adding Bochs Internal Mode 5: 960x640, 32-bit
Adding Bochs Internal Mode 6: 1024x600, 32-bit
Adding Bochs Internal Mode 7: 1152x864, 32-bit
Adding Bochs Internal Mode 8: 1152x870, 32-bit
Adding Bochs Internal Mode 9: 1280x720, 32-bit
Adding Bochs Internal Mode 10: 1280x760, 32-bit
Adding Bochs Internal Mode 11: 1280x768, 32-bit
Adding Bochs Internal Mode 12: 1280x800, 32-bit
Adding Bochs Internal Mode 13: 1280x960, 32-bit
Adding Bochs Internal Mode 14: 1280x1024, 32-bit
Adding Bochs Internal Mode 15: 1360x768, 32-bit
Adding Bochs Internal Mode 16: 1366x768, 32-bit
Adding Bochs Internal Mode 17: 1400x1050, 32-bit
Adding Bochs Internal Mode 18: 1440x900, 32-bit
Adding Bochs Internal Mode 19: 1600x900, 32-bit
Adding Bochs Internal Mode 20: 1600x1200, 32-bit
Adding Bochs Internal Mode 21: 1680x1050, 32-bit
Adding Bochs Internal Mode 22: 1920x1080, 32-bit
Adding Bochs Internal Mode 23: 1920x1200, 32-bit
Adding Bochs Internal Mode 24: 1920x1440, 32-bit
Adding Bochs Internal Mode 25: 2000x2000, 32-bit
Adding Bochs Internal Mode 26: 2048x1536, 32-bit
Adding Bochs Internal Mode 27: 2048x2048, 32-bit
Adding Bochs Internal Mode 28: 2560x1440, 32-bit
Adding Bochs Internal Mode 29: 2560x1600, 32-bit
Skipping Bochs Mode 2560x2048, 32-bit (not enough vram)
Skipping Bochs Mode 2800x2100, 32-bit (not enough vram)
Skipping Bochs Mode 3200x2400, 32-bit (not enough vram)
Skipping Bochs Mode 3840x2160, 32-bit (not enough vram)
Skipping Bochs Mode 4096x2160, 32-bit (not enough vram)
Skipping Bochs Mode 7680x4320, 32-bit (not enough vram)
Skipping Bochs Mode 8192x4320, 32-bit (not enough vram)
InitializeBochsGraphicsMode: 1024x768 @ 32
PixelBlueGreenRedReserved8BitPerColor
FrameBufferBase: 0x80000000, FrameBufferSize: 0x300000
0: shl:0 shr:0 mask:FF0000
1: shl:0 shr:0 mask:FF00
2: shl:0 shr:0 mask:FF
Bytes per pixel: 4
0: shl:0 shr:0 mask:FF0000
1: shl:0 shr:0 mask:FF00
2: shl:0 shr:0 mask:FF
Bytes per pixel: 4
InstallProtocolInterface: 9042A9DE-23DC-4A38-96FB-7ADED080516A 6CFE7B8
InstallVbeShim: VBE shim installed
PixelBlueGreenRedReserved8BitPerColor
PixelBlueGreenRedReserved8BitPerColor
PixelBlueGreenRedReserved8BitPerColor
PixelBlueGreenRedReserved8BitPerColor
PixelBlueGreenRedReserved8BitPerColor
PixelBlueGreenRedReserved8BitPerColor
PixelBlueGreenRedReserved8BitPerColor
PixelBlueGreenRedReserved8BitPerColor
PixelBlueGreenRedReserved8BitPerColor
PixelBlueGreenRedReserved8BitPerColor
PixelBlueGreenRedReserved8BitPerColor
PixelBlueGreenRedReserved8BitPerColor
PixelBlueGreenRedReserved8BitPerColor
PixelBlueGreenRedReserved8BitPerColor
PixelBlueGreenRedReserved8BitPerColor
PixelBlueGreenRedReserved8BitPerColor
PixelBlueGreenRedReserved8BitPerColor
PixelBlueGreenRedReserved8BitPerColor
PixelBlueGreenRedReserved8BitPerColor
PixelBlueGreenRedReserved8BitPerColor
PixelBlueGreenRedReserved8BitPerColor
PixelBlueGreenRedReserved8BitPerColor
PixelBlueGreenRedReserved8BitPerColor
PixelBlueGreenRedReserved8BitPerColor
PixelBlueGreenRedReserved8BitPerColor
PixelBlueGreenRedReserved8BitPerColor
PixelBlueGreenRedReserved8BitPerColor
PixelBlueGreenRedReserved8BitPerColor
PixelBlueGreenRedReserved8BitPerColor
PixelBlueGreenRedReserved8BitPerColor
InstallProtocolInterface: 60FF8964-E906-41D0-AFED-F241E974E08E 0
InstallProtocolInterface: FA20568B-548B-4B2B-81EF-1BA08D4A3CEC 0
Found LPC Bridge device
BdsPlatform.c+709: COM1 DevPath: PciRoot(0x0)/Pci(0x1,0x0)/Serial(0x0)/Uart(115200,8,N,1)/VenMsg(E0C14753-F9BE-11D2-9A0C-0090273FC14D)
BdsPlatform.c+747: COM2 DevPath: PciRoot(0x0)/Pci(0x1,0x0)/Serial(0x1)/Uart(115200,8,N,1)/VenMsg(E0C14753-F9BE-11D2-9A0C-0090273FC14D)
Found PCI display device
Select Item: 0xE
[Bds]RegisterKeyNotify: 000C/0000 80000000/00 Success
[Bds]RegisterKeyNotify: 0017/0000 80000000/00 Success
[Bds]RegisterKeyNotify: 0000/000D 80000000/00 Success
InstallProtocolInterface: 864E1CA8-85EB-4D63-9DCC-6E0FC90FFD55 6CDBB98
InstallProtocolInterface: 09576E91-6D3F-11D2-8E39-00A0C969723B 705FA18
InstallProtocolInterface: 215FDD18-BD50-4FEB-890B-58CA0B4739E9 705F938
InstallProtocolInterface: 09576E91-6D3F-11D2-8E39-00A0C969723B 6CD8B18
InstallProtocolInterface: 215FDD18-BD50-4FEB-890B-58CA0B4739E9 6CD86B8
InstallProtocolInterface: 09576E91-6D3F-11D2-8E39-00A0C969723B 6CD8998
InstallProtocolInterface: 215FDD18-BD50-4FEB-890B-58CA0B4739E9 6CD8AB8
ClockRate = 1843200
Divisor   = 1
BaudRate/Actual (115200/115200) = 100%
ClockRate = 1843200
Divisor   = 1
BaudRate/Actual (115200/115200) = 100%
InstallProtocolInterface: 09576E91-6D3F-11D2-8E39-00A0C969723B 6CDBA98
InstallProtocolInterface: BB25CF6F-F1D4-11D2-9A0C-0090273FC1FD 6C89328
PciSioSerial: Create SIO child serial device - Success
ClockRate = 1843200
Divisor   = 1
BaudRate/Actual (115200/115200) = 100%
Terminal - Mode 0, Column = 80, Row = 25
Terminal - Mode 1, Column = 80, Row = 50
Terminal - Mode 2, Column = 100, Row = 31
ClockRate = 1843200
Divisor   = 1
BaudRate/Actual (115200/115200) = 100%
InstallProtocolInterface: 387477C1-69C7-11D2-8E39-00A0C969723B 6CB54C0
InstallProtocolInterface: DD9E7534-7762-4698-8C14-F58517A625AA 6CB55A8
InstallProtocolInterface: 387477C2-69C7-11D2-8E39-00A0C969723B 6CB54D8
InstallProtocolInterface: 09576E91-6D3F-11D2-8E39-00A0C969723B 6CB5918
InstallProtocolInterface: D3B36F2B-D551-11D4-9A46-0090273FC14D 0
InstallProtocolInterface: D3B36F2C-D551-11D4-9A46-0090273FC14D 0
InstallProtocolInterface: D3B36F2D-D551-11D4-9A46-0090273FC14D 0
ClockRate = 1843200
Divisor   = 1
BaudRate/Actual (115200/115200) = 100%
PciSioSerial: Create SIO child serial device - Device Error
PixelBlueGreenRedReserved8BitPerColor
GraphicsConsole video resolution 1024 x 768
Graphics - Mode 0, Column = 80, Row = 25
Graphics - Mode 1, Column = 0, Row = 0
Graphics - Mode 2, Column = 100, Row = 31
Graphics - Mode 3, Column = 128, Row = 40
Graphics Console Started, Mode: 3
InstallProtocolInterface: 387477C2-69C7-11D2-8E39-00A0C969723B 6C88030
InstallProtocolInterface: D3B36F2C-D551-11D4-9A46-0090273FC14D 0
PixelBlueGreenRedReserved8BitPerColor
PixelBlueGreenRedReserved8BitPerColor
PixelBlueGreenRedReserved8BitPerColor
PixelBlueGreenRedReserved8BitPerColor
PixelBlueGreenRedReserved8BitPerColor
PixelBlueGreenRedReserved8BitPerColor
PixelBlueGreenRedReserved8BitPerColor
PixelBlueGreenRedReserved8BitPerColor
PixelBlueGreenRedReserved8BitPerColor
PixelBlueGreenRedReserved8BitPerColor
PixelBlueGreenRedReserved8BitPerColor
PixelBlueGreenRedReserved8BitPerColor
PixelBlueGreenRedReserved8BitPerColor
PixelBlueGreenRedReserved8BitPerColor
PixelBlueGreenRedReserved8BitPerColor
PixelBlueGreenRedReserved8BitPerColor
PixelBlueGreenRedReserved8BitPerColor
PixelBlueGreenRedReserved8BitPerColor
PixelBlueGreenRedReserved8BitPerColor
PixelBlueGreenRedReserved8BitPerColor
PixelBlueGreenRedReserved8BitPerColor
PixelBlueGreenRedReserved8BitPerColor
PixelBlueGreenRedReserved8BitPerColor
PixelBlueGreenRedReserved8BitPerColor
PixelBlueGreenRedReserved8BitPerColor
PixelBlueGreenRedReserved8BitPerColor
PixelBlueGreenRedReserved8BitPerColor
PixelBlueGreenRedReserved8BitPerColor
PixelBlueGreenRedReserved8BitPerColor
PixelBlueGreenRedReserved8BitPerColor
InstallProtocolInterface: 9042A9DE-23DC-4A38-96FB-7ADED080516A 6DD4CC8
InstallProtocolInterface: 387477C1-69C7-11D2-8E39-00A0C969723B 6C25028
InstallProtocolInterface: DD9E7534-7762-4698-8C14-F58517A625AA 6C25040
InstallProtocolInterface: D3B36F2B-D551-11D4-9A46-0090273FC14D 0
ClockRate = 1843200
Divisor   = 1
BaudRate/Actual (115200/115200) = 100%
PciSioSerial: Create SIO child serial device - Device Error
ClockRate = 1843200
Divisor   = 1
BaudRate/Actual (115200/115200) = 100%
PciSioSerial: Create SIO child serial device - Device Error
PlatformBootManagerAfterConsole
PlatformBdsPolicyBehavior: not restoring NvVars from disk since flash variables appear to be supported.
Boot Mode:0
Select Item: 0x19
PlatformBdsConnectSequence
Select Item: 0x19
EfiBootManagerConnectAll
ClockRate = 1843200
Divisor   = 1
BaudRate/Actual (115200/115200) = 100%
PciSioSerial: Create SIO child serial device - Device Error
SataControllerStart START
InstallProtocolInterface: A1E37052-80D9-4E65-A317-3E9A55C43EC9 6C24720
SataControllerStart END status = Success
==AtaAtapiPassThru Start== Controller = 6D4BC98
[primary  ] channel [master] [harddisk] device
Enabled S.M.A.R.T feature at [primary] channel [master] device!
CalculateBestPioMode: AdvancedPioMode = 3
IdeInitCalculateMode: PioMode = 4
CalculateBestUdmaMode: DeviceUDmaMode = 203F
IdeInitCalculateMode: UdmaMode = 5
[secondary] channel [master] [cdrom   ] device
CalculateBestPioMode: AdvancedPioMode = 3
IdeInitCalculateMode: PioMode = 3
CalculateBestUdmaMode: DeviceUDmaMode = 203F
IdeInitCalculateMode: UdmaMode = 5
InstallProtocolInterface: 1D3DE7F0-0807-424F-AA69-11A54E19A46F 6C23AC0
InstallProtocolInterface: 143B7632-B81B-4CB7-ABD3-B625A5B9BFFE 6C23B10
InstallProtocolInterface: 19DF145A-B1D4-453F-8507-38816676D7F6 6C22C98
AtaBus - Identify Device: Port 0 PortMultiplierPort 0
InstallProtocolInterface: 09576E91-6D3F-11D2-8E39-00A0C969723B 6C22B18
InstallProtocolInterface: 964E5B21-6459-11D2-8E39-00A0C969723B 6C22428
InstallProtocolInterface: A77B2472-E282-4E9F-A245-C2C0E27BBCC1 6C22458
InstallProtocolInterface: D432A67F-14DC-484B-B3BB-3F0291849327 6C224B0
Found TCG support in Port 0 PortMultiplierPort 0
InstallProtocolInterface: C88B0B6D-0DFC-49A7-9CB4-49074B4C3A78 6C224E8
Successfully Install Storage Security Protocol on the ATA device
InstallProtocolInterface: 0167CCC4-D0F7-4F21-A3EF-9E64B7CDCE8B 6C1FAA0
InstallProtocolInterface: 09576E91-6D3F-11D2-8E39-00A0C969723B 6C1F918
InstallProtocolInterface: 932F47E6-2362-4002-803E-3CD54B138F85 6C1F128
InstallProtocolInterface: 964E5B21-6459-11D2-8E39-00A0C969723B 6C1E038
InstallProtocolInterface: A77B2472-E282-4E9F-A245-C2C0E27BBCC1 6C1E068
InstallProtocolInterface: D432A67F-14DC-484B-B3BB-3F0291849327 6C1E160
InstallProtocolInterface: CE345171-BA0B-11D2-8E4F-00A0C969723B 6C1E9A0
InstallProtocolInterface: 151C8EAE-7F2C-472C-9E54-9828194F6A88 6C1E9B8
 BlockSize : 2048 
 LastBlock : 0 
FatOpenDevice: read of part_lba failed No Media
InstallProtocolInterface: CE345171-BA0B-11D2-8E4F-00A0C969723B 6C1D9A0
InstallProtocolInterface: 151C8EAE-7F2C-472C-9E54-9828194F6A88 6C1D9B8
 BlockSize : 512 
 LastBlock : FBFFF 
InstallProtocolInterface: 09576E91-6D3F-11D2-8E39-00A0C969723B 6C1F418
InstallProtocolInterface: 964E5B21-6459-11D2-8E39-00A0C969723B 6C1D5B0
InstallProtocolInterface: A77B2472-E282-4E9F-A245-C2C0E27BBCC1 6C1D5E0
InstallProtocolInterface: 8CF2F62C-BC9B-4821-808D-EC9EC421A1A0 6C1D668
InstallProtocolInterface: CE345171-BA0B-11D2-8E4F-00A0C969723B 6C1D0A0
InstallProtocolInterface: 151C8EAE-7F2C-472C-9E54-9828194F6A88 6C1D0B8
 BlockSize : 512 
 LastBlock : FBFC0 
InstallProtocolInterface: 964E5B22-6459-11D2-8E39-00A0C969723B 6C1B030
Installed Fat filesystem on 6C1F398
ClockRate = 1843200
Divisor   = 1
BaudRate/Actual (115200/115200) = 100%
PciSioSerial: Create SIO child serial device - Device Error
SataControllerStart START
SataControllerStart error return status = Already started
 BlockSize : 2048 
 LastBlock : 0 
FatOpenDevice: read of part_lba failed No Media
 BlockSize : 512 
 LastBlock : FBFFF 
ClockRate = 1843200
Divisor   = 1
BaudRate/Actual (115200/115200) = 100%
PciSioSerial: Create SIO child serial device - Device Error
Select Item: 0x19
[Bds]OsIndication: 0000000000000000
[Bds]=============Begin Load Options Dumping ...=============
  Driver Options:
  SysPrep Options:
  Boot Options:
    Boot0000: UiApp 		 0x0109
    Boot0001: UEFI QEMU DVD-ROM QM00003  		 0x0001
    Boot0002: UEFI QEMU HARDDISK QM00001  		 0x0001
    Boot0003: EFI Internal Shell 		 0x0001
  PlatformRecovery Options:
    PlatformRecovery0000: Default PlatformRecovery 		 0x0001
[Bds]=============End Load Options Dumping=============
[Bds]BdsWait ...Zzzzzzzzzzzz...
[Bds]Exit the waiting!
[Bds]Stop Hotkey Service!
[Bds]UnregisterKeyNotify: 000C/0000 Success
[Bds]UnregisterKeyNotify: 0017/0000 Success
[Bds]UnregisterKeyNotify: 0000/000D Success
Memory  Previous  Current    Next   
 Type    Pages     Pages     Pages  
======  ========  ========  ========
  0A    00000080  00000022  00000080
  09    00000012  00000009  00000012
  00    00000080  00000029  00000080
  05    00000100  00000043  00000100
  06    00000100  0000009D  00000100
[Bds]Booting UEFI QEMU DVD-ROM QM00003 
FatOpenDevice: read of part_lba failed No Media
 BlockSize : 2048 
 LastBlock : 0 
FatOpenDevice: read of part_lba failed No Media
[Bds] Expand PciRoot(0x0)/Pci(0x1,0x1)/Ata(Secondary,Master,0x0) -> <null string>
Memory  Previous  Current    Next   
 Type    Pages     Pages     Pages  
======  ========  ========  ========
  0A    00000080  00000022  00000080
  09    00000012  00000009  00000012
  00    00000080  00000029  00000080
  05    00000100  00000043  00000100
  06    00000100  0000009D  00000100
[Bds]Booting UEFI QEMU HARDDISK QM00001 
 BlockSize : 512 
 LastBlock : FBFFF 
Calling GetAccess from bob
Alice: For now I just say this message
 BlockSize : 512 
 LastBlock : FBFFF 
[Bds] Expand PciRoot(0x0)/Pci(0x1,0x1)/Ata(Primary,Master,0x0) -> <null string>
Memory  Previous  Current    Next   
 Type    Pages     Pages     Pages  
======  ========  ========  ========
  0A    00000080  00000022  00000080
  09    00000012  00000009  00000012
  00    00000080  00000029  00000080
  05    00000100  00000043  00000100
  06    00000100  0000009D  00000100
[Bds]Booting EFI Internal Shell
[Bds] Expand Fv(7CB8BDC9-F8EB-4F34-AAEA-3EE4AF6516A1)/FvFile(7C04A583-9E3E-4F1C-AD65-E05268D0B4D1) -> Fv(7CB8BDC9-F8EB-4F34-AAEA-3EE4AF6516A1)/FvFile(7C04A583-9E3E-4F1C-AD65-E05268D0B4D1)
InstallProtocolInterface: 5B1B31A1-9562-11D2-8E3F-00A0C969723B 6670840
Loading driver at 0x000064B8000 EntryPoint=0x00006514C81 Shell.efi
InstallProtocolInterface: BC62157E-3E33-4FEC-9920-2D3B36D750DF 6CDB118
ProtectUefiImageCommon - 0x6670840
  - 0x00000000064B8000 - 0x00000000000DB4A0
InstallProtocolInterface: 387477C2-69C7-11D2-8E39-00A0C969723B 6669120
InstallProtocolInterface: 752F3136-4E16-4FDC-A22A-E5F46812F4CA 666DD98
InstallProtocolInterface: 6302D008-7F9B-4F30-87AC-60C9FEF5DA4E 658F4A8
FSOpen: Open '\' Success
FSOpen: Open '.' Success
Calling GetAccess from bob
FSOpen: Open '\Demo1_Example_App.efi' Success
FSOpen: Open '\Demo1_Example_App.efi' Success
FSOpen: Open '\Demo1_Example_App.efi' Success
FSOpen: Open '\Demo1_Example_App.efi' Success
[Security] 3rd party image[0] can be loaded after EndOfDxe: PciRoot(0x0)/Pci(0x1,0x1)/Ata(Primary,Master,0x0)/HD(1,MBR,0xBE1AFDFA,0x3F,0xFBFC1)/\Demo1_Example_App.efi.
InstallProtocolInterface: 5B1B31A1-9562-11D2-8E3F-00A0C969723B 6632340
Loading driver at 0x00006613000 EntryPoint=0x00006614D64 Demo1_Example_App.efi
InstallProtocolInterface: BC62157E-3E33-4FEC-9920-2D3B36D750DF 6632B98
ProtectUefiImageCommon - 0x6632340
  - 0x0000000006613000 - 0x00000000000034E0
InstallProtocolInterface: 752F3136-4E16-4FDC-A22A-E5F46812F4CA 7E8F700
Error: Image at 00006613000 start failed: Aborted
FSOpen: Open '\' Success
FSOpen: Open '.' Success
Calling GetAccess from bob
FSOpen: Open '\Demo1Exploit.efi' Success
FSOpen: Open '\Demo1Exploit.efi' Success
FSOpen: Open '\Demo1Exploit.efi' Success
FSOpen: Open '\Demo1Exploit.efi' Success
[Security] 3rd party image[0] can be loaded after EndOfDxe: PciRoot(0x0)/Pci(0x1,0x1)/Ata(Primary,Master,0x0)/HD(1,MBR,0xBE1AFDFA,0x3F,0xFBFC1)/\Demo1Exploit.efi.
InstallProtocolInterface: 5B1B31A1-9562-11D2-8E3F-00A0C969723B 6615040
Loading driver at 0x00006610000 EntryPoint=0x00006611D5C Demo1Exploit.efi
InstallProtocolInterface: BC62157E-3E33-4FEC-9920-2D3B36D750DF 6632B98
ProtectUefiImageCommon - 0x6615040
  - 0x0000000006610000 - 0x00000000000043A0
InstallProtocolInterface: 752F3136-4E16-4FDC-A22A-E5F46812F4CA 7E8F700
