SecCoreStartupWithStack(0xFFFCC000, 0x820000)
Register PPI Notify: DCD0BE23-9586-40F4-B643-06522CED4EDE
Install PPI: 8C8CE578-8A3D-4F1C-9935-896185C32DD3
Install PPI: 5473C07A-3DCB-4DCA-BD6F-1E9689E7349A
The 0th FV start address is 0x00000820000, size is 0x000E0000, handle is 0x820000
Register PPI Notify: 49EDB1C1-BF21-4761-BB12-EB0031AABB39
Register PPI Notify: EA7CA24B-DED5-4DAD-A389-BF827E8F9B38
Install PPI: B9E0ABFE-5979-4914-977F-6DEE78C278A6
Install PPI: DBE23AA9-A345-4B97-85B6-B226F1617389
Install PPI: 138F9CF4-F0E7-4721-8F49-F5FFECF42D40
DiscoverPeimsAndOrderWithApriori(): Found 0x8 PEI FFS files in the 0th FV
Loading PEIM 9B3ADA4F-AE56-4C24-8DEA-F03B7558AE50
Loading PEIM at 0x0000082AD20 EntryPoint=0x0000082E2A0 PcdPeim.efi
Install PPI: 06E81C58-4AD7-44BC-8390-F10265F72480
Install PPI: 01F34D25-4DE2-23AD-3FF3-36353FF323F1
Install PPI: 4D8B155B-C059-4C8F-8926-06FD4331DB8A
Install PPI: A60C6B59-E459-425D-9C69-0BCC9CB27D81
Register PPI Notify: 605EA650-C65C-42E1-BA80-91A52AB618C6
Loading PEIM A3610442-E69F-4DF3-82CA-2360C4031A23
Loading PEIM at 0x0000082FA20 EntryPoint=0x000008312A8 ReportStatusCodeRouterPei.efi
Install PPI: 0065D394-9951-4144-82A3-0AFC8579C251
Install PPI: 229832D3-7A30-4B36-B827-F40CB7D45436
Loading PEIM 9D225237-FA01-464C-A949-BAABC02D31D0
Loading PEIM at 0x00000831C20 EntryPoint=0x00000833452 StatusCodeHandlerPei.efi
Loading PEIM 222C386D-5ABC-4FB4-B124-FBB82488ACF4
Loading PEIM at 0x00000833E20 EntryPoint=0x0000083CABE PlatformPei.efi
Select Item: 0x0
FW CFG Signature: 0x554D4551
Select Item: 0x1
FW CFG Revision: 0x3
QemuFwCfg interface (DMA) is supported.
Platform PEIM Loaded
CMOS:
00: 07 00 01 00 17 00 02 08 05 23 26 02 10 80 00 00
10: 50 00 F0 00 07 80 02 FF FF 2F 00 00 04 10 FF FF
20: C8 00 04 3F 00 00 00 00 00 00 00 00 00 00 00 00
30: FF FF 20 00 00 07 00 20 30 00 00 00 00 12 00 00
40: 00 00 00 00 00 00 00 00 00 00 00 00 00 00 00 00
50: 00 00 00 00 00 00 00 00 00 00 00 00 00 00 00 00
60: 00 00 00 00 00 00 00 00 00 00 00 00 00 00 00 00
70: 00 00 00 00 00 00 00 00 00 00 00 00 00 00 00 00
Select Item: 0x19
Select Item: 0x28
S3 support was detected on QEMU
Install PPI: 7408D748-FC8C-4EE6-9288-C4BEC092A410
Select Item: 0x19
Select Item: 0x19
Select Item: 0x25
Select Item: 0x19
Select Item: 0x19
AddressWidthInitialization: Pci64Base=0x800000000 Pci64Size=0x800000000
Select Item: 0x5
PlatformMaxCpuCountInitialization: QEMU v2.7 reset bug: BootCpuCount=1 Present=0
PlatformMaxCpuCountInitialization: BootCpuCount=0 MaxCpuCount=1
Select Item: 0x19
Select Item: 0x25
PublishPeiMemory: PhysMemAddressWidth=36 PeiMemoryCap=65800 KB
PeiInstallPeiMemory MemoryBegin 0x3F36000, MemoryLength 0x4042000
Select Item: 0x19
Select Item: 0x25
PlatformQemuInitializeRam called
Select Item: 0x19
Select Item: 0x25
Select Item: 0x19
Select Item: 0x25
Reserved variable store memory: 0x7EF4000; size: 528kb
Platform PEI Firmware Volume Initialization
Install PPI: 49EDB1C1-BF21-4761-BB12-EB0031AABB39
Notify: PPI Guid: 49EDB1C1-BF21-4761-BB12-EB0031AABB39, Peim notify entry point: 821CDE
The 1th FV start address is 0x00000900000, size is 0x00C00000, handle is 0x900000
Select Item: 0x19
Select Item: 0x25
Select Item: 0x19
Register PPI Notify: EE16160A-E8BE-47A6-820A-C6900DB0250A
Select Item: 0x19
Temp Stack : BaseAddress=0x818000 Length=0x8000
Temp Heap  : BaseAddress=0x810000 Length=0x8000
Total temporary memory:    65536 bytes.
  temporary memory stack ever used:       30136 bytes.
  temporary memory heap used for HobList: 7064 bytes.
  temporary memory heap occupied by memory pages: 0 bytes.
Memory Allocation 0x0000000A 0x7F78000 - 0x7FFFFFF
Memory Allocation 0x0000000A 0x810000 - 0x81FFFF
Memory Allocation 0x0000000A 0x807000 - 0x807FFF
Memory Allocation 0x0000000A 0x800000 - 0x805FFF
Memory Allocation 0x0000000A 0x806000 - 0x806FFF
Memory Allocation 0x0000000A 0x80B000 - 0x80BFFF
Memory Allocation 0x00000006 0x7EF4000 - 0x7F77FFF
Memory Allocation 0x0000000A 0x820000 - 0x8FFFFF
Memory Allocation 0x00000004 0x900000 - 0x14FFFFF
Old Stack size 32768, New stack size 131072
Stack Hob: BaseAddress=0x3F36000 Length=0x20000
Heap Offset = 0x3746000 Stack Offset = 0x3736000
TemporaryRamMigration(0x810000, 0x3F4E000, 0x10000)
Loading PEIM 52C05B14-0B98-496C-BC3B-04B50211D680
Loading PEIM at 0x00007EE9000 EntryPoint=0x00007EF1A78 PeiCore.efi
Reinstall PPI: 8C8CE578-8A3D-4F1C-9935-896185C32DD3
Reinstall PPI: 5473C07A-3DCB-4DCA-BD6F-1E9689E7349A
Reinstall PPI: B9E0ABFE-5979-4914-977F-6DEE78C278A6
Install PPI: F894643D-C449-42D1-8EA8-85BDD8C65BDE
Loading PEIM 9B3ADA4F-AE56-4C24-8DEA-F03B7558AE50
Loading PEIM at 0x00007EE4000 EntryPoint=0x00007EE7580 PcdPeim.efi
Reinstall PPI: 06E81C58-4AD7-44BC-8390-F10265F72480
Reinstall PPI: 4D8B155B-C059-4C8F-8926-06FD4331DB8A
Reinstall PPI: 01F34D25-4DE2-23AD-3FF3-36353FF323F1
Reinstall PPI: A60C6B59-E459-425D-9C69-0BCC9CB27D81
Loading PEIM 86D70125-BAA3-4296-A62F-602BEBBB9081
Loading PEIM at 0x00007EDF000 EntryPoint=0x00007EE2463 DxeIpl.efi
Install PPI: 1A36E4E7-FAB6-476A-8E75-695A0576FDD7
Install PPI: 0AE8CE5D-E448-4437-A8D7-EBF5F194F731
Loading PEIM 89E549B0-7CFE-449D-9BA3-10D8B2312D71
Loading PEIM at 0x00007EDB000 EntryPoint=0x00007EDDB07 S3Resume2Pei.efi
Install PPI: 6D582DBC-DB85-4514-8FCC-5ADF6227B147
Loading PEIM EDADEB9D-DDBA-48BD-9D22-C1C169C8C5C6
Loading PEIM at 0x00007ECC000 EntryPoint=0x00007ED7EB7 CpuMpPei.efi
Register PPI Notify: F894643D-C449-42D1-8EA8-85BDD8C65BDE
Notify: PPI Guid: F894643D-C449-42D1-8EA8-85BDD8C65BDE, Peim notify entry point: 7ED35C6
AP Loop Mode is 1
AP Vector: non-16-bit = 7EBA000/32A
GetMicrocodePatchInfoFromHob: Microcode patch cache HOB is not found.
CPU[0000]: Microcode revision = 00000000, expected = 00000000
Register PPI Notify: 8F9D4825-797D-48FC-8471-845025792EF6
Does not find any stored CPU BIST information from PPI!
  APICID - 0x00000000, BIST - 0x00000000
Install PPI: 9E9F374B-8F16-4230-9824-5846EE766A97
Install PPI: 5CB9CB3D-31A4-480C-9498-29D269BACFBA
Install PPI: EE16160A-E8BE-47A6-820A-C6900DB0250A
Notify: PPI Guid: EE16160A-E8BE-47A6-820A-C6900DB0250A, Peim notify entry point: 83571A
PlatformPei: ClearCacheOnMpServicesAvailable
DiscoverPeimsAndOrderWithApriori(): Found 0x0 PEI FFS files in the 1th FV
DXE IPL Entry
Loading PEIM D6A2CB7F-6A18-4E2F-B43B-9920A733700A
Loading PEIM at 0x00007E90000 EntryPoint=0x00007EAB9AA DxeCore.efi
Loading DXE CORE at 0x00007E90000 EntryPoint=0x00007EAB9AA
AddressBits=36 5LevelPaging=0 1GPage=0
Pml5=1 Pml4=1 Pdp=64 TotalPage=66
Install PPI: 605EA650-C65C-42E1-BA80-91A52AB618C6
Notify: PPI Guid: 605EA650-C65C-42E1-BA80-91A52AB618C6, Peim notify entry point: 82C59D
CoreInitializeMemoryServices:
  BaseAddress - 0x3F59000 Length - 0x3CA7000 MinimalMemorySizeNeeded - 0x322000
InstallProtocolInterface: 5B1B31A1-9562-11D2-8E3F-00A0C969723B 7EB0990
ProtectUefiImageCommon - 0x7EB0990
  - 0x0000000007E90000 - 0x000000000002A000
DxeMain: MemoryBaseAddress=0x3F59000 MemoryLength=0x3CA7000
HOBLIST address in DXE = 0x78E8018
Memory Allocation 0x0000000A 0x7F78000 - 0x7FFFFFF
Memory Allocation 0x0000000A 0x810000 - 0x81FFFF
Memory Allocation 0x0000000A 0x807000 - 0x807FFF
Memory Allocation 0x0000000A 0x800000 - 0x805FFF
Memory Allocation 0x0000000A 0x806000 - 0x806FFF
Memory Allocation 0x0000000A 0x80B000 - 0x80BFFF
Memory Allocation 0x00000006 0x7EF4000 - 0x7F77FFF
Memory Allocation 0x0000000A 0x820000 - 0x8FFFFF
Memory Allocation 0x00000004 0x900000 - 0x14FFFFF
Memory Allocation 0x00000004 0x7E70000 - 0x7E8FFFF
Memory Allocation 0x00000003 0x7EE9000 - 0x7EF3FFF
Memory Allocation 0x00000003 0x7EE4000 - 0x7EE8FFF
Memory Allocation 0x00000003 0x7EDF000 - 0x7EE3FFF
Memory Allocation 0x00000003 0x7EDB000 - 0x7EDEFFF
Memory Allocation 0x00000003 0x7ECC000 - 0x7EDAFFF
Memory Allocation 0x00000004 0x7EBB000 - 0x7ECBFFF
Memory Allocation 0x00000003 0x7EBA000 - 0x7EBAFFF
Memory Allocation 0x00000003 0x7E90000 - 0x7EB9FFF
Memory Allocation 0x00000003 0x7E90000 - 0x7EB9FFF
Memory Allocation 0x00000004 0x7E70000 - 0x7E8FFFF
Memory Allocation 0x00000004 0x7C00000 - 0x7DFFFFF
Memory Allocation 0x00000007 0x7E00000 - 0x7E6FFFF
Memory Allocation 0x00000004 0x3F36000 - 0x3F55FFF
FV Hob            0x900000 - 0x14FFFFF
InstallProtocolInterface: D8117CFE-94A6-11D4-9A3A-0090273FC14D 7EB0170
InstallProtocolInterface: 8F644FA9-E850-4DB1-9CE2-0B44698E8DA4 78E4CB0
InstallProtocolInterface: 09576E91-6D3F-11D2-8E39-00A0C969723B 78E4D98
InstallProtocolInterface: 220E73B6-6BDB-4413-8405-B974B108619A 78E4630
InstallProtocolInterface: EE4E5898-3914-4259-9D6E-DC7BD79403CF 7EB0AF0
Loading driver 9B680FCE-AD6B-4F3A-B60B-F59899003443
InstallProtocolInterface: 5B1B31A1-9562-11D2-8E3F-00A0C969723B 75BF140
Loading driver at 0x000075A9000 EntryPoint=0x000075B0B72 DevicePathDxe.efi
InstallProtocolInterface: BC62157E-3E33-4FEC-9920-2D3B36D750DF 75BFA98
ProtectUefiImageCommon - 0x75BF140
  - 0x00000000075A9000 - 0x000000000000AEE0
InstallProtocolInterface: 0379BE4E-D706-437D-B037-EDB82FB772A4 75B2E20
InstallProtocolInterface: 8B843E20-8132-4852-90CC-551A4E4A7F1C 75B2E10
InstallProtocolInterface: 05C99A21-C70F-4AD2-8A5F-35DF3343F51E 75B2E00
Loading driver 80CF7257-87AB-47F9-A3FE-D50B76D89541
InstallProtocolInterface: 5B1B31A1-9562-11D2-8E3F-00A0C969723B 75B8040
Loading driver at 0x000075A3000 EntryPoint=0x000075A6C00 PcdDxe.efi
InstallProtocolInterface: BC62157E-3E33-4FEC-9920-2D3B36D750DF 75B8D18
ProtectUefiImageCommon - 0x75B8040
  - 0x00000000075A3000 - 0x0000000000005880
InstallProtocolInterface: 11B34006-D85B-4D0A-A290-D5A571310EF7 75A8630
InstallProtocolInterface: 13A3F0F6-264A-3EF0-F2E0-DEC512342F34 75A8580
InstallProtocolInterface: 5BE40F57-FA68-4610-BBBF-E9C5FCDAD365 75A8610
InstallProtocolInterface: FD0F4478-0EFD-461D-BA2D-E58C45FD5F5E 75A8570
Loading driver 2EC9DA37-EE35-4DE9-86C5-6D9A81DC38A7
InstallProtocolInterface: 5B1B31A1-9562-11D2-8E3F-00A0C969723B 75BE0C0
Loading driver at 0x000075B4000 EntryPoint=0x000075B635D AmdSevDxe.efi
InstallProtocolInterface: BC62157E-3E33-4FEC-9920-2D3B36D750DF 75BEA98
ProtectUefiImageCommon - 0x75BE0C0
  - 0x00000000075B4000 - 0x0000000000003500
Error: Image at 000075B4000 start failed: Unsupported
Loading driver E750224E-7BCE-40AF-B5BB-47E3611EB5C2
InstallProtocolInterface: 5B1B31A1-9562-11D2-8E3F-00A0C969723B 75BE0C0
Loading driver at 0x0000759E000 EntryPoint=0x000075A037D TdxDxe.efi
InstallProtocolInterface: BC62157E-3E33-4FEC-9920-2D3B36D750DF 75BEC18
ProtectUefiImageCommon - 0x75BE0C0
  - 0x000000000759E000 - 0x0000000000004220
InstallProtocolInterface: BB00A5CA-08CE-462F-A537-43C74A825CA4 0
Loading driver 733CBAC2-B23F-4B92-BC8E-FB01CE5907B7
InstallProtocolInterface: 5B1B31A1-9562-11D2-8E3F-00A0C969723B 75BE4C0
Loading driver at 0x00007AE4000 EntryPoint=0x00007AE751F FvbServicesRuntimeDxe.efi
InstallProtocolInterface: BC62157E-3E33-4FEC-9920-2D3B36D750DF 75BDF18
ProtectUefiImageCommon - 0x75BE4C0
  - 0x0000000007AE4000 - 0x0000000000009000
QEMU Flash: Attempting flash detection at FFC00010
QemuFlashDetected => FD behaves as FLASH
QemuFlashDetected => Yes
Installing QEMU flash FVB
InstallProtocolInterface: 8F644FA9-E850-4DB1-9CE2-0B44698E8DA4 79EC9B0
InstallProtocolInterface: 09576E91-6D3F-11D2-8E39-00A0C969723B 75BDE18
Loading driver D93CE3D8-A7EB-4730-8C8E-CC466A9ECC3C
InstallProtocolInterface: 5B1B31A1-9562-11D2-8E3F-00A0C969723B 75BD7C0
Loading driver at 0x00007ADD000 EntryPoint=0x00007ADFFAD ReportStatusCodeRouterRuntimeDxe.efi
InstallProtocolInterface: BC62157E-3E33-4FEC-9920-2D3B36D750DF 75BD418
ProtectUefiImageCommon - 0x75BD7C0
  - 0x0000000007ADD000 - 0x0000000000007000
InstallProtocolInterface: 86212936-0E76-41C8-A03A-2AF2FC1C39E2 7AE2080
InstallProtocolInterface: D2B2B828-0826-48A7-B3DF-983C006024F0 7AE2090
Loading driver B601F8C4-43B7-4784-95B1-F4226CB40CEE
InstallProtocolInterface: 5B1B31A1-9562-11D2-8E3F-00A0C969723B 75BAC40
Loading driver at 0x00007AD7000 EntryPoint=0x00007AD9964 RuntimeDxe.efi
InstallProtocolInterface: BC62157E-3E33-4FEC-9920-2D3B36D750DF 75BAA18
ProtectUefiImageCommon - 0x75BAC40
  - 0x0000000007AD7000 - 0x0000000000006000
InstallProtocolInterface: B7DFB4E1-052F-449F-87BE-9818FC91B733 7ADB070
Loading driver F80697E9-7FD6-4665-8646-88E33EF71DFC
InstallProtocolInterface: 5B1B31A1-9562-11D2-8E3F-00A0C969723B 75BA440
Loading driver at 0x0000759B000 EntryPoint=0x0000759CB59 SecurityStubDxe.efi
InstallProtocolInterface: BC62157E-3E33-4FEC-9920-2D3B36D750DF 75B9F98
ProtectUefiImageCommon - 0x75BA440
  - 0x000000000759B000 - 0x0000000000002BE0
InstallProtocolInterface: 94AB2F58-1438-4EF1-9152-18941A3A0E68 759DB28
InstallProtocolInterface: A46423E3-4617-49F1-B9FF-D1BFA9115839 759DB30
InstallProtocolInterface: 15853D7C-3DDF-43E0-A1CB-EBF85B8F872C 759DB20
Loading driver 13AC6DD0-73D0-11D4-B06B-00AA00BD6DE7
InstallProtocolInterface: 5B1B31A1-9562-11D2-8E3F-00A0C969723B 75B91C0
Loading driver at 0x0000758F000 EntryPoint=0x00007593A71 EbcDxe.efi
InstallProtocolInterface: BC62157E-3E33-4FEC-9920-2D3B36D750DF 75B9498
ProtectUefiImageCommon - 0x75B91C0
  - 0x000000000758F000 - 0x0000000000005E00
InstallProtocolInterface: 13AC6DD1-73D0-11D4-B06B-00AA00BD6DE7 75B9618
InstallProtocolInterface: 96F46153-97A7-4793-ACC1-FA19BF78EA97 7594C18
InstallProtocolInterface: 2755590C-6F3C-42FA-9EA4-A3BA543CDA25 75B7E98
InstallProtocolInterface: AAEACCFD-F27B-4C17-B610-75CA1F2DFB52 75B7B98
Loading driver A19B1FE7-C1BC-49F8-875F-54A5D542443F
InstallProtocolInterface: 5B1B31A1-9562-11D2-8E3F-00A0C969723B 75B72C0
Loading driver at 0x00007598000 EntryPoint=0x0000759A0A4 CpuIo2Dxe.efi
InstallProtocolInterface: BC62157E-3E33-4FEC-9920-2D3B36D750DF 75B7A98
ProtectUefiImageCommon - 0x75B72C0
  - 0x0000000007598000 - 0x0000000000002A00
InstallProtocolInterface: AD61F191-AE5F-4C0E-B9FA-E869D288C64F 759A970
Loading driver 1A1E4886-9517-440E-9FDE-3BE44CEE2136
InstallProtocolInterface: 5B1B31A1-9562-11D2-8E3F-00A0C969723B 75B6040
Loading driver at 0x0000715B000 EntryPoint=0x00007168F3B CpuDxe.efi
InstallProtocolInterface: BC62157E-3E33-4FEC-9920-2D3B36D750DF 75B6F18
ProtectUefiImageCommon - 0x75B6040
  - 0x000000000715B000 - 0x00000000000195E0
Paging: added 512 pages to page table pool
CurrentPagingContext:
  MachineType   - 0x8664
  PageTableBase - 0x7C01000
  Attributes    - 0xC0000002
InstallProtocolInterface: 26BACCB1-6F42-11D4-BCE7-0080C73C8881 716D9E0
MemoryProtectionCpuArchProtocolNotify:
ProtectUefiImageCommon - 0x7EB0990
  - 0x0000000007E90000 - 0x000000000002A000
ProtectUefiImageCommon - 0x75BF140
  - 0x00000000075A9000 - 0x000000000000AEE0
ProtectUefiImageCommon - 0x75B8040
  - 0x00000000075A3000 - 0x0000000000005880
ProtectUefiImageCommon - 0x75BE0C0
  - 0x000000000759E000 - 0x0000000000004220
ProtectUefiImageCommon - 0x75BE4C0
  - 0x0000000007AE4000 - 0x0000000000009000
SetUefiImageMemoryAttributes - 0x0000000007AE4000 - 0x0000000000001000 (0x0000000000004000)
SetUefiImageMemoryAttributes - 0x0000000007AE5000 - 0x0000000000004000 (0x0000000000020000)
SetUefiImageMemoryAttributes - 0x0000000007AE9000 - 0x0000000000004000 (0x0000000000004000)
ProtectUefiImageCommon - 0x75BD7C0
  - 0x0000000007ADD000 - 0x0000000000007000
SetUefiImageMemoryAttributes - 0x0000000007ADD000 - 0x0000000000001000 (0x0000000000004000)
SetUefiImageMemoryAttributes - 0x0000000007ADE000 - 0x0000000000003000 (0x0000000000020000)
SetUefiImageMemoryAttributes - 0x0000000007AE1000 - 0x0000000000003000 (0x0000000000004000)
ProtectUefiImageCommon - 0x75BAC40
  - 0x0000000007AD7000 - 0x0000000000006000
SetUefiImageMemoryAttributes - 0x0000000007AD7000 - 0x0000000000001000 (0x0000000000004000)
SetUefiImageMemoryAttributes - 0x0000000007AD8000 - 0x0000000000002000 (0x0000000000020000)
SetUefiImageMemoryAttributes - 0x0000000007ADA000 - 0x0000000000003000 (0x0000000000004000)
ProtectUefiImageCommon - 0x75BA440
  - 0x000000000759B000 - 0x0000000000002BE0
ProtectUefiImageCommon - 0x75B91C0
  - 0x000000000758F000 - 0x0000000000005E00
ProtectUefiImageCommon - 0x75B72C0
  - 0x0000000007598000 - 0x0000000000002A00
ProtectUefiImageCommon - 0x75B6040
  - 0x000000000715B000 - 0x00000000000195E0
ConvertPages: failed to find range A0000 - FFFFF
ConvertPages: failed to find range 80000000 - FBFFFFFF
ConvertPages: failed to find range FEC00000 - FEC00FFF
Failed to update capability: [8] 00000000FED00000 - 00000000FED003FF (C700000000000001 -> C700000000026001)
ConvertPages: failed to find range FEE00000 - FEEFFFFF
ConvertPages: failed to find range FFC00000 - FFFFFFFF
AP Loop Mode is 1
AP Vector: non-16-bit = 7596000/32A
GetMicrocodePatchInfoFromHob: MicrocodeBase = 0x0, MicrocodeSize = 0x0
CPU[0000]: Microcode revision = 00000000, expected = 00000000
Detect CPU count: 1
InstallProtocolInterface: 3FDDA605-A76E-4F46-AD29-12F4531B3D08 716DBB0
Loading driver F6697AC4-A776-4EE1-B643-1FEFF2B615BB
InstallProtocolInterface: 5B1B31A1-9562-11D2-8E3F-00A0C969723B 75970C0
Loading driver at 0x00007177000 EntryPoint=0x000071787A3 IncompatiblePciDeviceSupportDxe.efi
InstallProtocolInterface: BC62157E-3E33-4FEC-9920-2D3B36D750DF 75B6298
ProtectUefiImageCommon - 0x75970C0
  - 0x0000000007177000 - 0x0000000000002360
InstallProtocolInterface: EB23F55A-7863-4AC2-8D3D-956535DE0375 7179330
Loading driver 11A6EDF6-A9BE-426D-A6CC-B22FE51D9224
InstallProtocolInterface: 5B1B31A1-9562-11D2-8E3F-00A0C969723B 75950C0
Loading driver at 0x00007151000 EntryPoint=0x00007154B8D PciHotPlugInitDxe.efi
InstallProtocolInterface: BC62157E-3E33-4FEC-9920-2D3B36D750DF 7595A18
ProtectUefiImageCommon - 0x75950C0
  - 0x0000000007151000 - 0x0000000000004D00
InstallProtocolInterface: AA0E8BC1-DABC-46B0-A844-37B8169B2BEA 7155CC0
Loading driver 4B28E4C7-FF36-4E10-93CF-A82159E777C5
InstallProtocolInterface: 5B1B31A1-9562-11D2-8E3F-00A0C969723B 7595440
Loading driver at 0x00007AD0000 EntryPoint=0x00007AD303B ResetSystemRuntimeDxe.efi
InstallProtocolInterface: BC62157E-3E33-4FEC-9920-2D3B36D750DF 717CB18
ProtectUefiImageCommon - 0x7595440
  - 0x0000000007AD0000 - 0x0000000000007000
SetUefiImageMemoryAttributes - 0x0000000007AD0000 - 0x0000000000001000 (0x0000000000004008)
SetUefiImageMemoryAttributes - 0x0000000007AD1000 - 0x0000000000003000 (0x0000000000020008)
SetUefiImageMemoryAttributes - 0x0000000007AD4000 - 0x0000000000003000 (0x0000000000004008)
InstallProtocolInterface: 27CFAC88-46CC-11D4-9A38-0090273FC14D 0
InstallProtocolInterface: 9DA34AE0-EAF9-4BBF-8EC3-FD60226C44BE 7AD5118
InstallProtocolInterface: 695D7835-8D47-4C11-AB22-FA8ACCE7AE7A 7AD50C8
InstallProtocolInterface: 2DF6BA0B-7092-440D-BD04-FB091EC3F3C1 7AD50F0
Loading driver C8339973-A563-4561-B858-D8476F9DEFC4
InstallProtocolInterface: 5B1B31A1-9562-11D2-8E3F-00A0C969723B 717C240
Loading driver at 0x0000714E000 EntryPoint=0x0000714F93C Metronome.efi
InstallProtocolInterface: BC62157E-3E33-4FEC-9920-2D3B36D750DF 717C518
ProtectUefiImageCommon - 0x717C240
  - 0x000000000714E000 - 0x00000000000026E0
InstallProtocolInterface: 26BACCB2-6F42-11D4-BCE7-0080C73C8881 7150650
Loading driver 348C4D62-BFBD-4882-9ECE-C80BB1C4783B
InstallProtocolInterface: 5B1B31A1-9562-11D2-8E3F-00A0C969723B 717B0C0
Loading driver at 0x00007116000 EntryPoint=0x0000712E673 HiiDatabase.efi
InstallProtocolInterface: BC62157E-3E33-4FEC-9920-2D3B36D750DF 717BA18
ProtectUefiImageCommon - 0x717B0C0
  - 0x0000000007116000 - 0x000000000001B780
InstallProtocolInterface: E9CA4775-8657-47FC-97E7-7ED65A084324 7131548
InstallProtocolInterface: 0FD96974-23AA-4CDC-B9CB-98D17750322A 71315C0
InstallProtocolInterface: EF9FC172-A1B2-4693-B327-6D32FC416042 71315E8
InstallProtocolInterface: 587E72D7-CC50-4F79-8209-CA291FC1A10F 7131640
InstallProtocolInterface: 0A8BADD5-03B8-4D19-B128-7B8F0EDAA596 7131670
InstallProtocolInterface: 31A6406A-6BDF-4E46-B2A2-EBAA89C40920 7131568
InstallProtocolInterface: 1A1241E6-8F19-41A9-BC0E-E8EF39E06546 7131590
Loading driver 96B5C032-DF4C-4B6E-8232-438DCF448D0E
InstallProtocolInterface: 5B1B31A1-9562-11D2-8E3F-00A0C969723B 717ABC0
Loading driver at 0x0000714B000 EntryPoint=0x0000714C76D NullMemoryTestDxe.efi
InstallProtocolInterface: BC62157E-3E33-4FEC-9920-2D3B36D750DF 717AA98
ProtectUefiImageCommon - 0x717ABC0
  - 0x000000000714B000 - 0x0000000000002280
InstallProtocolInterface: 309DE7F1-7F5E-4ACE-B49C-531BE5AA95EF 714D1E0
Loading driver 9622E42C-8E38-4A08-9E8F-54F784652F6B
InstallProtocolInterface: 5B1B31A1-9562-11D2-8E3F-00A0C969723B 717A2C0
Loading driver at 0x0000713B000 EntryPoint=0x0000713F3D7 AcpiTableDxe.efi
InstallProtocolInterface: BC62157E-3E33-4FEC-9920-2D3B36D750DF 717A598
ProtectUefiImageCommon - 0x717A2C0
  - 0x000000000713B000 - 0x0000000000007080
InstallProtocolInterface: FFE06BDD-6107-46A6-7BB2-5A9C7EC5275C 7176D20
InstallProtocolInterface: EB97088E-CFDF-49C6-BE4B-D906A5B20E86 7176D30
Loading driver BDCE85BB-FBAA-4F4E-9264-501A2C249581
InstallProtocolInterface: 5B1B31A1-9562-11D2-8E3F-00A0C969723B 71767C0
Loading driver at 0x00007135000 EntryPoint=0x00007138F1D S3SaveStateDxe.efi
InstallProtocolInterface: BC62157E-3E33-4FEC-9920-2D3B36D750DF 7176718
ProtectUefiImageCommon - 0x71767C0
  - 0x0000000007135000 - 0x0000000000005AC0
InstallProtocolInterface: BD445D79-B7AD-4F04-9AD8-29BD2040EB3C 0
InstallProtocolInterface: E857CAF6-C046-45DC-BE3F-EE0765FBA887 713A9D0
Loading driver A210F973-229D-4F4D-AA37-9895E6C9EABA
InstallProtocolInterface: 5B1B31A1-9562-11D2-8E3F-00A0C969723B 7175C40
Loading driver at 0x00007148000 EntryPoint=0x00007149820 DpcDxe.efi
InstallProtocolInterface: BC62157E-3E33-4FEC-9920-2D3B36D750DF 7175A98
ProtectUefiImageCommon - 0x7175C40
  - 0x0000000007148000 - 0x0000000000002320
InstallProtocolInterface: 480F8AE9-0C46-4AA9-BC89-DB9FBA619806 714A090
Loading driver 8657015B-EA43-440D-949A-AF3BE365C0FC
InstallProtocolInterface: 5B1B31A1-9562-11D2-8E3F-00A0C969723B 7175240
Loading driver at 0x0000710A000 EntryPoint=0x0000710DF26 IoMmuDxe.efi
InstallProtocolInterface: BC62157E-3E33-4FEC-9920-2D3B36D750DF 7175898
ProtectUefiImageCommon - 0x7175240
  - 0x000000000710A000 - 0x0000000000005880
InstallProtocolInterface: F8775D50-8ABD-4ADF-92AC-853E51F6C8DC 0
Loading driver 22DC2B60-FE40-42AC-B01F-3AB1FAD9AAD8
InstallProtocolInterface: 5B1B31A1-9562-11D2-8E3F-00A0C969723B 715A0C0
Loading driver at 0x00007AC9000 EntryPoint=0x00007ACB964 EmuVariableFvbRuntimeDxe.efi
InstallProtocolInterface: BC62157E-3E33-4FEC-9920-2D3B36D750DF 715AD18
ProtectUefiImageCommon - 0x715A0C0
  - 0x0000000007AC9000 - 0x0000000000007000
SetUefiImageMemoryAttributes - 0x0000000007AC9000 - 0x0000000000001000 (0x0000000000004008)
SetUefiImageMemoryAttributes - 0x0000000007ACA000 - 0x0000000000003000 (0x0000000000020008)
SetUefiImageMemoryAttributes - 0x0000000007ACD000 - 0x0000000000003000 (0x0000000000004008)
EMU Variable FVB Started
Disabling EMU Variable FVB since flash variables appear to be supported.
Error: Image at 00007AC9000 start failed: Aborted
SetUefiImageMemoryAttributes - 0x0000000007AC9000 - 0x0000000000007000 (0x0000000000000008)
Loading driver CBD2E4D5-7068-4FF5-B462-9822B4AD8D60
InstallProtocolInterface: 5B1B31A1-9562-11D2-8E3F-00A0C969723B 715A0C0
Loading driver at 0x00007AC0000 EntryPoint=0x00007AC9309 VariableRuntimeDxe.efi
InstallProtocolInterface: BC62157E-3E33-4FEC-9920-2D3B36D750DF 715AD98
ProtectUefiImageCommon - 0x715A0C0
  - 0x0000000007AC0000 - 0x0000000000010000
SetUefiImageMemoryAttributes - 0x0000000007AC0000 - 0x0000000000001000 (0x0000000000004008)
SetUefiImageMemoryAttributes - 0x0000000007AC1000 - 0x000000000000A000 (0x0000000000020008)
SetUefiImageMemoryAttributes - 0x0000000007ACB000 - 0x0000000000005000 (0x0000000000004008)
VarCheckLibRegisterSetVariableCheckHandler - 0x7AC5639 Success
Variable driver common space: 0x3FF9C 0x3FF9C 0x3FF9C
Variable driver will work with auth variable format!
InstallProtocolInterface: CD3D0A05-9E24-437C-A891-1EE053DB7638 7ACE968
InstallProtocolInterface: AF23B340-97B4-4685-8D4F-A3F28169B21D 7ACE838
InstallProtocolInterface: 1E5668E2-8481-11D4-BCF1-0080C73C8881 0
VarCheckLibRegisterSetVariableCheckHandler - 0x7AC6C05 Success
InstallProtocolInterface: 81D1675C-86F6-48DF-BD95-9A6E4F0925C3 7ACE970
Loading driver 6C2004EF-4E0E-4BE4-B14C-340EB4AA5891
InstallProtocolInterface: 5B1B31A1-9562-11D2-8E3F-00A0C969723B 7159140
Loading driver at 0x00007ABB000 EntryPoint=0x00007ABD5B8 StatusCodeHandlerRuntimeDxe.efi
InstallProtocolInterface: BC62157E-3E33-4FEC-9920-2D3B36D750DF 7159398
ProtectUefiImageCommon - 0x7159140
  - 0x0000000007ABB000 - 0x0000000000005000
SetUefiImageMemoryAttributes - 0x0000000007ABB000 - 0x0000000000001000 (0x0000000000004008)
SetUefiImageMemoryAttributes - 0x0000000007ABC000 - 0x0000000000002000 (0x0000000000020008)
SetUefiImageMemoryAttributes - 0x0000000007ABE000 - 0x0000000000002000 (0x0000000000004008)
Loading driver 52FE8196-F9DE-4D07-B22F-51F77A0E7C41
InstallProtocolInterface: 5B1B31A1-9562-11D2-8E3F-00A0C969723B 7147040
Loading driver at 0x00007144000 EntryPoint=0x00007145FFC LocalApicTimerDxe.efi
InstallProtocolInterface: BC62157E-3E33-4FEC-9920-2D3B36D750DF 7147D18
ProtectUefiImageCommon - 0x7147040
  - 0x0000000007144000 - 0x0000000000002EE0
InstallProtocolInterface: 26BACCB3-6F42-11D4-BCE7-0080C73C8881 7146E20
Loading driver 128FB770-5E79-4176-9E51-9BB268A17DD1
InstallProtocolInterface: 5B1B31A1-9562-11D2-8E3F-00A0C969723B 7147440
Loading driver at 0x000070F6000 EntryPoint=0x000070FBAA8 PciHostBridgeDxe.efi
InstallProtocolInterface: BC62157E-3E33-4FEC-9920-2D3B36D750DF 7147B98
ProtectUefiImageCommon - 0x7147440
  - 0x00000000070F6000 - 0x0000000000009A80
Select Item: 0x0
FW CFG Signature: 0x554D4551
Select Item: 0x1
FW CFG Revision: 0x3
QemuFwCfg interface (DMA) is supported.
Select Item: 0x19
Select Item: 0x19
PciHostBridgeUtilityInitRootBridge: populated root bus 0, with room for 255 subordinate bus(es)
RootBridge: PciRoot(0x0)
  Support/Attr: 70069 / 70069
    DmaAbove4G: No
NoExtConfSpace: Yes
     AllocAttr: 3 (CombineMemPMem Mem64Decode)
           Bus: 0 - FF Translation=0
            Io: C000 - FFFF Translation=0
           Mem: 80000000 - FBFFFFFF Translation=0
    MemAbove4G: 800000000 - FFFFFFFFF Translation=0
          PMem: FFFFFFFFFFFFFFFF - 0 Translation=0
   PMemAbove4G: FFFFFFFFFFFFFFFF - 0 Translation=0
InstallProtocolInterface: CF8034BE-6768-4D8B-B739-7CCE683A9FBE 7158040
InstallProtocolInterface: 09576E91-6D3F-11D2-8E39-00A0C969723B 7158F98
InstallProtocolInterface: 2F707EBB-4A1A-11D4-9A38-0090273FC14D 71582F0
Loading driver EBF342FE-B1D3-4EF8-957C-8048606FF671
InstallProtocolInterface: 5B1B31A1-9562-11D2-8E3F-00A0C969723B 7158640
Loading driver at 0x000070C8000 EntryPoint=0x000070DC29F SetupBrowser.efi
InstallProtocolInterface: BC62157E-3E33-4FEC-9920-2D3B36D750DF 7157F18
ProtectUefiImageCommon - 0x7158640
  - 0x00000000070C8000 - 0x0000000000016E80
InstallProtocolInterface: B9D4C360-BCFB-4F9B-9298-53C136982258 70DEB08
InstallProtocolInterface: A770C357-B693-4E6D-A6CF-D21C728E550B 70DEB38
InstallProtocolInterface: 1F73B18D-4630-43C1-A1DE-6F80855D7DA4 70DEB18
Loading driver F9D88642-0737-49BC-81B5-6889CD57D9EA
InstallProtocolInterface: 5B1B31A1-9562-11D2-8E3F-00A0C969723B 7157240
Loading driver at 0x00007104000 EntryPoint=0x00007107D61 SmbiosDxe.efi
InstallProtocolInterface: BC62157E-3E33-4FEC-9920-2D3B36D750DF 7157B98
ProtectUefiImageCommon - 0x7157240
  - 0x0000000007104000 - 0x0000000000005E20
Select Item: 0x0
FW CFG Signature: 0x554D4551
Select Item: 0x1
FW CFG Revision: 0x3
QemuFwCfg interface (DMA) is supported.
Select Item: 0x19
Select Item: 0x19
Select Item: 0x26
DetectSmbiosVersion: SMBIOS version from QEMU: 0x0208
InstallProtocolInterface: 03583FF6-CB36-4940-947E-B9B39F4AFAF7 7109D80
Loading driver 17985E6F-E778-4D94-AEFA-C5DD2B77E186
InstallProtocolInterface: 5B1B31A1-9562-11D2-8E3F-00A0C969723B 71560C0
Loading driver at 0x000070E8000 EntryPoint=0x000070EC608 QemuFwCfgAcpiPlatform.efi
InstallProtocolInterface: BC62157E-3E33-4FEC-9920-2D3B36D750DF 7156A18
ProtectUefiImageCommon - 0x71560C0
  - 0x00000000070E8000 - 0x00000000000065E0
Select Item: 0x0
FW CFG Signature: 0x554D4551
Select Item: 0x1
FW CFG Revision: 0x3
QemuFwCfg interface (DMA) is supported.
AcpiPlatformEntryPoint: waiting for root bridges to be connected, registered callback
Loading driver FA20568B-548B-4B2B-81EF-1BA08D4A3CEC
InstallProtocolInterface: 5B1B31A1-9562-11D2-8E3F-00A0C969723B 71564C0
Loading driver at 0x0000709A000 EntryPoint=0x000070A5F70 BootScriptExecutorDxe.efi
InstallProtocolInterface: BC62157E-3E33-4FEC-9920-2D3B36D750DF 7156798
ProtectUefiImageCommon - 0x71564C0
  - 0x000000000709A000 - 0x0000000000016420
Loading driver A487A478-51EF-48AA-8794-7BEE2A0562F1
InstallProtocolInterface: 5B1B31A1-9562-11D2-8E3F-00A0C969723B 71430C0
Loading driver at 0x000070B4000 EntryPoint=0x000070BA5E6 tftpDynamicCommand.efi
InstallProtocolInterface: BC62157E-3E33-4FEC-9920-2D3B36D750DF 7143A98
InstallProtocolInterface: 6A1EE763-D47A-43B4-AABE-EF1DE2AB56FC 70BC2E0
ProtectUefiImageCommon - 0x71430C0
  - 0x00000000070B4000 - 0x0000000000009E00
InstallProtocolInterface: 3C7200E9-005F-4EA4-87DE-A3DFAC8A27C3 70BC170
Loading driver 19618BCE-55AE-09C6-37E9-4CE04084C7A1
InstallProtocolInterface: 5B1B31A1-9562-11D2-8E3F-00A0C969723B 7132B40
Loading driver at 0x00007080000 EntryPoint=0x00007087C05 httpDynamicCommand.efi
InstallProtocolInterface: BC62157E-3E33-4FEC-9920-2D3B36D750DF 7143798
InstallProtocolInterface: 6A1EE763-D47A-43B4-AABE-EF1DE2AB56FC 7089F20
ProtectUefiImageCommon - 0x7132B40
  - 0x0000000007080000 - 0x000000000000C180
InstallProtocolInterface: 3C7200E9-005F-4EA4-87DE-A3DFAC8A27C3 7089D90
Loading driver 2F30DA26-F51B-4B6F-85C4-31873C281BCA
InstallProtocolInterface: 5B1B31A1-9562-11D2-8E3F-00A0C969723B 7132240
Loading driver at 0x000070C0000 EntryPoint=0x000070C4E81 LinuxInitrdDynamicShellCommand.efi
InstallProtocolInterface: BC62157E-3E33-4FEC-9920-2D3B36D750DF 7132598
InstallProtocolInterface: 6A1EE763-D47A-43B4-AABE-EF1DE2AB56FC 70C6700
ProtectUefiImageCommon - 0x7132240
  - 0x00000000070C0000 - 0x00000000000071E0
InstallProtocolInterface: 3C7200E9-005F-4EA4-87DE-A3DFAC8A27C3 70C6570
Loading driver F74D20EE-37E7-48FC-97F7-9B1047749C69
InstallProtocolInterface: 5B1B31A1-9562-11D2-8E3F-00A0C969723B 71127C0
Loading driver at 0x000070E3000 EntryPoint=0x000070E45B0 LogoDxe.efi
InstallProtocolInterface: BC62157E-3E33-4FEC-9920-2D3B36D750DF 7111A98
InstallProtocolInterface: 6A1EE763-D47A-43B4-AABE-EF1DE2AB56FC 70E4F20
ProtectUefiImageCommon - 0x71127C0
  - 0x00000000070E3000 - 0x0000000000004E40
InstallProtocolInterface: 53CD299F-2BC1-40C0-8C07-23F64FDB30E0 70E4E80
Loading driver E8E15D50-E7F5-4537-9C46-AC5ADC1948B9
InstallProtocolInterface: 5B1B31A1-9562-11D2-8E3F-00A0C969723B 7112240
Loading driver at 0x000070F0000 EntryPoint=0x000070F16DE Example1_Driver_Lockbox.efi
InstallProtocolInterface: BC62157E-3E33-4FEC-9920-2D3B36D750DF 7110418
ProtectUefiImageCommon - 0x7112240
  - 0x00000000070F0000 - 0x0000000000002240
InstallProtocolInterface: F3AAE06F-7716-4722-B626-026479B9FA57 70F21A0
Loading driver DCE1B094-7DC6-45D0-9FDD-D7FC3CC3E4EF
InstallProtocolInterface: 5B1B31A1-9562-11D2-8E3F-00A0C969723B 7110540
Loading driver at 0x00007090000 EntryPoint=0x00007092EF8 QemuRamfbDxe.efi
InstallProtocolInterface: BC62157E-3E33-4FEC-9920-2D3B36D750DF 7110818
ProtectUefiImageCommon - 0x7110540
  - 0x0000000007090000 - 0x0000000000004AE0
Select Item: 0x0
FW CFG Signature: 0x554D4551
Select Item: 0x1
FW CFG Revision: 0x3
QemuFwCfg interface (DMA) is supported.
Select Item: 0x19
Error: Image at 00007090000 start failed: Not Found
Loading driver FE5CEA76-4F72-49E8-986F-2CD899DFFE5D
InstallProtocolInterface: 5B1B31A1-9562-11D2-8E3F-00A0C969723B 7110540
Loading driver at 0x0000708E000 EntryPoint=0x00007091FF5 FaultTolerantWriteDxe.efi
InstallProtocolInterface: BC62157E-3E33-4FEC-9920-2D3B36D750DF 7110898
ProtectUefiImageCommon - 0x7110540
  - 0x000000000708E000 - 0x0000000000005500
Ftw: FtwWorkSpaceLba - 0x41, WorkBlockSize  - 0x1000, FtwWorkSpaceBase - 0x0
Ftw: FtwSpareLba     - 0x42, SpareBlockSize - 0x1000
Ftw: NumberOfWorkBlock - 0x1, FtwWorkBlockLba - 0x41
Ftw: WorkSpaceLbaInSpare - 0x0, WorkSpaceBaseInSpare - 0x0
Ftw: Remaining work space size - FE0
InstallProtocolInterface: 3EBD9E82-2C78-4DE6-9786-8D4BFCB7C881 70F3028
NOTICE - AuthVariableLibInitialize() returns Unsupported!
Variable driver will continue to work without auth variable support!
RecordSecureBootPolicyVarData GetVariable SecureBoot Status E
InstallProtocolInterface: 6441F818-6362-4E44-B570-7DBA31DD2453 0
Loading driver 378D7B65-8DA9-4773-B6E4-A47826A833E1
InstallProtocolInterface: 5B1B31A1-9562-11D2-8E3F-00A0C969723B 70F50C0
Loading driver at 0x00007AB4000 EntryPoint=0x00007AB763C PcRtc.efi
InstallProtocolInterface: BC62157E-3E33-4FEC-9920-2D3B36D750DF 70F5998
ProtectUefiImageCommon - 0x70F50C0
  - 0x0000000007AB4000 - 0x0000000000007000
SetUefiImageMemoryAttributes - 0x0000000007AB4000 - 0x0000000000001000 (0x0000000000004008)
SetUefiImageMemoryAttributes - 0x0000000007AB5000 - 0x0000000000004000 (0x0000000000020008)
SetUefiImageMemoryAttributes - 0x0000000007AB9000 - 0x0000000000002000 (0x0000000000004008)
InstallProtocolInterface: 27CFAC87-46CC-11D4-9A38-0090273FC14D 0
Loading driver F099D67F-71AE-4C36-B2A3-DCEB0EB2B7D8
InstallProtocolInterface: 5B1B31A1-9562-11D2-8E3F-00A0C969723B 70EF040
Loading driver at 0x00007097000 EntryPoint=0x0000709862B WatchdogTimer.efi
InstallProtocolInterface: BC62157E-3E33-4FEC-9920-2D3B36D750DF 70EFD18
ProtectUefiImageCommon - 0x70EF040
  - 0x0000000007097000 - 0x00000000000020E0
InstallProtocolInterface: 665E3FF5-46CC-11D4-9A38-0090273FC14D 7099040
Loading driver AD608272-D07F-4964-801E-7BD3B7888652
InstallProtocolInterface: 5B1B31A1-9562-11D2-8E3F-00A0C969723B 70EF440
Loading driver at 0x00007AAF000 EntryPoint=0x00007AB142E MonotonicCounterRuntimeDxe.efi
InstallProtocolInterface: BC62157E-3E33-4FEC-9920-2D3B36D750DF 70EFA18
ProtectUefiImageCommon - 0x70EF440
  - 0x0000000007AAF000 - 0x0000000000005000
SetUefiImageMemoryAttributes - 0x0000000007AAF000 - 0x0000000000001000 (0x0000000000004008)
SetUefiImageMemoryAttributes - 0x0000000007AB0000 - 0x0000000000002000 (0x0000000000020008)
SetUefiImageMemoryAttributes - 0x0000000007AB2000 - 0x0000000000002000 (0x0000000000004008)
InstallProtocolInterface: 1DA97072-BDDC-4B30-99F1-72A0B56FFF2A 0
Loading driver 42857F0A-13F2-4B21-8A23-53D3F714B840
InstallProtocolInterface: 5B1B31A1-9562-11D2-8E3F-00A0C969723B 70BF1C0
Loading driver at 0x00007AAA000 EntryPoint=0x00007AAC536 CapsuleRuntimeDxe.efi
InstallProtocolInterface: BC62157E-3E33-4FEC-9920-2D3B36D750DF 70BFE98
ProtectUefiImageCommon - 0x70BF1C0
  - 0x0000000007AAA000 - 0x0000000000005000
SetUefiImageMemoryAttributes - 0x0000000007AAA000 - 0x0000000000001000 (0x0000000000004008)
SetUefiImageMemoryAttributes - 0x0000000007AAB000 - 0x0000000000002000 (0x0000000000020008)
SetUefiImageMemoryAttributes - 0x0000000007AAD000 - 0x0000000000002000 (0x0000000000004008)
InstallProtocolInterface: 5053697E-2CBC-4819-90D9-0580DEEE5754 0
Loading driver EBF8ED7C-0DD1-4787-84F1-F48D537DCACF
InstallProtocolInterface: 5B1B31A1-9562-11D2-8E3F-00A0C969723B 70BE040
Loading driver at 0x00007074000 EntryPoint=0x00007077E97 DriverHealthManagerDxe.efi
InstallProtocolInterface: BC62157E-3E33-4FEC-9920-2D3B36D750DF 70BF798
ProtectUefiImageCommon - 0x70BE040
  - 0x0000000007074000 - 0x0000000000005A40
InstallProtocolInterface: 09576E91-6D3F-11D2-8E39-00A0C969723B 7079960
InstallProtocolInterface: 330D4706-F2A0-4E4F-A369-B66FA8D54385 7079938
Loading driver 6D33944A-EC75-4855-A54D-809C75241F6C
InstallProtocolInterface: 5B1B31A1-9562-11D2-8E3F-00A0C969723B 70B35C0
Loading driver at 0x00007040000 EntryPoint=0x000070540D6 BdsDxe.efi
InstallProtocolInterface: BC62157E-3E33-4FEC-9920-2D3B36D750DF 70B3898
ProtectUefiImageCommon - 0x70B35C0
  - 0x0000000007040000 - 0x0000000000019280
Select Item: 0x0
FW CFG Signature: 0x554D4551
Select Item: 0x1
FW CFG Revision: 0x3
QemuFwCfg interface (DMA) is supported.
InstallProtocolInterface: 665E3FF6-46CC-11D4-9A38-0090273FC14D 7058A68
Loading driver 28A03FF4-12B3-4305-A417-BB1A4F94081E
InstallProtocolInterface: 5B1B31A1-9562-11D2-8E3F-00A0C969723B 70B2040
Loading driver at 0x0000705E000 EntryPoint=0x00007064C6F RamDiskDxe.efi
InstallProtocolInterface: BC62157E-3E33-4FEC-9920-2D3B36D750DF 70BE698
ProtectUefiImageCommon - 0x70B2040
  - 0x000000000705E000 - 0x000000000000A160
InstallProtocolInterface: 09576E91-6D3F-11D2-8E39-00A0C969723B 70B2298
InstallProtocolInterface: 330D4706-F2A0-4E4F-A369-B66FA8D54385 7067D90
InstallProtocolInterface: 09576E91-6D3F-11D2-8E39-00A0C969723B 7067ED8
InstallProtocolInterface: 330D4706-F2A0-4E4F-A369-B66FA8D54385 70B1D30
InstallProtocolInterface: AB38A0DF-6873-44A9-87E6-D4EB56148449 7067FD0
InstallProtocolInterface: 28A03FF4-12B3-4305-A417-BB1A4F94081E 70B1D18
Loading driver E660EA85-058E-4B55-A54B-F02F83A24707
InstallProtocolInterface: 5B1B31A1-9562-11D2-8E3F-00A0C969723B 70B10C0
Loading driver at 0x00007018000 EntryPoint=0x00007026956 DisplayEngine.efi
InstallProtocolInterface: BC62157E-3E33-4FEC-9920-2D3B36D750DF 70B1618
ProtectUefiImageCommon - 0x70B10C0
  - 0x0000000007018000 - 0x0000000000013020
InstallProtocolInterface: 9BBE29E9-FDA1-41EC-AD52-452213742D2E 702ABA8
InstallProtocolInterface: 4311EDC0-6054-46D4-9E40-893EA952FCCC 702ABC0
Loading driver 4110465D-5FF3-4F4B-B580-24ED0D06747A
InstallProtocolInterface: 5B1B31A1-9562-11D2-8E3F-00A0C969723B 707E040
Loading driver at 0x0000706C000 EntryPoint=0x0000706E1C7 SmbiosPlatformDxe.efi
InstallProtocolInterface: BC62157E-3E33-4FEC-9920-2D3B36D750DF 707EF18
ProtectUefiImageCommon - 0x707E040
  - 0x000000000706C000 - 0x00000000000035E0
Select Item: 0x0
FW CFG Signature: 0x554D4551
Select Item: 0x1
FW CFG Revision: 0x3
QemuFwCfg interface (DMA) is supported.
Select Item: 0x19
Select Item: 0x27
SmbiosAdd: Smbios type 1 with size 0x53 is added to 32-bit table
SmbiosCreateTable: Initialize 32-bit entry point structure
SmbiosCreateTable() re-allocate SMBIOS 32-bit table
SmbiosAdd: Smbios type 3 with size 0x2C is added to 32-bit table
SmbiosAdd: Smbios type 4 with size 0x46 is added to 32-bit table
SmbiosAdd: Smbios type 16 with size 0x19 is added to 32-bit table
SmbiosAdd: Smbios type 17 with size 0x35 is added to 32-bit table
SmbiosAdd: Smbios type 19 with size 0x21 is added to 32-bit table
SmbiosAdd: Smbios type 32 with size 0xD is added to 32-bit table
SmbiosAdd: Smbios type 0 with size 0x4A is added to 32-bit table
Loading driver D9DCC5DF-4007-435E-9098-8970935504B2
InstallProtocolInterface: 5B1B31A1-9562-11D2-8E3F-00A0C969723B 707B140
Loading driver at 0x00007034000 EntryPoint=0x00007037DD8 PlatformDxe.efi
InstallProtocolInterface: BC62157E-3E33-4FEC-9920-2D3B36D750DF 707BA98
ProtectUefiImageCommon - 0x707B140
  - 0x0000000007034000 - 0x0000000000005BE0
InstallProtocolInterface: 09576E91-6D3F-11D2-8E39-00A0C969723B 7039AE8
InstallProtocolInterface: 330D4706-F2A0-4E4F-A369-B66FA8D54385 7039B70
Loading driver 93B80004-9FB3-11D4-9A3A-0090273FC14D
InstallProtocolInterface: 5B1B31A1-9562-11D2-8E3F-00A0C969723B 707A8C0
Loading driver at 0x00006DF2000 EntryPoint=0x00006DFE28E PciBusDxe.efi
InstallProtocolInterface: BC62157E-3E33-4FEC-9920-2D3B36D750DF 707A618
ProtectUefiImageCommon - 0x707A8C0
  - 0x0000000006DF2000 - 0x000000000000DF40
InstallProtocolInterface: 18A031AB-B443-4D1A-A5C0-0C09261E9F71 6DFFC90
InstallProtocolInterface: 107A772C-D5E1-11D4-9A46-0090273FC14D 6DFFC60
InstallProtocolInterface: 6A7A5CFF-E8D9-4F70-BADA-75AB3025CE14 6DFFC78
InstallProtocolInterface: 19CB87AB-2CB9-4665-8360-DDCF6054F79D 6DFFCC0
Loading driver 83DD3B39-7CAF-4FAC-A542-E050B767E3A7
InstallProtocolInterface: 5B1B31A1-9562-11D2-8E3F-00A0C969723B 7073BC0
Loading driver at 0x0000703C000 EntryPoint=0x0000703E286 VirtioPciDeviceDxe.efi
InstallProtocolInterface: BC62157E-3E33-4FEC-9920-2D3B36D750DF 7073A18
ProtectUefiImageCommon - 0x7073BC0
  - 0x000000000703C000 - 0x0000000000003060
InstallProtocolInterface: 18A031AB-B443-4D1A-A5C0-0C09261E9F71 703EEB0
InstallProtocolInterface: 107A772C-D5E1-11D4-9A46-0090273FC14D 703EE80
InstallProtocolInterface: 6A7A5CFF-E8D9-4F70-BADA-75AB3025CE14 703EE98
Loading driver 0170F60C-1D40-4651-956D-F0BD9879D527
InstallProtocolInterface: 5B1B31A1-9562-11D2-8E3F-00A0C969723B 70731C0
Loading driver at 0x00007013000 EntryPoint=0x000070168EE Virtio10.efi
InstallProtocolInterface: BC62157E-3E33-4FEC-9920-2D3B36D750DF 7073518
ProtectUefiImageCommon - 0x70731C0
  - 0x0000000007013000 - 0x0000000000004980
InstallProtocolInterface: 18A031AB-B443-4D1A-A5C0-0C09261E9F71 70178B0
InstallProtocolInterface: 107A772C-D5E1-11D4-9A46-0090273FC14D 7017880
InstallProtocolInterface: 6A7A5CFF-E8D9-4F70-BADA-75AB3025CE14 7017898
Loading driver 11D92DFB-3CA9-4F93-BA2E-4780ED3E03B5
InstallProtocolInterface: 5B1B31A1-9562-11D2-8E3F-00A0C969723B 7072CC0
Loading driver at 0x00007030000 EntryPoint=0x0000703279E VirtioBlkDxe.efi
InstallProtocolInterface: BC62157E-3E33-4FEC-9920-2D3B36D750DF 7072B98
ProtectUefiImageCommon - 0x7072CC0
  - 0x0000000007030000 - 0x0000000000003560
InstallProtocolInterface: 18A031AB-B443-4D1A-A5C0-0C09261E9F71 7033450
InstallProtocolInterface: 107A772C-D5E1-11D4-9A46-0090273FC14D 7033420
InstallProtocolInterface: 6A7A5CFF-E8D9-4F70-BADA-75AB3025CE14 7033438
Loading driver FAB5D4F4-83C0-4AAF-8480-442D11DF6CEA
InstallProtocolInterface: 5B1B31A1-9562-11D2-8E3F-00A0C969723B 70723C0
Loading driver at 0x0000702C000 EntryPoint=0x0000702EC2F VirtioScsiDxe.efi
InstallProtocolInterface: BC62157E-3E33-4FEC-9920-2D3B36D750DF 7072698
ProtectUefiImageCommon - 0x70723C0
  - 0x000000000702C000 - 0x00000000000039A0
InstallProtocolInterface: 18A031AB-B443-4D1A-A5C0-0C09261E9F71 702F890
InstallProtocolInterface: 107A772C-D5E1-11D4-9A46-0090273FC14D 702F860
InstallProtocolInterface: 6A7A5CFF-E8D9-4F70-BADA-75AB3025CE14 702F878
Loading driver 58E26F0D-CBAC-4BBA-B70F-18221415665A
InstallProtocolInterface: 5B1B31A1-9562-11D2-8E3F-00A0C969723B 70710C0
Loading driver at 0x0000705B000 EntryPoint=0x0000705D297 VirtioRngDxe.efi
InstallProtocolInterface: BC62157E-3E33-4FEC-9920-2D3B36D750DF 7071A98
ProtectUefiImageCommon - 0x70710C0
  - 0x000000000705B000 - 0x0000000000002F80
InstallProtocolInterface: 18A031AB-B443-4D1A-A5C0-0C09261E9F71 705DE70
InstallProtocolInterface: 107A772C-D5E1-11D4-9A46-0090273FC14D 705DE40
InstallProtocolInterface: 6A7A5CFF-E8D9-4F70-BADA-75AB3025CE14 705DE58
Loading driver 51CCF399-4FDF-4E55-A45B-E123F84D456A
InstallProtocolInterface: 5B1B31A1-9562-11D2-8E3F-00A0C969723B 7071540
Loading driver at 0x0000700B000 EntryPoint=0x0000700DAFB ConPlatformDxe.efi
InstallProtocolInterface: BC62157E-3E33-4FEC-9920-2D3B36D750DF 7070018
ProtectUefiImageCommon - 0x7071540
  - 0x000000000700B000 - 0x0000000000003D40
InstallProtocolInterface: 18A031AB-B443-4D1A-A5C0-0C09261E9F71 700EAD0
InstallProtocolInterface: 107A772C-D5E1-11D4-9A46-0090273FC14D 700EAA0
InstallProtocolInterface: 6A7A5CFF-E8D9-4F70-BADA-75AB3025CE14 700EAB8
InstallProtocolInterface: 18A031AB-B443-4D1A-A5C0-0C09261E9F71 700EB00
InstallProtocolInterface: 107A772C-D5E1-11D4-9A46-0090273FC14D 700EAA0
InstallProtocolInterface: 6A7A5CFF-E8D9-4F70-BADA-75AB3025CE14 700EAB8
Loading driver 408EDCEC-CF6D-477C-A5A8-B4844E3DE281
InstallProtocolInterface: 5B1B31A1-9562-11D2-8E3F-00A0C969723B 7070140
Loading driver at 0x00006DEA000 EntryPoint=0x00006DEF41B ConSplitterDxe.efi
InstallProtocolInterface: BC62157E-3E33-4FEC-9920-2D3B36D750DF 7070918
ProtectUefiImageCommon - 0x7070140
  - 0x0000000006DEA000 - 0x0000000000007060
InstallProtocolInterface: 18A031AB-B443-4D1A-A5C0-0C09261E9F71 6DF0870
InstallProtocolInterface: 107A772C-D5E1-11D4-9A46-0090273FC14D 6DF0840
InstallProtocolInterface: 6A7A5CFF-E8D9-4F70-BADA-75AB3025CE14 6DF0858
InstallProtocolInterface: 18A031AB-B443-4D1A-A5C0-0C09261E9F71 6DF0930
InstallProtocolInterface: 107A772C-D5E1-11D4-9A46-0090273FC14D 6DF0900
InstallProtocolInterface: 6A7A5CFF-E8D9-4F70-BADA-75AB3025CE14 6DF0918
InstallProtocolInterface: 18A031AB-B443-4D1A-A5C0-0C09261E9F71 6DF0810
InstallProtocolInterface: 107A772C-D5E1-11D4-9A46-0090273FC14D 6DF07E0
InstallProtocolInterface: 6A7A5CFF-E8D9-4F70-BADA-75AB3025CE14 6DF07F8
InstallProtocolInterface: 18A031AB-B443-4D1A-A5C0-0C09261E9F71 6DF08D0
InstallProtocolInterface: 107A772C-D5E1-11D4-9A46-0090273FC14D 6DF08A0
InstallProtocolInterface: 6A7A5CFF-E8D9-4F70-BADA-75AB3025CE14 6DF08B8
InstallProtocolInterface: 18A031AB-B443-4D1A-A5C0-0C09261E9F71 6DF0990
InstallProtocolInterface: 107A772C-D5E1-11D4-9A46-0090273FC14D 6DF0960
InstallProtocolInterface: 6A7A5CFF-E8D9-4F70-BADA-75AB3025CE14 6DF0978
InstallProtocolInterface: 387477C1-69C7-11D2-8E39-00A0C969723B 6DF0AD0
InstallProtocolInterface: DD9E7534-7762-4698-8C14-F58517A625AA 6DF0B00
InstallProtocolInterface: 31878C87-0B75-11D5-9A4F-0090273FC14D 6DF0B70
InstallProtocolInterface: 8D59D32B-C655-4AE9-9B15-F25904992A43 6DF0BC8
InstallProtocolInterface: 387477C2-69C7-11D2-8E39-00A0C969723B 6DF0C58
InstallProtocolInterface: 387477C2-69C7-11D2-8E39-00A0C969723B 6DF0E50
Loading driver CCCB0C28-4B24-11D5-9A5A-0090273FC14D
InstallProtocolInterface: 5B1B31A1-9562-11D2-8E3F-00A0C969723B 705ABC0
Loading driver at 0x00006DE4000 EntryPoint=0x00006DE7697 GraphicsConsoleDxe.efi
InstallProtocolInterface: BC62157E-3E33-4FEC-9920-2D3B36D750DF 705AA98
ProtectUefiImageCommon - 0x705ABC0
  - 0x0000000006DE4000 - 0x0000000000005EE0
InstallProtocolInterface: 18A031AB-B443-4D1A-A5C0-0C09261E9F71 6DE8708
InstallProtocolInterface: 107A772C-D5E1-11D4-9A46-0090273FC14D 6DE86D8
InstallProtocolInterface: 6A7A5CFF-E8D9-4F70-BADA-75AB3025CE14 6DE86F0
Loading driver 9E863906-A40F-4875-977F-5B93FF237FC6
InstallProtocolInterface: 5B1B31A1-9562-11D2-8E3F-00A0C969723B 705A340
Loading driver at 0x00006DDC000 EntryPoint=0x00006DE1D53 TerminalDxe.efi
InstallProtocolInterface: BC62157E-3E33-4FEC-9920-2D3B36D750DF 703BF98
ProtectUefiImageCommon - 0x705A340
  - 0x0000000006DDC000 - 0x00000000000076E0
InstallProtocolInterface: 18A031AB-B443-4D1A-A5C0-0C09261E9F71 6DE33C0
InstallProtocolInterface: 107A772C-D5E1-11D4-9A46-0090273FC14D 6DE3390
InstallProtocolInterface: 6A7A5CFF-E8D9-4F70-BADA-75AB3025CE14 6DE33A8
Loading driver 806040CA-DAD9-4978-A3B4-2D2AB0C8A48F
InstallProtocolInterface: 5B1B31A1-9562-11D2-8E3F-00A0C969723B 703B140
Loading driver at 0x00007001000 EntryPoint=0x00007003A69 QemuKernelLoaderFsDxe.efi
InstallProtocolInterface: BC62157E-3E33-4FEC-9920-2D3B36D750DF 703BB18
ProtectUefiImageCommon - 0x703B140
  - 0x0000000007001000 - 0x0000000000004340
Select Item: 0x0
FW CFG Signature: 0x554D4551
Select Item: 0x1
FW CFG Revision: 0x3
QemuFwCfg interface (DMA) is supported.
Select Item: 0x17
Select Item: 0x8
Select Item: 0xB
Select Item: 0x14
Error: Image at 00007001000 start failed: Not Found
Loading driver 6B38F7B4-AD98-40E9-9093-ACA2B5A253C4
InstallProtocolInterface: 5B1B31A1-9562-11D2-8E3F-00A0C969723B 703B140
Loading driver at 0x00007001000 EntryPoint=0x00007004386 DiskIoDxe.efi
InstallProtocolInterface: BC62157E-3E33-4FEC-9920-2D3B36D750DF 703B598
ProtectUefiImageCommon - 0x703B140
  - 0x0000000007001000 - 0x0000000000004660
InstallProtocolInterface: 18A031AB-B443-4D1A-A5C0-0C09261E9F71 70054B0
InstallProtocolInterface: 107A772C-D5E1-11D4-9A46-0090273FC14D 7005480
InstallProtocolInterface: 6A7A5CFF-E8D9-4F70-BADA-75AB3025CE14 7005498
Loading driver 1FA1F39E-FEFF-4AAE-BD7B-38A070A3B609
InstallProtocolInterface: 5B1B31A1-9562-11D2-8E3F-00A0C969723B 703A040
Loading driver at 0x00006DCE000 EntryPoint=0x00006DD2B19 PartitionDxe.efi
InstallProtocolInterface: BC62157E-3E33-4FEC-9920-2D3B36D750DF 703AD18
ProtectUefiImageCommon - 0x703A040
  - 0x0000000006DCE000 - 0x0000000000006020
InstallProtocolInterface: 18A031AB-B443-4D1A-A5C0-0C09261E9F71 6DD3F40
InstallProtocolInterface: 107A772C-D5E1-11D4-9A46-0090273FC14D 6DD3F10
InstallProtocolInterface: 6A7A5CFF-E8D9-4F70-BADA-75AB3025CE14 6DD3F28
Loading driver CD3BAFB6-50FB-4FE8-8E4E-AB74D2C1A600
InstallProtocolInterface: 5B1B31A1-9562-11D2-8E3F-00A0C969723B 703A440
Loading driver at 0x00006DD9000 EntryPoint=0x00006DDA7B3 EnglishDxe.efi
InstallProtocolInterface: BC62157E-3E33-4FEC-9920-2D3B36D750DF 703AC18
ProtectUefiImageCommon - 0x703A440
  - 0x0000000006DD9000 - 0x0000000000002420
InstallProtocolInterface: 1D85CD7F-F43D-11D2-9A0C-0090273FC14D 6DDB058
InstallProtocolInterface: A4C751FC-23AE-4C3E-92E9-4964CF63F349 6DDB020
Loading driver 0167CCC4-D0F7-4F21-A3EF-9E64B7CDCE8B
InstallProtocolInterface: 5B1B31A1-9562-11D2-8E3F-00A0C969723B 7012C40
Loading driver at 0x00006DD5000 EntryPoint=0x00006DD7F24 ScsiBus.efi
InstallProtocolInterface: BC62157E-3E33-4FEC-9920-2D3B36D750DF 7012A98
ProtectUefiImageCommon - 0x7012C40
  - 0x0000000006DD5000 - 0x0000000000003D80
InstallProtocolInterface: 18A031AB-B443-4D1A-A5C0-0C09261E9F71 6DD8CA0
InstallProtocolInterface: 107A772C-D5E1-11D4-9A46-0090273FC14D 6DD8CD0
InstallProtocolInterface: 6A7A5CFF-E8D9-4F70-BADA-75AB3025CE14 6DD8CE8
Loading driver 0A66E322-3740-4CCE-AD62-BD172CECCA35
InstallProtocolInterface: 5B1B31A1-9562-11D2-8E3F-00A0C969723B 70121C0
Loading driver at 0x00006DBA000 EntryPoint=0x00006DC1FD6 ScsiDisk.efi
InstallProtocolInterface: BC62157E-3E33-4FEC-9920-2D3B36D750DF 7012518
ProtectUefiImageCommon - 0x70121C0
  - 0x0000000006DBA000 - 0x00000000000095C0
InstallProtocolInterface: 18A031AB-B443-4D1A-A5C0-0C09261E9F71 6DC34C0
InstallProtocolInterface: 107A772C-D5E1-11D4-9A46-0090273FC14D 6DC3490
InstallProtocolInterface: 6A7A5CFF-E8D9-4F70-BADA-75AB3025CE14 6DC34A8
Loading driver 021722D8-522B-4079-852A-FE44C2C13F49
InstallProtocolInterface: 5B1B31A1-9562-11D2-8E3F-00A0C969723B 7011B40
Loading driver at 0x00006DCA000 EntryPoint=0x00006DCC397 SataController.efi
InstallProtocolInterface: BC62157E-3E33-4FEC-9920-2D3B36D750DF 7011098
ProtectUefiImageCommon - 0x7011B40
  - 0x0000000006DCA000 - 0x00000000000032A0
InstallProtocolInterface: 18A031AB-B443-4D1A-A5C0-0C09261E9F71 6DCD1B0
InstallProtocolInterface: 107A772C-D5E1-11D4-9A46-0090273FC14D 6DCD180
InstallProtocolInterface: 6A7A5CFF-E8D9-4F70-BADA-75AB3025CE14 6DCD198
Loading driver 5E523CB4-D397-4986-87BD-A6DD8B22F455
InstallProtocolInterface: 5B1B31A1-9562-11D2-8E3F-00A0C969723B 7011240
Loading driver at 0x00006DA4000 EntryPoint=0x00006DAC921 AtaAtapiPassThruDxe.efi
InstallProtocolInterface: BC62157E-3E33-4FEC-9920-2D3B36D750DF 7011598
ProtectUefiImageCommon - 0x7011240
  - 0x0000000006DA4000 - 0x000000000000AB20
InstallProtocolInterface: 18A031AB-B443-4D1A-A5C0-0C09261E9F71 6DAE710
InstallProtocolInterface: 107A772C-D5E1-11D4-9A46-0090273FC14D 6DAE6E0
InstallProtocolInterface: 6A7A5CFF-E8D9-4F70-BADA-75AB3025CE14 6DAE6F8
Loading driver 19DF145A-B1D4-453F-8507-38816676D7F6
InstallProtocolInterface: 5B1B31A1-9562-11D2-8E3F-00A0C969723B 700ACC0
Loading driver at 0x00006D9D000 EntryPoint=0x00006DA1842 AtaBusDxe.efi
InstallProtocolInterface: BC62157E-3E33-4FEC-9920-2D3B36D750DF 700A918
ProtectUefiImageCommon - 0x700ACC0
  - 0x0000000006D9D000 - 0x0000000000006240
InstallProtocolInterface: 18A031AB-B443-4D1A-A5C0-0C09261E9F71 6DA2E10
InstallProtocolInterface: 107A772C-D5E1-11D4-9A46-0090273FC14D 6DA2DE0
InstallProtocolInterface: 6A7A5CFF-E8D9-4F70-BADA-75AB3025CE14 6DA2DF8
Loading driver 5BE3BDF4-53CF-46A3-A6A9-73C34A6E5EE3
InstallProtocolInterface: 5B1B31A1-9562-11D2-8E3F-00A0C969723B 700A340
Loading driver at 0x00006D93000 EntryPoint=0x00006D9A276 NvmExpressDxe.efi
InstallProtocolInterface: BC62157E-3E33-4FEC-9920-2D3B36D750DF 700AB18
ProtectUefiImageCommon - 0x700A340
  - 0x0000000006D93000 - 0x0000000000009300
InstallProtocolInterface: 18A031AB-B443-4D1A-A5C0-0C09261E9F71 6D9C1D0
InstallProtocolInterface: 107A772C-D5E1-11D4-9A46-0090273FC14D 6D9C170
InstallProtocolInterface: 6A7A5CFF-E8D9-4F70-BADA-75AB3025CE14 6D9C188
InstallProtocolInterface: 5C198761-16A8-4E69-972C-89D67954F81D 6D9C200
Loading driver 864E1CA8-85EB-4D63-9DCC-6E0FC90FFD55
InstallProtocolInterface: 5B1B31A1-9562-11D2-8E3F-00A0C969723B 7009140
Loading driver at 0x00006DB6000 EntryPoint=0x00006DB82F2 SioBusDxe.efi
InstallProtocolInterface: BC62157E-3E33-4FEC-9920-2D3B36D750DF 7009B18
ProtectUefiImageCommon - 0x7009140
  - 0x0000000006DB6000 - 0x0000000000003120
InstallProtocolInterface: 18A031AB-B443-4D1A-A5C0-0C09261E9F71 6DB9020
InstallProtocolInterface: 107A772C-D5E1-11D4-9A46-0090273FC14D 6DB8FF0
InstallProtocolInterface: 6A7A5CFF-E8D9-4F70-BADA-75AB3025CE14 6DB9008
Loading driver E2775B47-D453-4EE3-ADA7-391A1B05AC17
InstallProtocolInterface: 5B1B31A1-9562-11D2-8E3F-00A0C969723B 7009540
Loading driver at 0x00006D8C000 EntryPoint=0x00006D90B9B PciSioSerialDxe.efi
InstallProtocolInterface: BC62157E-3E33-4FEC-9920-2D3B36D750DF 7008F98
ProtectUefiImageCommon - 0x7009540
  - 0x0000000006D8C000 - 0x0000000000006060
InstallProtocolInterface: 18A031AB-B443-4D1A-A5C0-0C09261E9F71 6D91E90
InstallProtocolInterface: 107A772C-D5E1-11D4-9A46-0090273FC14D 6D91E60
InstallProtocolInterface: 6A7A5CFF-E8D9-4F70-BADA-75AB3025CE14 6D91E78
Loading driver C4D1F932-821F-4744-BF06-6D30F7730F8D
InstallProtocolInterface: 5B1B31A1-9562-11D2-8E3F-00A0C969723B 7008140
Loading driver at 0x00006DB0000 EntryPoint=0x00006DB4221 Ps2KeyboardDxe.efi
InstallProtocolInterface: BC62157E-3E33-4FEC-9920-2D3B36D750DF 7008398
ProtectUefiImageCommon - 0x7008140
  - 0x0000000006DB0000 - 0x0000000000005820
InstallProtocolInterface: 18A031AB-B443-4D1A-A5C0-0C09261E9F71 6DB56E0
InstallProtocolInterface: 107A772C-D5E1-11D4-9A46-0090273FC14D 6DB5720
InstallProtocolInterface: 6A7A5CFF-E8D9-4F70-BADA-75AB3025CE14 6DB5738
Loading driver B8E62775-BB0A-43F0-A843-5BE8B14F8CCD
InstallProtocolInterface: 5B1B31A1-9562-11D2-8E3F-00A0C969723B 7007040
Loading driver at 0x00006DC4000 EntryPoint=0x00006DC5B8F BootGraphicsResourceTableDxe.efi
InstallProtocolInterface: BC62157E-3E33-4FEC-9920-2D3B36D750DF 7008598
ProtectUefiImageCommon - 0x7007040
  - 0x0000000006DC4000 - 0x0000000000002900
InstallProtocolInterface: CDEA2BD3-FC25-4C1C-B97C-B31186064990 6DC6858
InstallProtocolInterface: 4B5DC1DF-1EAA-48B2-A7E9-EAC489A00B5C 6DC6848
Loading driver 961578FE-B6B7-44C3-AF35-6BC705CD2B1F
InstallProtocolInterface: 5B1B31A1-9562-11D2-8E3F-00A0C969723B 7007440
Loading driver at 0x00006D78000 EntryPoint=0x00006D7FA3D Fat.efi
InstallProtocolInterface: BC62157E-3E33-4FEC-9920-2D3B36D750DF 7007798
ProtectUefiImageCommon - 0x7007440
  - 0x0000000006D78000 - 0x0000000000009340
InstallProtocolInterface: 18A031AB-B443-4D1A-A5C0-0C09261E9F71 6D81248
InstallProtocolInterface: 107A772C-D5E1-11D4-9A46-0090273FC14D 6D81218
InstallProtocolInterface: 6A7A5CFF-E8D9-4F70-BADA-75AB3025CE14 6D81230
Loading driver 905F13B0-8F91-4B0A-BD76-E1E78F9422E4
InstallProtocolInterface: 5B1B31A1-9562-11D2-8E3F-00A0C969723B 7006B40
Loading driver at 0x00006D71000 EntryPoint=0x00006D75F52 UdfDxe.efi
InstallProtocolInterface: BC62157E-3E33-4FEC-9920-2D3B36D750DF 7007918
ProtectUefiImageCommon - 0x7006B40
  - 0x0000000006D71000 - 0x0000000000006200
InstallProtocolInterface: 18A031AB-B443-4D1A-A5C0-0C09261E9F71 6D770D0
InstallProtocolInterface: 107A772C-D5E1-11D4-9A46-0090273FC14D 6D77090
InstallProtocolInterface: 6A7A5CFF-E8D9-4F70-BADA-75AB3025CE14 6D770A8
Loading driver 7BD9DDF7-8B83-488E-AEC9-24C78610289C
InstallProtocolInterface: 5B1B31A1-9562-11D2-8E3F-00A0C969723B 70061C0
Loading driver at 0x00006D67000 EntryPoint=0x00006D6E557 VirtioFsDxe.efi
InstallProtocolInterface: BC62157E-3E33-4FEC-9920-2D3B36D750DF 7006798
ProtectUefiImageCommon - 0x70061C0
  - 0x0000000006D67000 - 0x00000000000090C0
InstallProtocolInterface: 18A031AB-B443-4D1A-A5C0-0C09261E9F71 6D70090
InstallProtocolInterface: 6A7A5CFF-E8D9-4F70-BADA-75AB3025CE14 6D70070
Loading driver A2F436EA-A127-4EF8-957C-8048606FF670
InstallProtocolInterface: 5B1B31A1-9562-11D2-8E3F-00A0C969723B 7000B40
Loading driver at 0x00006D60000 EntryPoint=0x00006D653D6 SnpDxe.efi
InstallProtocolInterface: BC62157E-3E33-4FEC-9920-2D3B36D750DF 7000A98
ProtectUefiImageCommon - 0x7000B40
  - 0x0000000006D60000 - 0x0000000000006C60
InstallProtocolInterface: 18A031AB-B443-4D1A-A5C0-0C09261E9F71 6D66BB0
InstallProtocolInterface: 107A772C-D5E1-11D4-9A46-0090273FC14D 6D66B80
InstallProtocolInterface: 6A7A5CFF-E8D9-4F70-BADA-75AB3025CE14 6D66B98
Loading driver E4F61863-FE2C-4B56-A8F4-08519BC439DF
InstallProtocolInterface: 5B1B31A1-9562-11D2-8E3F-00A0C969723B 7000240
Loading driver at 0x00006D59000 EntryPoint=0x00006D5DA98 VlanConfigDxe.efi
InstallProtocolInterface: BC62157E-3E33-4FEC-9920-2D3B36D750DF 7000718
ProtectUefiImageCommon - 0x7000240
  - 0x0000000006D59000 - 0x0000000000006AA0
InstallProtocolInterface: 18A031AB-B443-4D1A-A5C0-0C09261E9F71 6D5F838
InstallProtocolInterface: 107A772C-D5E1-11D4-9A46-0090273FC14D 6D5F808
InstallProtocolInterface: 6A7A5CFF-E8D9-4F70-BADA-75AB3025CE14 6D5F820
Loading driver 025BBFC7-E6A9-4B8B-82AD-6815A1AEAF4A
InstallProtocolInterface: 5B1B31A1-9562-11D2-8E3F-00A0C969723B 6DC9CC0
Loading driver at 0x00006D4F000 EntryPoint=0x00006D564F1 MnpDxe.efi
InstallProtocolInterface: BC62157E-3E33-4FEC-9920-2D3B36D750DF 6DC9B18
ProtectUefiImageCommon - 0x6DC9CC0
  - 0x0000000006D4F000 - 0x0000000000009A80
InstallProtocolInterface: 18A031AB-B443-4D1A-A5C0-0C09261E9F71 6D58920
InstallProtocolInterface: 107A772C-D5E1-11D4-9A46-0090273FC14D 6D588F0
InstallProtocolInterface: 6A7A5CFF-E8D9-4F70-BADA-75AB3025CE14 6D58908
Loading driver 529D3F93-E8E9-4E73-B1E1-BDF6A9D50113
InstallProtocolInterface: 5B1B31A1-9562-11D2-8E3F-00A0C969723B 6DC93C0
Loading driver at 0x00006D49000 EntryPoint=0x00006D4D2BA ArpDxe.efi
InstallProtocolInterface: BC62157E-3E33-4FEC-9920-2D3B36D750DF 6DC9718
ProtectUefiImageCommon - 0x6DC93C0
  - 0x0000000006D49000 - 0x0000000000005860
InstallProtocolInterface: 18A031AB-B443-4D1A-A5C0-0C09261E9F71 6D4E690
InstallProtocolInterface: 107A772C-D5E1-11D4-9A46-0090273FC14D 6D4E660
InstallProtocolInterface: 6A7A5CFF-E8D9-4F70-BADA-75AB3025CE14 6D4E678
Loading driver 94734718-0BBC-47FB-96A5-EE7A5AE6A2AD
InstallProtocolInterface: 5B1B31A1-9562-11D2-8E3F-00A0C969723B 6DC8CC0
Loading driver at 0x00006D3F000 EntryPoint=0x00006D467AF Dhcp4Dxe.efi
InstallProtocolInterface: BC62157E-3E33-4FEC-9920-2D3B36D750DF 6DC8818
ProtectUefiImageCommon - 0x6DC8CC0
  - 0x0000000006D3F000 - 0x0000000000009E80
InstallProtocolInterface: 18A031AB-B443-4D1A-A5C0-0C09261E9F71 6D48C10
InstallProtocolInterface: 107A772C-D5E1-11D4-9A46-0090273FC14D 6D48BE0
InstallProtocolInterface: 6A7A5CFF-E8D9-4F70-BADA-75AB3025CE14 6D48BF8
Loading driver 9FB1A1F3-3B71-4324-B39A-745CBB015FFF
InstallProtocolInterface: 5B1B31A1-9562-11D2-8E3F-00A0C969723B 6DC83C0
Loading driver at 0x00006D17000 EntryPoint=0x00006D269D7 Ip4Dxe.efi
InstallProtocolInterface: BC62157E-3E33-4FEC-9920-2D3B36D750DF 6DC7018
ProtectUefiImageCommon - 0x6DC83C0
  - 0x0000000006D17000 - 0x0000000000013580
Select Item: 0x0
FW CFG Signature: 0x554D4551
Select Item: 0x1
FW CFG Revision: 0x3
QemuFwCfg interface (DMA) is supported.
Select Item: 0x19
InstallProtocolInterface: 18A031AB-B443-4D1A-A5C0-0C09261E9F71 6D2A300
InstallProtocolInterface: 107A772C-D5E1-11D4-9A46-0090273FC14D 6D2A2C0
InstallProtocolInterface: 6A7A5CFF-E8D9-4F70-BADA-75AB3025CE14 6D2A2D8
Loading driver 6D6963AB-906D-4A65-A7CA-BD40E5D6AF2B
InstallProtocolInterface: 5B1B31A1-9562-11D2-8E3F-00A0C969723B 6DC77C0
Loading driver at 0x00006D36000 EntryPoint=0x00006D3CB6E Udp4Dxe.efi
InstallProtocolInterface: BC62157E-3E33-4FEC-9920-2D3B36D750DF 6DC7198
ProtectUefiImageCommon - 0x6DC77C0
  - 0x0000000006D36000 - 0x0000000000008780
InstallProtocolInterface: 18A031AB-B443-4D1A-A5C0-0C09261E9F71 6D3E630
InstallProtocolInterface: 107A772C-D5E1-11D4-9A46-0090273FC14D 6D3E600
InstallProtocolInterface: 6A7A5CFF-E8D9-4F70-BADA-75AB3025CE14 6D3E618
Loading driver DC3641B8-2FA8-4ED3-BC1F-F9962A03454B
InstallProtocolInterface: 5B1B31A1-9562-11D2-8E3F-00A0C969723B 6DAF040
Loading driver at 0x00006D2D000 EntryPoint=0x00006D341E7 Mtftp4Dxe.efi
InstallProtocolInterface: BC62157E-3E33-4FEC-9920-2D3B36D750DF 6DAFE98
ProtectUefiImageCommon - 0x6DAF040
  - 0x0000000006D2D000 - 0x0000000000008D40
InstallProtocolInterface: 18A031AB-B443-4D1A-A5C0-0C09261E9F71 6D35BD0
InstallProtocolInterface: 107A772C-D5E1-11D4-9A46-0090273FC14D 6D35BA0
InstallProtocolInterface: 6A7A5CFF-E8D9-4F70-BADA-75AB3025CE14 6D35BB8
Loading driver 1A7E4468-2F55-4A56-903C-01265EB7622B
InstallProtocolInterface: 5B1B31A1-9562-11D2-8E3F-00A0C969723B 6DAF440
Loading driver at 0x00006CF5000 EntryPoint=0x00006D01A87 TcpDxe.efi
InstallProtocolInterface: BC62157E-3E33-4FEC-9920-2D3B36D750DF 6DAFA18
ProtectUefiImageCommon - 0x6DAF440
  - 0x0000000006CF5000 - 0x0000000000010C00
InstallProtocolInterface: 18A031AB-B443-4D1A-A5C0-0C09261E9F71 6D058A0
InstallProtocolInterface: 107A772C-D5E1-11D4-9A46-0090273FC14D 6D05998
InstallProtocolInterface: 6A7A5CFF-E8D9-4F70-BADA-75AB3025CE14 6D059B0
InstallProtocolInterface: 18A031AB-B443-4D1A-A5C0-0C09261E9F71 6D05920
InstallProtocolInterface: 107A772C-D5E1-11D4-9A46-0090273FC14D 6D05998
InstallProtocolInterface: 6A7A5CFF-E8D9-4F70-BADA-75AB3025CE14 6D059B0
Loading driver B95E9FDA-26DE-48D2-8807-1F9107AC5E3A
InstallProtocolInterface: 5B1B31A1-9562-11D2-8E3F-00A0C969723B 6D8B0C0
Loading driver at 0x00006CD1000 EntryPoint=0x00006CDF7EF UefiPxeBcDxe.efi
InstallProtocolInterface: BC62157E-3E33-4FEC-9920-2D3B36D750DF 6D8B898
ProtectUefiImageCommon - 0x6D8B0C0
  - 0x0000000006CD1000 - 0x0000000000011340
Select Item: 0x0
FW CFG Signature: 0x554D4551
Select Item: 0x1
FW CFG Revision: 0x3
QemuFwCfg interface (DMA) is supported.
Select Item: 0x19
Select Item: 0x19
InstallProtocolInterface: 18A031AB-B443-4D1A-A5C0-0C09261E9F71 6CE20F8
InstallProtocolInterface: 107A772C-D5E1-11D4-9A46-0090273FC14D 6CE20C8
InstallProtocolInterface: 6A7A5CFF-E8D9-4F70-BADA-75AB3025CE14 6CE20E0
InstallProtocolInterface: 18A031AB-B443-4D1A-A5C0-0C09261E9F71 6CE2128
InstallProtocolInterface: 107A772C-D5E1-11D4-9A46-0090273FC14D 6CE20C8
InstallProtocolInterface: 6A7A5CFF-E8D9-4F70-BADA-75AB3025CE14 6CE20E0
Loading driver 86CDDF93-4872-4597-8AF9-A35AE4D3725F
InstallProtocolInterface: 5B1B31A1-9562-11D2-8E3F-00A0C969723B 6D8AB40
Loading driver at 0x00006C97000 EntryPoint=0x00006CABD77 IScsiDxe.efi
InstallProtocolInterface: BC62157E-3E33-4FEC-9920-2D3B36D750DF 6D8AE98
ProtectUefiImageCommon - 0x6D8AB40
  - 0x0000000006C97000 - 0x000000000001CF40
InstallProtocolInterface: 18A031AB-B443-4D1A-A5C0-0C09261E9F71 6CB3CE0
InstallProtocolInterface: 107A772C-D5E1-11D4-9A46-0090273FC14D 6CB3C50
InstallProtocolInterface: 6A7A5CFF-E8D9-4F70-BADA-75AB3025CE14 6CB3C68
InstallProtocolInterface: 18A031AB-B443-4D1A-A5C0-0C09261E9F71 6CB3D10
InstallProtocolInterface: 107A772C-D5E1-11D4-9A46-0090273FC14D 6CB3C50
InstallProtocolInterface: 6A7A5CFF-E8D9-4F70-BADA-75AB3025CE14 6CB3C68
InstallProtocolInterface: 59324945-EC44-4C0D-B1CD-9DB139DF070C 6CB3CD0
InstallProtocolInterface: 09576E91-6D3F-11D2-8E39-00A0C969723B 6CB3DA0
InstallProtocolInterface: 330D4706-F2A0-4E4F-A369-B66FA8D54385 6D8A728
InstallProtocolInterface: 7671D9D0-53DB-4173-AA69-2327F21F0BC7 6CB3C40
Loading driver A92CDB4B-82F1-4E0B-A516-8A655D371524
InstallProtocolInterface: 5B1B31A1-9562-11D2-8E3F-00A0C969723B 6D872C0
Loading driver at 0x00006D07000 EntryPoint=0x00006D0AF44 VirtioNetDxe.efi
InstallProtocolInterface: BC62157E-3E33-4FEC-9920-2D3B36D750DF 6D87698
ProtectUefiImageCommon - 0x6D872C0
  - 0x0000000006D07000 - 0x0000000000005040
InstallProtocolInterface: 18A031AB-B443-4D1A-A5C0-0C09261E9F71 6D0BF60
InstallProtocolInterface: 107A772C-D5E1-11D4-9A46-0090273FC14D 6D0BF30
InstallProtocolInterface: 6A7A5CFF-E8D9-4F70-BADA-75AB3025CE14 6D0BF48
Loading driver 2FB92EFA-2EE0-4BAE-9EB6-7464125E1EF7
InstallProtocolInterface: 5B1B31A1-9562-11D2-8E3F-00A0C969723B 6D89CC0
Loading driver at 0x00006CE7000 EntryPoint=0x00006CEC438 UhciDxe.efi
InstallProtocolInterface: BC62157E-3E33-4FEC-9920-2D3B36D750DF 6D89A98
ProtectUefiImageCommon - 0x6D89CC0
  - 0x0000000006CE7000 - 0x0000000000006980
InstallProtocolInterface: 18A031AB-B443-4D1A-A5C0-0C09261E9F71 6CED8D0
InstallProtocolInterface: 107A772C-D5E1-11D4-9A46-0090273FC14D 6CED8A0
InstallProtocolInterface: 6A7A5CFF-E8D9-4F70-BADA-75AB3025CE14 6CED8B8
Loading driver BDFE430E-8F2A-4DB0-9991-6F856594777E
InstallProtocolInterface: 5B1B31A1-9562-11D2-8E3F-00A0C969723B 6D896C0
Loading driver at 0x00006CC1000 EntryPoint=0x00006CC7191 EhciDxe.efi
InstallProtocolInterface: BC62157E-3E33-4FEC-9920-2D3B36D750DF 6D89998
ProtectUefiImageCommon - 0x6D896C0
  - 0x0000000006CC1000 - 0x0000000000007F00
InstallProtocolInterface: 18A031AB-B443-4D1A-A5C0-0C09261E9F71 6CC8E30
InstallProtocolInterface: 107A772C-D5E1-11D4-9A46-0090273FC14D 6CC8E00
InstallProtocolInterface: 6A7A5CFF-E8D9-4F70-BADA-75AB3025CE14 6CC8E18
Loading driver B7F50E91-A759-412C-ADE4-DCD03E7F7C28
InstallProtocolInterface: 5B1B31A1-9562-11D2-8E3F-00A0C969723B 6D88040
Loading driver at 0x00006C8B000 EntryPoint=0x00006C943BE XhciDxe.efi
InstallProtocolInterface: BC62157E-3E33-4FEC-9920-2D3B36D750DF 6D88C98
ProtectUefiImageCommon - 0x6D88040
  - 0x0000000006C8B000 - 0x000000000000BFE0
InstallProtocolInterface: 18A031AB-B443-4D1A-A5C0-0C09261E9F71 6C96E90
InstallProtocolInterface: 107A772C-D5E1-11D4-9A46-0090273FC14D 6C96E60
InstallProtocolInterface: 6A7A5CFF-E8D9-4F70-BADA-75AB3025CE14 6C96E78
Loading driver 240612B7-A063-11D4-9A3A-0090273FC14D
InstallProtocolInterface: 5B1B31A1-9562-11D2-8E3F-00A0C969723B 6D885C0
Loading driver at 0x00006C82000 EntryPoint=0x00006C882F2 UsbBusDxe.efi
InstallProtocolInterface: BC62157E-3E33-4FEC-9920-2D3B36D750DF 6D88818
ProtectUefiImageCommon - 0x6D885C0
  - 0x0000000006C82000 - 0x00000000000088A0
InstallProtocolInterface: 18A031AB-B443-4D1A-A5C0-0C09261E9F71 6C8A700
InstallProtocolInterface: 107A772C-D5E1-11D4-9A46-0090273FC14D 6C8A6D0
InstallProtocolInterface: 6A7A5CFF-E8D9-4F70-BADA-75AB3025CE14 6C8A6E8
Loading driver 2D2E62CF-9ECF-43B7-8219-94E7FC713DFE
InstallProtocolInterface: 5B1B31A1-9562-11D2-8E3F-00A0C969723B 6D822C0
Loading driver at 0x00006CEF000 EntryPoint=0x00006CF34C3 UsbKbDxe.efi
InstallProtocolInterface: BC62157E-3E33-4FEC-9920-2D3B36D750DF 6D82C98
ProtectUefiImageCommon - 0x6D822C0
  - 0x0000000006CEF000 - 0x0000000000005E40
InstallProtocolInterface: 18A031AB-B443-4D1A-A5C0-0C09261E9F71 6CF4660
InstallProtocolInterface: 107A772C-D5E1-11D4-9A46-0090273FC14D 6CF4630
InstallProtocolInterface: 6A7A5CFF-E8D9-4F70-BADA-75AB3025CE14 6CF4648
Loading driver 9FB4B4A7-42C0-4BCD-8540-9BCC6711F83E
InstallProtocolInterface: 5B1B31A1-9562-11D2-8E3F-00A0C969723B 6D82540
Loading driver at 0x00006CCB000 EntryPoint=0x00006CCED40 UsbMassStorageDxe.efi
InstallProtocolInterface: BC62157E-3E33-4FEC-9920-2D3B36D750DF 6D82198
ProtectUefiImageCommon - 0x6D82540
  - 0x0000000006CCB000 - 0x0000000000005400
InstallProtocolInterface: 18A031AB-B443-4D1A-A5C0-0C09261E9F71 6CD0240
InstallProtocolInterface: 107A772C-D5E1-11D4-9A46-0090273FC14D 6CD02A0
InstallProtocolInterface: 6A7A5CFF-E8D9-4F70-BADA-75AB3025CE14 6CD02B8
Loading driver E3752948-B9A1-4770-90C4-DF41C38986BE
InstallProtocolInterface: 5B1B31A1-9562-11D2-8E3F-00A0C969723B 6D2C2C0
Loading driver at 0x00006C7B000 EntryPoint=0x00006C7F80D QemuVideoDxe.efi
InstallProtocolInterface: BC62157E-3E33-4FEC-9920-2D3B36D750DF 6D2CA98
ProtectUefiImageCommon - 0x6D2C2C0
  - 0x0000000006C7B000 - 0x00000000000067C0
InstallProtocolInterface: 18A031AB-B443-4D1A-A5C0-0C09261E9F71 6C81678
InstallProtocolInterface: 107A772C-D5E1-11D4-9A46-0090273FC14D 6C81648
InstallProtocolInterface: 6A7A5CFF-E8D9-4F70-BADA-75AB3025CE14 6C81660
Loading driver D6099B94-CD97-4CC5-8714-7F6312701A8A
InstallProtocolInterface: 5B1B31A1-9562-11D2-8E3F-00A0C969723B 6D2C540
Loading driver at 0x00006CBB000 EntryPoint=0x00006CBF77E VirtioGpuDxe.efi
InstallProtocolInterface: BC62157E-3E33-4FEC-9920-2D3B36D750DF 6D2BF98
ProtectUefiImageCommon - 0x6D2C540
  - 0x0000000006CBB000 - 0x0000000000005DE0
InstallProtocolInterface: 18A031AB-B443-4D1A-A5C0-0C09261E9F71 6CC0D30
InstallProtocolInterface: 6A7A5CFF-E8D9-4F70-BADA-75AB3025CE14 6CC06D0
Driver 6490F1C5-EBCC-4665-8892-0075B9BB49B7 was discovered but not loaded!!
[Bds] Entry...
[BdsDxe] Locate Variable Policy protocol - Success
Variable Driver Auto Update PlatformLang, PlatformLang:en, Lang:eng Status: Success
PlatformBootManagerBeforeConsole
Registered NotifyDevPath Event
PCI Bus First Scanning
PciBus: Discovered PCI @ [00|00|00]

PciBus: Discovered PCI @ [00|01|00]

PciBus: Discovered PCI @ [00|01|01]
   BAR[4]: Type =   Io32; Alignment = 0xF;	Length = 0x10;	Offset = 0x20

PciBus: Discovered PCI @ [00|01|03]

PciBus: Discovered PCI @ [00|02|00]
   BAR[0]: Type = PMem32; Alignment = 0xFFFFFF;	Length = 0x1000000;	Offset = 0x10
   BAR[2]: Type =  Mem32; Alignment = 0xFFF;	Length = 0x1000;	Offset = 0x18

PCI Bus Second Scanning
PciBus: Discovered PCI @ [00|00|00]

PciBus: Discovered PCI @ [00|01|00]

PciBus: Discovered PCI @ [00|01|01]
   BAR[4]: Type =   Io32; Alignment = 0xF;	Length = 0x10;	Offset = 0x20

PciBus: Discovered PCI @ [00|01|03]

PciBus: Discovered PCI @ [00|02|00]
   BAR[0]: Type = PMem32; Alignment = 0xFFFFFF;	Length = 0x1000000;	Offset = 0x10
   BAR[2]: Type =  Mem32; Alignment = 0xFFF;	Length = 0x1000;	Offset = 0x18

PciBus: Discovered PCI @ [00|00|00]

PciBus: Discovered PCI @ [00|01|00]

PciBus: Discovered PCI @ [00|01|01]
   BAR[4]: Type =   Io32; Alignment = 0xF;	Length = 0x10;	Offset = 0x20

PciBus: Discovered PCI @ [00|01|03]

PciBus: Discovered PCI @ [00|02|00]
   BAR[0]: Type = PMem32; Alignment = 0xFFFFFF;	Length = 0x1000000;	Offset = 0x10
   BAR[2]: Type =  Mem32; Alignment = 0xFFF;	Length = 0x1000;	Offset = 0x18

PciHostBridge: SubmitResources for PciRoot(0x0)
 I/O: Granularity/SpecificFlag = 0 / 01
      Length/Alignment = 0x1000 / 0xFFF
 Mem: Granularity/SpecificFlag = 32 / 00
      Length/Alignment = 0x1100000 / 0xFFFFFF
PciBus: HostBridge->SubmitResources() - Success
PciHostBridge: NotifyPhase (AllocateResources)
 RootBridge: PciRoot(0x0)
  Mem: Base/Length/Alignment = 80000000/1100000/FFFFFF - Success
  I/O: Base/Length/Alignment = C000/1000/FFF - Success
PciBus: HostBridge->NotifyPhase(AllocateResources) - Success
Process Option ROM: BAR Base/Length = 81000000/10000
PciBus: Resource Map for Root Bridge PciRoot(0x0)
Type =   Io16; Base = 0xC000;	Length = 0x1000;	Alignment = 0xFFF
   Base = 0xC000;	Length = 0x10;	Alignment = 0xF;	Owner = PCI [00|01|01:20]
Type =  Mem32; Base = 0x80000000;	Length = 0x1100000;	Alignment = 0xFFFFFF
   Base = 0x80000000;	Length = 0x1000000;	Alignment = 0xFFFFFF;	Owner = PCI [00|02|00:10]; Type = PMem32
   Base = 0x81000000;	Length = 0x10000;	Alignment = 0xFFFF;	Owner = PCI [00|00|00:00]; Type =  OpRom
   Base = 0x81010000;	Length = 0x1000;	Alignment = 0xFFF;	Owner = PCI [00|02|00:18]

InstallProtocolInterface: 09576E91-6D3F-11D2-8E39-00A0C969723B 6D2BC18
InstallProtocolInterface: 4CF5B200-68B8-4CA5-9EEC-B23E3F50029A 6D126A8
InstallProtocolInterface: 09576E91-6D3F-11D2-8E39-00A0C969723B 6D2BC98
InstallProtocolInterface: 4CF5B200-68B8-4CA5-9EEC-B23E3F50029A 6D11028
InstallProtocolInterface: 09576E91-6D3F-11D2-8E39-00A0C969723B 6D2BD18
InstallProtocolInterface: 4CF5B200-68B8-4CA5-9EEC-B23E3F50029A 6D11428
InstallProtocolInterface: 09576E91-6D3F-11D2-8E39-00A0C969723B 6D11E98
InstallProtocolInterface: 4CF5B200-68B8-4CA5-9EEC-B23E3F50029A 6D11828
InstallProtocolInterface: 09576E91-6D3F-11D2-8E39-00A0C969723B 6D11F18
InstallProtocolInterface: 4CF5B200-68B8-4CA5-9EEC-B23E3F50029A 6D10028
InstallProtocolInterface: 30CFE3E7-3DE1-4586-BE20-DEABA1B3B793 0
OnRootBridgesConnected: root bridges have been connected, installing ACPI tables
Select Item: 0x19
Select Item: 0x29
Select Item: 0x19
Select Item: 0x28
Select Item: 0x19
Select Item: 0x22
Select Item: 0x19
Select Item: 0x23
InstallProtocolInterface: 928939B2-4235-462F-9580-F6A2B2C21A4F 70EE540
PcRtc: Write 0x20 to CMOS location 0x32
[Variable]END_OF_DXE is signaled
Initialize variable error flag (FF)
AcpiS3ContextSave!
AcpiS3Context: AcpiFacsTable is 0x 7BDD000
AcpiS3Context: IdtrProfile is 0x 7B6A000
AcpiS3Context: S3NvsPageTableAddress is 0x       0
AcpiS3Context: S3DebugBufferAddress is 0x 7B60000
AcpiS3Context: BootScriptStackBase is 0x 7B61000
AcpiS3Context: BootScriptStackSize is 0x    8000
Found LPC Bridge device
BdsPlatform.c+709: COM1 DevPath: PciRoot(0x0)/Pci(0x1,0x0)/Serial(0x0)/Uart(115200,8,N,1)/VenMsg(E0C14753-F9BE-11D2-9A0C-0090273FC14D)
BdsPlatform.c+747: COM2 DevPath: PciRoot(0x0)/Pci(0x1,0x0)/Serial(0x1)/Uart(115200,8,N,1)/VenMsg(E0C14753-F9BE-11D2-9A0C-0090273FC14D)
Found PCI display device
QemuVideo: QEMU Standard VGA detected
QemuVideo: Using mmio bar @ 0x81010000
InstallProtocolInterface: 09576E91-6D3F-11D2-8E39-00A0C969723B 6D0F998
QemuVideoBochsModeSetup: AvailableFbSize=0x1000000
QemuVideoBochsEdid: blob found (extensions: 1)
QemuVideoBochsEdid: default resolution: 1024x768
Adding Bochs Internal Mode 0: 1024x768, 32-bit
Adding Bochs Internal Mode 1: 640x480, 32-bit
Adding Bochs Internal Mode 2: 800x480, 32-bit
Adding Bochs Internal Mode 3: 800x600, 32-bit
Adding Bochs Internal Mode 4: 832x624, 32-bit
Adding Bochs Internal Mode 5: 960x640, 32-bit
Adding Bochs Internal Mode 6: 1024x600, 32-bit
Adding Bochs Internal Mode 7: 1152x864, 32-bit
Adding Bochs Internal Mode 8: 1152x870, 32-bit
Adding Bochs Internal Mode 9: 1280x720, 32-bit
Adding Bochs Internal Mode 10: 1280x760, 32-bit
Adding Bochs Internal Mode 11: 1280x768, 32-bit
Adding Bochs Internal Mode 12: 1280x800, 32-bit
Adding Bochs Internal Mode 13: 1280x960, 32-bit
Adding Bochs Internal Mode 14: 1280x1024, 32-bit
Adding Bochs Internal Mode 15: 1360x768, 32-bit
Adding Bochs Internal Mode 16: 1366x768, 32-bit
Adding Bochs Internal Mode 17: 1400x1050, 32-bit
Adding Bochs Internal Mode 18: 1440x900, 32-bit
Adding Bochs Internal Mode 19: 1600x900, 32-bit
Adding Bochs Internal Mode 20: 1600x1200, 32-bit
Adding Bochs Internal Mode 21: 1680x1050, 32-bit
Adding Bochs Internal Mode 22: 1920x1080, 32-bit
Adding Bochs Internal Mode 23: 1920x1200, 32-bit
Adding Bochs Internal Mode 24: 1920x1440, 32-bit
Adding Bochs Internal Mode 25: 2000x2000, 32-bit
Adding Bochs Internal Mode 26: 2048x1536, 32-bit
Adding Bochs Internal Mode 27: 2048x2048, 32-bit
Adding Bochs Internal Mode 28: 2560x1440, 32-bit
Adding Bochs Internal Mode 29: 2560x1600, 32-bit
Skipping Bochs Mode 2560x2048, 32-bit (not enough vram)
Skipping Bochs Mode 2800x2100, 32-bit (not enough vram)
Skipping Bochs Mode 3200x2400, 32-bit (not enough vram)
Skipping Bochs Mode 3840x2160, 32-bit (not enough vram)
Skipping Bochs Mode 4096x2160, 32-bit (not enough vram)
Skipping Bochs Mode 7680x4320, 32-bit (not enough vram)
Skipping Bochs Mode 8192x4320, 32-bit (not enough vram)
InitializeBochsGraphicsMode: 1024x768 @ 32
PixelBlueGreenRedReserved8BitPerColor
FrameBufferBase: 0x80000000, FrameBufferSize: 0x300000
0: shl:0 shr:0 mask:FF0000
1: shl:0 shr:0 mask:FF00
2: shl:0 shr:0 mask:FF
Bytes per pixel: 4
0: shl:0 shr:0 mask:FF0000
1: shl:0 shr:0 mask:FF00
2: shl:0 shr:0 mask:FF
Bytes per pixel: 4
InstallProtocolInterface: 9042A9DE-23DC-4A38-96FB-7ADED080516A 6D0F138
InstallVbeShim: VBE shim installed
PixelBlueGreenRedReserved8BitPerColor
PixelBlueGreenRedReserved8BitPerColor
PixelBlueGreenRedReserved8BitPerColor
PixelBlueGreenRedReserved8BitPerColor
PixelBlueGreenRedReserved8BitPerColor
PixelBlueGreenRedReserved8BitPerColor
PixelBlueGreenRedReserved8BitPerColor
PixelBlueGreenRedReserved8BitPerColor
PixelBlueGreenRedReserved8BitPerColor
PixelBlueGreenRedReserved8BitPerColor
PixelBlueGreenRedReserved8BitPerColor
PixelBlueGreenRedReserved8BitPerColor
PixelBlueGreenRedReserved8BitPerColor
PixelBlueGreenRedReserved8BitPerColor
PixelBlueGreenRedReserved8BitPerColor
PixelBlueGreenRedReserved8BitPerColor
PixelBlueGreenRedReserved8BitPerColor
PixelBlueGreenRedReserved8BitPerColor
PixelBlueGreenRedReserved8BitPerColor
PixelBlueGreenRedReserved8BitPerColor
PixelBlueGreenRedReserved8BitPerColor
PixelBlueGreenRedReserved8BitPerColor
PixelBlueGreenRedReserved8BitPerColor
PixelBlueGreenRedReserved8BitPerColor
PixelBlueGreenRedReserved8BitPerColor
PixelBlueGreenRedReserved8BitPerColor
PixelBlueGreenRedReserved8BitPerColor
PixelBlueGreenRedReserved8BitPerColor
PixelBlueGreenRedReserved8BitPerColor
PixelBlueGreenRedReserved8BitPerColor
InstallProtocolInterface: 60FF8964-E906-41D0-AFED-F241E974E08E 0
InstallProtocolInterface: FA20568B-548B-4B2B-81EF-1BA08D4A3CEC 0
Found LPC Bridge device
BdsPlatform.c+709: COM1 DevPath: PciRoot(0x0)/Pci(0x1,0x0)/Serial(0x0)/Uart(115200,8,N,1)/VenMsg(E0C14753-F9BE-11D2-9A0C-0090273FC14D)
BdsPlatform.c+747: COM2 DevPath: PciRoot(0x0)/Pci(0x1,0x0)/Serial(0x1)/Uart(115200,8,N,1)/VenMsg(E0C14753-F9BE-11D2-9A0C-0090273FC14D)
Found PCI display device
Select Item: 0xE
[Bds]RegisterKeyNotify: 000C/0000 80000000/00 Success
[Bds]RegisterKeyNotify: 0017/0000 80000000/00 Success
[Bds]RegisterKeyNotify: 0000/000D 80000000/00 Success
InstallProtocolInterface: 864E1CA8-85EB-4D63-9DCC-6E0FC90FFD55 707B898
InstallProtocolInterface: 09576E91-6D3F-11D2-8E39-00A0C969723B 6CEE598
InstallProtocolInterface: 215FDD18-BD50-4FEB-890B-58CA0B4739E9 6CE3A38
InstallProtocolInterface: 09576E91-6D3F-11D2-8E39-00A0C969723B 6CE3898
InstallProtocolInterface: 215FDD18-BD50-4FEB-890B-58CA0B4739E9 6CEE4B8
InstallProtocolInterface: 09576E91-6D3F-11D2-8E39-00A0C969723B 6CE3398
InstallProtocolInterface: 215FDD18-BD50-4FEB-890B-58CA0B4739E9 6CE3638
ClockRate = 1843200
Divisor   = 1
BaudRate/Actual (115200/115200) = 100%
ClockRate = 1843200
Divisor   = 1
BaudRate/Actual (115200/115200) = 100%
InstallProtocolInterface: 09576E91-6D3F-11D2-8E39-00A0C969723B 6CE6B98
InstallProtocolInterface: BB25CF6F-F1D4-11D2-9A0C-0090273FC1FD 6CE3128
PciSioSerial: Create SIO child serial device - Success
ClockRate = 1843200
Divisor   = 1
BaudRate/Actual (115200/115200) = 100%
Terminal - Mode 0, Column = 80, Row = 25
Terminal - Mode 1, Column = 80, Row = 50
Terminal - Mode 2, Column = 100, Row = 31
ClockRate = 1843200
Divisor   = 1
BaudRate/Actual (115200/115200) = 100%
InstallProtocolInterface: 387477C1-69C7-11D2-8E39-00A0C969723B 6CE52C0
InstallProtocolInterface: DD9E7534-7762-4698-8C14-F58517A625AA 6CE53A8
InstallProtocolInterface: 387477C2-69C7-11D2-8E39-00A0C969723B 6CE52D8
InstallProtocolInterface: 09576E91-6D3F-11D2-8E39-00A0C969723B 6CE6498
InstallProtocolInterface: D3B36F2B-D551-11D4-9A46-0090273FC14D 0
InstallProtocolInterface: D3B36F2C-D551-11D4-9A46-0090273FC14D 0
InstallProtocolInterface: D3B36F2D-D551-11D4-9A46-0090273FC14D 0
PixelBlueGreenRedReserved8BitPerColor
GraphicsConsole video resolution 1024 x 768
Graphics - Mode 0, Column = 80, Row = 25
Graphics - Mode 1, Column = 0, Row = 0
Graphics - Mode 2, Column = 100, Row = 31
Graphics - Mode 3, Column = 128, Row = 40
Graphics Console Started, Mode: 3
InstallProtocolInterface: 387477C2-69C7-11D2-8E39-00A0C969723B 6CE43B0
InstallProtocolInterface: D3B36F2C-D551-11D4-9A46-0090273FC14D 0
PixelBlueGreenRedReserved8BitPerColor
PixelBlueGreenRedReserved8BitPerColor
PixelBlueGreenRedReserved8BitPerColor
PixelBlueGreenRedReserved8BitPerColor
PixelBlueGreenRedReserved8BitPerColor
PixelBlueGreenRedReserved8BitPerColor
PixelBlueGreenRedReserved8BitPerColor
PixelBlueGreenRedReserved8BitPerColor
PixelBlueGreenRedReserved8BitPerColor
PixelBlueGreenRedReserved8BitPerColor
PixelBlueGreenRedReserved8BitPerColor
PixelBlueGreenRedReserved8BitPerColor
PixelBlueGreenRedReserved8BitPerColor
PixelBlueGreenRedReserved8BitPerColor
PixelBlueGreenRedReserved8BitPerColor
PixelBlueGreenRedReserved8BitPerColor
PixelBlueGreenRedReserved8BitPerColor
PixelBlueGreenRedReserved8BitPerColor
PixelBlueGreenRedReserved8BitPerColor
PixelBlueGreenRedReserved8BitPerColor
PixelBlueGreenRedReserved8BitPerColor
PixelBlueGreenRedReserved8BitPerColor
PixelBlueGreenRedReserved8BitPerColor
PixelBlueGreenRedReserved8BitPerColor
PixelBlueGreenRedReserved8BitPerColor
PixelBlueGreenRedReserved8BitPerColor
PixelBlueGreenRedReserved8BitPerColor
PixelBlueGreenRedReserved8BitPerColor
PixelBlueGreenRedReserved8BitPerColor
PixelBlueGreenRedReserved8BitPerColor
InstallProtocolInterface: 9042A9DE-23DC-4A38-96FB-7ADED080516A 6DF0CE8
ClockRate = 1843200
Divisor   = 1
BaudRate/Actual (115200/115200) = 100%
PciSioSerial: Create SIO child serial device - Device Error
InstallProtocolInterface: 387477C1-69C7-11D2-8E39-00A0C969723B 6CB5028
InstallProtocolInterface: DD9E7534-7762-4698-8C14-F58517A625AA 6CB5040
InstallProtocolInterface: D3B36F2B-D551-11D4-9A46-0090273FC14D 0
ClockRate = 1843200
Divisor   = 1
BaudRate/Actual (115200/115200) = 100%
PciSioSerial: Create SIO child serial device - Device Error
ClockRate = 1843200
Divisor   = 1
BaudRate/Actual (115200/115200) = 100%
PciSioSerial: Create SIO child serial device - Device Error
PlatformBootManagerAfterConsole
PlatformBdsPolicyBehavior: not restoring NvVars from disk since flash variables appear to be supported.
Boot Mode:0
Select Item: 0x19
PlatformBdsConnectSequence
Select Item: 0x19
EfiBootManagerConnectAll
ClockRate = 1843200
Divisor   = 1
BaudRate/Actual (115200/115200) = 100%
PciSioSerial: Create SIO child serial device - Device Error
SataControllerStart START
InstallProtocolInterface: A1E37052-80D9-4E65-A317-3E9A55C43EC9 6C61B20
SataControllerStart END status = Success
==AtaAtapiPassThru Start== Controller = 6D11C18
[primary  ] channel [master] [harddisk] device
Enabled S.M.A.R.T feature at [primary] channel [master] device!
CalculateBestPioMode: AdvancedPioMode = 3
IdeInitCalculateMode: PioMode = 4
CalculateBestUdmaMode: DeviceUDmaMode = 203F
IdeInitCalculateMode: UdmaMode = 5
[secondary] channel [master] [cdrom   ] device
CalculateBestPioMode: AdvancedPioMode = 3
IdeInitCalculateMode: PioMode = 3
CalculateBestUdmaMode: DeviceUDmaMode = 203F
IdeInitCalculateMode: UdmaMode = 5
InstallProtocolInterface: 1D3DE7F0-0807-424F-AA69-11A54E19A46F 6CB45C0
InstallProtocolInterface: 143B7632-B81B-4CB7-ABD3-B625A5B9BFFE 6CB4610
InstallProtocolInterface: 19DF145A-B1D4-453F-8507-38816676D7F6 6C5FF18
AtaBus - Identify Device: Port 0 PortMultiplierPort 0
InstallProtocolInterface: 09576E91-6D3F-11D2-8E39-00A0C969723B 6C5FB98
InstallProtocolInterface: 964E5B21-6459-11D2-8E39-00A0C969723B 6C5F0A8
InstallProtocolInterface: A77B2472-E282-4E9F-A245-C2C0E27BBCC1 6C5F0D8
InstallProtocolInterface: D432A67F-14DC-484B-B3BB-3F0291849327 6C5F130
Found TCG support in Port 0 PortMultiplierPort 0
InstallProtocolInterface: C88B0B6D-0DFC-49A7-9CB4-49074B4C3A78 6C5F168
Successfully Install Storage Security Protocol on the ATA device
InstallProtocolInterface: 0167CCC4-D0F7-4F21-A3EF-9E64B7CDCE8B 6C5CF20
InstallProtocolInterface: 09576E91-6D3F-11D2-8E39-00A0C969723B 6C5CB98
InstallProtocolInterface: 932F47E6-2362-4002-803E-3CD54B138F85 6C5CC28
InstallProtocolInterface: 964E5B21-6459-11D2-8E39-00A0C969723B 6C5C438
InstallProtocolInterface: A77B2472-E282-4E9F-A245-C2C0E27BBCC1 6C5C468
InstallProtocolInterface: D432A67F-14DC-484B-B3BB-3F0291849327 6C5C560
InstallProtocolInterface: CE345171-BA0B-11D2-8E4F-00A0C969723B 6C5BCA0
InstallProtocolInterface: 151C8EAE-7F2C-472C-9E54-9828194F6A88 6C5BCB8
 BlockSize : 2048 
 LastBlock : 0 
FatOpenDevice: read of part_lba failed No Media
InstallProtocolInterface: CE345171-BA0B-11D2-8E4F-00A0C969723B 6C5B2A0
InstallProtocolInterface: 151C8EAE-7F2C-472C-9E54-9828194F6A88 6C5B2B8
 BlockSize : 512 
 LastBlock : FBFFF 
InstallProtocolInterface: 09576E91-6D3F-11D2-8E39-00A0C969723B 6C5C318
InstallProtocolInterface: 964E5B21-6459-11D2-8E39-00A0C969723B 6C5AA30
InstallProtocolInterface: A77B2472-E282-4E9F-A245-C2C0E27BBCC1 6C5AA60
InstallProtocolInterface: 8CF2F62C-BC9B-4821-808D-EC9EC421A1A0 6C5AAE8
InstallProtocolInterface: CE345171-BA0B-11D2-8E4F-00A0C969723B 6C5AD20
InstallProtocolInterface: 151C8EAE-7F2C-472C-9E54-9828194F6A88 6C5AD38
 BlockSize : 512 
 LastBlock : FBFC0 
InstallProtocolInterface: 964E5B22-6459-11D2-8E39-00A0C969723B 6C58030
Installed Fat filesystem on 6C5A298
ClockRate = 1843200
Divisor   = 1
BaudRate/Actual (115200/115200) = 100%
PciSioSerial: Create SIO child serial device - Device Error
SataControllerStart START
SataControllerStart error return status = Already started
 BlockSize : 2048 
 LastBlock : 0 
FatOpenDevice: read of part_lba failed No Media
 BlockSize : 512 
 LastBlock : FBFFF 
ClockRate = 1843200
Divisor   = 1
BaudRate/Actual (115200/115200) = 100%
PciSioSerial: Create SIO child serial device - Device Error
Select Item: 0x19
[Bds]OsIndication: 0000000000000000
[Bds]=============Begin Load Options Dumping ...=============
  Driver Options:
  SysPrep Options:
  Boot Options:
    Boot0000: UiApp 		 0x0109
    Boot0001: UEFI QEMU DVD-ROM QM00003  		 0x0001
    Boot0002: UEFI QEMU HARDDISK QM00001  		 0x0001
    Boot0003: EFI Internal Shell 		 0x0001
  PlatformRecovery Options:
    PlatformRecovery0000: Default PlatformRecovery 		 0x0001
[Bds]=============End Load Options Dumping=============
[Bds]BdsWait ...Zzzzzzzzzzzz...
[Bds]Exit the waiting!
[Bds]Stop Hotkey Service!
[Bds]UnregisterKeyNotify: 000C/0000 Success
[Bds]UnregisterKeyNotify: 0017/0000 Success
[Bds]UnregisterKeyNotify: 0000/000D Success
Memory  Previous  Current    Next   
 Type    Pages     Pages     Pages  
======  ========  ========  ========
  0A    00000080  00000022  00000080
  09    00000012  00000009  00000012
  00    00000080  00000029  00000080
  05    00000100  00000043  00000100
  06    00000100  00000094  00000100
[Bds]Booting UEFI QEMU DVD-ROM QM00003 
FatOpenDevice: read of part_lba failed No Media
 BlockSize : 2048 
 LastBlock : 0 
FatOpenDevice: read of part_lba failed No Media
[Bds] Expand PciRoot(0x0)/Pci(0x1,0x1)/Ata(Secondary,Master,0x0) -> <null string>
Memory  Previous  Current    Next   
 Type    Pages     Pages     Pages  
======  ========  ========  ========
  0A    00000080  00000022  00000080
  09    00000012  00000009  00000012
  00    00000080  00000029  00000080
  05    00000100  00000043  00000100
  06    00000100  00000094  00000100
[Bds]Booting UEFI QEMU HARDDISK QM00001 
 BlockSize : 512 
 LastBlock : FBFFF 
 BlockSize : 512 
 LastBlock : FBFFF 
[Bds] Expand PciRoot(0x0)/Pci(0x1,0x1)/Ata(Primary,Master,0x0) -> <null string>
Memory  Previous  Current    Next   
 Type    Pages     Pages     Pages  
======  ========  ========  ========
  0A    00000080  00000022  00000080
  09    00000012  00000009  00000012
  00    00000080  00000029  00000080
  05    00000100  00000043  00000100
  06    00000100  00000094  00000100
[Bds]Booting EFI Internal Shell
[Bds] Expand Fv(7CB8BDC9-F8EB-4F34-AAEA-3EE4AF6516A1)/FvFile(7C04A583-9E3E-4F1C-AD65-E05268D0B4D1) -> Fv(7CB8BDC9-F8EB-4F34-AAEA-3EE4AF6516A1)/FvFile(7C04A583-9E3E-4F1C-AD65-E05268D0B4D1)
InstallProtocolInterface: 5B1B31A1-9562-11D2-8E3F-00A0C969723B 668B840
Loading driver at 0x000064D3000 EntryPoint=0x0000652FC81 Shell.efi
InstallProtocolInterface: BC62157E-3E33-4FEC-9920-2D3B36D750DF 6C57818
ProtectUefiImageCommon - 0x668B840
  - 0x00000000064D3000 - 0x00000000000DB4A0
InstallProtocolInterface: 387477C2-69C7-11D2-8E39-00A0C969723B 6688320
InstallProtocolInterface: 752F3136-4E16-4FDC-A22A-E5F46812F4CA 6687E18
InstallProtocolInterface: 6302D008-7F9B-4F30-87AC-60C9FEF5DA4E 65AA4A8
FSOpen: Open '\' Success
FSOpen: Open '.' Success
FSOpen: Open '.' Success
FSOpen: Open '.' Success
FSOpen: Open '\Example1_Driver_Lockbox.efi' Success
FSOpen: Open '\Example1_Driver_Lockbox.efi' Success
FSOpen: Open '\Example1_Driver_Lockbox.efi' Success
FSOpen: Open '\Example1_Driver_Lockbox.efi' Success
[Security] 3rd party image[0] can be loaded after EndOfDxe: PciRoot(0x0)/Pci(0x1,0x1)/Ata(Primary,Master,0x0)/HD(1,MBR,0xBE1AFDFA,0x3F,0xFBFC1)/\Example1_Driver_Lockbox.efi.
InstallProtocolInterface: 5B1B31A1-9562-11D2-8E3F-00A0C969723B 664D040
Loading driver at 0x00006630000 EntryPoint=0x000066316DE Example1_Driver_Lockbox.efi
InstallProtocolInterface: BC62157E-3E33-4FEC-9920-2D3B36D750DF 664EC98
ProtectUefiImageCommon - 0x664D040
  - 0x0000000006630000 - 0x0000000000002240
FSOpen: Open '\' Success
FSOpen: Open '.' Success
FSOpen: Open '\Example1_App.efi' Success
FSOpen: Open '\Example1_App.efi' Success
FSOpen: Open '\Example1_App.efi' Success
FSOpen: Open '\Example1_App.efi' Success
[Security] 3rd party image[0] can be loaded after EndOfDxe: PciRoot(0x0)/Pci(0x1,0x1)/Ata(Primary,Master,0x0)/HD(1,MBR,0xBE1AFDFA,0x3F,0xFBFC1)/\Example1_App.efi.
InstallProtocolInterface: 5B1B31A1-9562-11D2-8E3F-00A0C969723B 664D240
Loading driver at 0x0000662E000 EntryPoint=0x0000662FB1D Example1_App.efi
InstallProtocolInterface: BC62157E-3E33-4FEC-9920-2D3B36D750DF 664DC98
ProtectUefiImageCommon - 0x664D240
  - 0x000000000662E000 - 0x0000000000003660
InstallProtocolInterface: 752F3136-4E16-4FDC-A22A-E5F46812F4CA 7E8F700
Example1_Driver_Lockbox Set Lockpin(12341234)
